{"/Users/enolrh/Desktop/Universidad/5/TFG/WodBuster AI/backend/controllers/analisisVideoController.js": {"path":"/Users/enolrh/Desktop/Universidad/5/TFG/WodBuster AI/backend/controllers/analisisVideoController.js","statementMap":{"0":{"start":{"line":1,"column":22},"end":{"line":1,"column":56}},"1":{"start":{"line":2,"column":13},"end":{"line":2,"column":38}},"2":{"start":{"line":3,"column":37},"end":{"line":3,"column":70}},"3":{"start":{"line":4,"column":42},"end":{"line":4,"column":80}},"4":{"start":{"line":9,"column":0},"end":{"line":175,"column":2}},"5":{"start":{"line":10,"column":2},"end":{"line":174,"column":3}},"6":{"start":{"line":11,"column":76},"end":{"line":11,"column":84}},"7":{"start":{"line":12,"column":22},"end":{"line":12,"column":30}},"8":{"start":{"line":13,"column":19},"end":{"line":13,"column":30}},"9":{"start":{"line":16,"column":4},"end":{"line":18,"column":5}},"10":{"start":{"line":17,"column":6},"end":{"line":17,"column":79}},"11":{"start":{"line":21,"column":30},"end":{"line":21,"column":116}},"12":{"start":{"line":22,"column":4},"end":{"line":24,"column":5}},"13":{"start":{"line":23,"column":6},"end":{"line":23,"column":70}},"14":{"start":{"line":29,"column":4},"end":{"line":36,"column":5}},"15":{"start":{"line":30,"column":6},"end":{"line":30,"column":79}},"16":{"start":{"line":30,"column":29},"end":{"line":30,"column":79}},"17":{"start":{"line":31,"column":6},"end":{"line":31,"column":50}},"18":{"start":{"line":31,"column":18},"end":{"line":31,"column":50}},"19":{"start":{"line":32,"column":6},"end":{"line":32,"column":67}},"20":{"start":{"line":32,"column":23},"end":{"line":32,"column":67}},"21":{"start":{"line":33,"column":6},"end":{"line":33,"column":58}},"22":{"start":{"line":33,"column":20},"end":{"line":33,"column":58}},"23":{"start":{"line":35,"column":6},"end":{"line":35,"column":86}},"24":{"start":{"line":38,"column":4},"end":{"line":40,"column":5}},"25":{"start":{"line":39,"column":6},"end":{"line":39,"column":90}},"26":{"start":{"line":43,"column":23},"end":{"line":48,"column":5}},"27":{"start":{"line":50,"column":4},"end":{"line":57,"column":5}},"28":{"start":{"line":51,"column":6},"end":{"line":56,"column":9}},"29":{"start":{"line":60,"column":17},"end":{"line":60,"column":68}},"30":{"start":{"line":61,"column":26},"end":{"line":61,"column":57}},"31":{"start":{"line":64,"column":4},"end":{"line":64,"column":55}},"32":{"start":{"line":65,"column":4},"end":{"line":65,"column":47}},"33":{"start":{"line":66,"column":4},"end":{"line":66,"column":46}},"34":{"start":{"line":67,"column":4},"end":{"line":67,"column":23}},"35":{"start":{"line":69,"column":27},"end":{"line":69,"column":29}},"36":{"start":{"line":70,"column":23},"end":{"line":70,"column":24}},"37":{"start":{"line":71,"column":16},"end":{"line":71,"column":21}},"38":{"start":{"line":72,"column":22},"end":{"line":72,"column":26}},"39":{"start":{"line":73,"column":25},"end":{"line":73,"column":29}},"40":{"start":{"line":74,"column":23},"end":{"line":74,"column":28}},"41":{"start":{"line":77,"column":34},"end":{"line":77,"column":119}},"42":{"start":{"line":79,"column":4},"end":{"line":117,"column":5}},"43":{"start":{"line":80,"column":6},"end":{"line":111,"column":7}},"44":{"start":{"line":82,"column":24},"end":{"line":85,"column":9}},"45":{"start":{"line":83,"column":10},"end":{"line":83,"column":36}},"46":{"start":{"line":84,"column":10},"end":{"line":84,"column":86}},"47":{"start":{"line":87,"column":28},"end":{"line":94,"column":9}},"48":{"start":{"line":96,"column":8},"end":{"line":104,"column":9}},"49":{"start":{"line":97,"column":10},"end":{"line":97,"column":50}},"50":{"start":{"line":98,"column":10},"end":{"line":98,"column":43}},"51":{"start":{"line":99,"column":10},"end":{"line":99,"column":48}},"52":{"start":{"line":100,"column":10},"end":{"line":100,"column":55}},"53":{"start":{"line":101,"column":10},"end":{"line":101,"column":23}},"54":{"start":{"line":103,"column":10},"end":{"line":103,"column":50}},"55":{"start":{"line":106,"column":8},"end":{"line":110,"column":10}},"56":{"start":{"line":113,"column":6},"end":{"line":116,"column":8}},"57":{"start":{"line":120,"column":26},"end":{"line":123,"column":5}},"58":{"start":{"line":126,"column":21},"end":{"line":135,"column":6}},"59":{"start":{"line":137,"column":4},"end":{"line":137,"column":26}},"60":{"start":{"line":140,"column":4},"end":{"line":155,"column":14}},"61":{"start":{"line":157,"column":4},"end":{"line":157,"column":14}},"62":{"start":{"line":161,"column":4},"end":{"line":173,"column":5}},"63":{"start":{"line":162,"column":6},"end":{"line":166,"column":16}},"64":{"start":{"line":167,"column":6},"end":{"line":167,"column":16}},"65":{"start":{"line":169,"column":6},"end":{"line":172,"column":9}}},"fnMap":{"0":{"name":"(anonymous_0)","decl":{"start":{"line":9,"column":24},"end":{"line":9,"column":25}},"loc":{"start":{"line":9,"column":44},"end":{"line":175,"column":1}},"line":9},"1":{"name":"(anonymous_1)","decl":{"start":{"line":82,"column":24},"end":{"line":82,"column":25}},"loc":{"start":{"line":82,"column":35},"end":{"line":85,"column":9}},"line":82}},"branchMap":{"0":{"loc":{"start":{"line":16,"column":4},"end":{"line":18,"column":5}},"type":"if","locations":[{"start":{"line":16,"column":4},"end":{"line":18,"column":5}},{"start":{},"end":{}}],"line":16},"1":{"loc":{"start":{"line":22,"column":4},"end":{"line":24,"column":5}},"type":"if","locations":[{"start":{"line":22,"column":4},"end":{"line":24,"column":5}},{"start":{},"end":{}}],"line":22},"2":{"loc":{"start":{"line":22,"column":8},"end":{"line":22,"column":60}},"type":"binary-expr","locations":[{"start":{"line":22,"column":8},"end":{"line":22,"column":18}},{"start":{"line":22,"column":22},"end":{"line":22,"column":60}}],"line":22},"3":{"loc":{"start":{"line":30,"column":6},"end":{"line":30,"column":79}},"type":"if","locations":[{"start":{"line":30,"column":6},"end":{"line":30,"column":79}},{"start":{},"end":{}}],"line":30},"4":{"loc":{"start":{"line":31,"column":6},"end":{"line":31,"column":50}},"type":"if","locations":[{"start":{"line":31,"column":6},"end":{"line":31,"column":50}},{"start":{},"end":{}}],"line":31},"5":{"loc":{"start":{"line":32,"column":6},"end":{"line":32,"column":67}},"type":"if","locations":[{"start":{"line":32,"column":6},"end":{"line":32,"column":67}},{"start":{},"end":{}}],"line":32},"6":{"loc":{"start":{"line":33,"column":6},"end":{"line":33,"column":58}},"type":"if","locations":[{"start":{"line":33,"column":6},"end":{"line":33,"column":58}},{"start":{},"end":{}}],"line":33},"7":{"loc":{"start":{"line":38,"column":4},"end":{"line":40,"column":5}},"type":"if","locations":[{"start":{"line":38,"column":4},"end":{"line":40,"column":5}},{"start":{},"end":{}}],"line":38},"8":{"loc":{"start":{"line":50,"column":4},"end":{"line":57,"column":5}},"type":"if","locations":[{"start":{"line":50,"column":4},"end":{"line":57,"column":5}},{"start":{},"end":{}}],"line":50},"9":{"loc":{"start":{"line":61,"column":26},"end":{"line":61,"column":57}},"type":"binary-expr","locations":[{"start":{"line":61,"column":26},"end":{"line":61,"column":45}},{"start":{"line":61,"column":49},"end":{"line":61,"column":57}}],"line":61},"10":{"loc":{"start":{"line":77,"column":34},"end":{"line":77,"column":119}},"type":"cond-expr","locations":[{"start":{"line":77,"column":67},"end":{"line":77,"column":98}},{"start":{"line":77,"column":102},"end":{"line":77,"column":119}}],"line":77},"11":{"loc":{"start":{"line":77,"column":67},"end":{"line":77,"column":98}},"type":"binary-expr","locations":[{"start":{"line":77,"column":67},"end":{"line":77,"column":77}},{"start":{"line":77,"column":81},"end":{"line":77,"column":98}}],"line":77},"12":{"loc":{"start":{"line":79,"column":4},"end":{"line":117,"column":5}},"type":"if","locations":[{"start":{"line":79,"column":4},"end":{"line":117,"column":5}},{"start":{"line":112,"column":11},"end":{"line":117,"column":5}}],"line":79},"13":{"loc":{"start":{"line":79,"column":8},"end":{"line":79,"column":94}},"type":"binary-expr","locations":[{"start":{"line":79,"column":8},"end":{"line":79,"column":29}},{"start":{"line":79,"column":34},"end":{"line":79,"column":63}},{"start":{"line":79,"column":67},"end":{"line":79,"column":93}}],"line":79},"14":{"loc":{"start":{"line":96,"column":8},"end":{"line":104,"column":9}},"type":"if","locations":[{"start":{"line":96,"column":8},"end":{"line":104,"column":9}},{"start":{"line":102,"column":15},"end":{"line":104,"column":9}}],"line":96},"15":{"loc":{"start":{"line":100,"column":25},"end":{"line":100,"column":54}},"type":"binary-expr","locations":[{"start":{"line":100,"column":25},"end":{"line":100,"column":45}},{"start":{"line":100,"column":49},"end":{"line":100,"column":54}}],"line":100},"16":{"loc":{"start":{"line":106,"column":27},"end":{"line":110,"column":9}},"type":"binary-expr","locations":[{"start":{"line":106,"column":27},"end":{"line":106,"column":53}},{"start":{"line":106,"column":57},"end":{"line":110,"column":9}}],"line":106},"17":{"loc":{"start":{"line":113,"column":25},"end":{"line":116,"column":7}},"type":"binary-expr","locations":[{"start":{"line":113,"column":25},"end":{"line":113,"column":51}},{"start":{"line":113,"column":55},"end":{"line":116,"column":7}}],"line":113},"18":{"loc":{"start":{"line":120,"column":26},"end":{"line":123,"column":5}},"type":"binary-expr","locations":[{"start":{"line":120,"column":26},"end":{"line":120,"column":42}},{"start":{"line":120,"column":46},"end":{"line":123,"column":5}}],"line":120},"19":{"loc":{"start":{"line":131,"column":15},"end":{"line":131,"column":46}},"type":"binary-expr","locations":[{"start":{"line":131,"column":15},"end":{"line":131,"column":40}},{"start":{"line":131,"column":44},"end":{"line":131,"column":46}}],"line":131},"20":{"loc":{"start":{"line":132,"column":22},"end":{"line":132,"column":110}},"type":"cond-expr","locations":[{"start":{"line":132,"column":71},"end":{"line":132,"column":103}},{"start":{"line":132,"column":106},"end":{"line":132,"column":110}}],"line":132},"21":{"loc":{"start":{"line":134,"column":19},"end":{"line":134,"column":54}},"type":"binary-expr","locations":[{"start":{"line":134,"column":19},"end":{"line":134,"column":48}},{"start":{"line":134,"column":52},"end":{"line":134,"column":54}}],"line":134},"22":{"loc":{"start":{"line":161,"column":4},"end":{"line":173,"column":5}},"type":"if","locations":[{"start":{"line":161,"column":4},"end":{"line":173,"column":5}},{"start":{"line":168,"column":11},"end":{"line":173,"column":5}}],"line":161}},"s":{"0":2,"1":2,"2":2,"3":2,"4":2,"5":8,"6":8,"7":8,"8":8,"9":8,"10":1,"11":7,"12":7,"13":1,"14":6,"15":6,"16":5,"17":5,"18":2,"19":5,"20":5,"21":5,"22":4,"23":1,"24":5,"25":1,"26":4,"27":4,"28":1,"29":3,"30":3,"31":3,"32":3,"33":3,"34":3,"35":3,"36":3,"37":3,"38":3,"39":3,"40":3,"41":3,"42":3,"43":2,"44":2,"45":3,"46":3,"47":2,"48":2,"49":2,"50":2,"51":2,"52":2,"53":2,"54":0,"55":0,"56":1,"57":3,"58":3,"59":3,"60":2,"61":2,"62":1,"63":1,"64":1,"65":0},"f":{"0":8,"1":3},"b":{"0":[1,7],"1":[1,6],"2":[7,7],"3":[5,1],"4":[2,3],"5":[5,0],"6":[4,1],"7":[1,4],"8":[1,3],"9":[3,0],"10":[0,3],"11":[0,0],"12":[2,1],"13":[3,3,1],"14":[2,0],"15":[2,2],"16":[0,0],"17":[1,0],"18":[3,0],"19":[3,0],"20":[0,3],"21":[3,3],"22":[1,0]},"_coverageSchema":"1a1c01bbd47fc00a2c39e90264f33305004495a9","hash":"9c241299d0fcc7933ad0e9f8e8306c1b47efcc99"}
,"/Users/enolrh/Desktop/Universidad/5/TFG/WodBuster AI/backend/controllers/authController.js": {"path":"/Users/enolrh/Desktop/Universidad/5/TFG/WodBuster AI/backend/controllers/authController.js","statementMap":{"0":{"start":{"line":1,"column":15},"end":{"line":1,"column":32}},"1":{"start":{"line":2,"column":12},"end":{"line":2,"column":35}},"2":{"start":{"line":3,"column":13},"end":{"line":3,"column":38}},"3":{"start":{"line":4,"column":62},"end":{"line":4,"column":100}},"4":{"start":{"line":11,"column":15},"end":{"line":60,"column":1}},"5":{"start":{"line":12,"column":2},"end":{"line":59,"column":3}},"6":{"start":{"line":13,"column":68},"end":{"line":13,"column":76}},"7":{"start":{"line":16,"column":4},"end":{"line":18,"column":5}},"8":{"start":{"line":17,"column":6},"end":{"line":17,"column":65}},"9":{"start":{"line":20,"column":4},"end":{"line":22,"column":5}},"10":{"start":{"line":21,"column":6},"end":{"line":21,"column":68}},"11":{"start":{"line":24,"column":4},"end":{"line":26,"column":5}},"12":{"start":{"line":25,"column":6},"end":{"line":25,"column":70}},"13":{"start":{"line":29,"column":24},"end":{"line":29,"column":53}},"14":{"start":{"line":30,"column":4},"end":{"line":32,"column":5}},"15":{"start":{"line":31,"column":6},"end":{"line":31,"column":70}},"16":{"start":{"line":34,"column":27},"end":{"line":34,"column":59}},"17":{"start":{"line":35,"column":4},"end":{"line":37,"column":5}},"18":{"start":{"line":36,"column":6},"end":{"line":36,"column":73}},"19":{"start":{"line":40,"column":27},"end":{"line":40,"column":58}},"20":{"start":{"line":43,"column":20},"end":{"line":51,"column":6}},"21":{"start":{"line":53,"column":4},"end":{"line":53,"column":25}},"22":{"start":{"line":55,"column":4},"end":{"line":55,"column":66}},"23":{"start":{"line":58,"column":4},"end":{"line":58,"column":60}},"24":{"start":{"line":67,"column":14},"end":{"line":118,"column":1}},"25":{"start":{"line":68,"column":2},"end":{"line":117,"column":3}},"26":{"start":{"line":69,"column":35},"end":{"line":69,"column":43}},"27":{"start":{"line":72,"column":4},"end":{"line":75,"column":5}},"28":{"start":{"line":74,"column":6},"end":{"line":74,"column":83}},"29":{"start":{"line":78,"column":17},"end":{"line":78,"column":49}},"30":{"start":{"line":79,"column":4},"end":{"line":82,"column":5}},"31":{"start":{"line":81,"column":6},"end":{"line":81,"column":83}},"32":{"start":{"line":85,"column":20},"end":{"line":85,"column":65}},"33":{"start":{"line":86,"column":4},"end":{"line":89,"column":5}},"34":{"start":{"line":88,"column":6},"end":{"line":88,"column":83}},"35":{"start":{"line":94,"column":18},"end":{"line":98,"column":5}},"36":{"start":{"line":101,"column":4},"end":{"line":113,"column":7}},"37":{"start":{"line":116,"column":4},"end":{"line":116,"column":60}},"38":{"start":{"line":120,"column":0},"end":{"line":123,"column":2}}},"fnMap":{"0":{"name":"(anonymous_0)","decl":{"start":{"line":11,"column":15},"end":{"line":11,"column":16}},"loc":{"start":{"line":11,"column":35},"end":{"line":60,"column":1}},"line":11},"1":{"name":"(anonymous_1)","decl":{"start":{"line":67,"column":14},"end":{"line":67,"column":15}},"loc":{"start":{"line":67,"column":34},"end":{"line":118,"column":1}},"line":67}},"branchMap":{"0":{"loc":{"start":{"line":16,"column":4},"end":{"line":18,"column":5}},"type":"if","locations":[{"start":{"line":16,"column":4},"end":{"line":18,"column":5}},{"start":{},"end":{}}],"line":16},"1":{"loc":{"start":{"line":20,"column":4},"end":{"line":22,"column":5}},"type":"if","locations":[{"start":{"line":20,"column":4},"end":{"line":22,"column":5}},{"start":{},"end":{}}],"line":20},"2":{"loc":{"start":{"line":24,"column":4},"end":{"line":26,"column":5}},"type":"if","locations":[{"start":{"line":24,"column":4},"end":{"line":26,"column":5}},{"start":{},"end":{}}],"line":24},"3":{"loc":{"start":{"line":30,"column":4},"end":{"line":32,"column":5}},"type":"if","locations":[{"start":{"line":30,"column":4},"end":{"line":32,"column":5}},{"start":{},"end":{}}],"line":30},"4":{"loc":{"start":{"line":35,"column":4},"end":{"line":37,"column":5}},"type":"if","locations":[{"start":{"line":35,"column":4},"end":{"line":37,"column":5}},{"start":{},"end":{}}],"line":35},"5":{"loc":{"start":{"line":47,"column":11},"end":{"line":47,"column":23}},"type":"binary-expr","locations":[{"start":{"line":47,"column":11},"end":{"line":47,"column":14}},{"start":{"line":47,"column":18},"end":{"line":47,"column":23}}],"line":47},"6":{"loc":{"start":{"line":72,"column":4},"end":{"line":75,"column":5}},"type":"if","locations":[{"start":{"line":72,"column":4},"end":{"line":75,"column":5}},{"start":{},"end":{}}],"line":72},"7":{"loc":{"start":{"line":72,"column":8},"end":{"line":72,"column":30}},"type":"binary-expr","locations":[{"start":{"line":72,"column":8},"end":{"line":72,"column":17}},{"start":{"line":72,"column":21},"end":{"line":72,"column":30}}],"line":72},"8":{"loc":{"start":{"line":79,"column":4},"end":{"line":82,"column":5}},"type":"if","locations":[{"start":{"line":79,"column":4},"end":{"line":82,"column":5}},{"start":{},"end":{}}],"line":79},"9":{"loc":{"start":{"line":86,"column":4},"end":{"line":89,"column":5}},"type":"if","locations":[{"start":{"line":86,"column":4},"end":{"line":89,"column":5}},{"start":{},"end":{}}],"line":86},"10":{"loc":{"start":{"line":96,"column":6},"end":{"line":96,"column":43}},"type":"binary-expr","locations":[{"start":{"line":96,"column":6},"end":{"line":96,"column":28}},{"start":{"line":96,"column":32},"end":{"line":96,"column":43}}],"line":96}},"s":{"0":3,"1":3,"2":3,"3":3,"4":3,"5":18,"6":18,"7":18,"8":2,"9":16,"10":3,"11":13,"12":2,"13":11,"14":10,"15":3,"16":7,"17":7,"18":2,"19":5,"20":5,"21":5,"22":5,"23":1,"24":3,"25":11,"26":11,"27":11,"28":3,"29":8,"30":7,"31":1,"32":6,"33":6,"34":2,"35":4,"36":4,"37":1,"38":3},"f":{"0":18,"1":11},"b":{"0":[2,16],"1":[3,13],"2":[2,11],"3":[3,7],"4":[2,5],"5":[5,4],"6":[3,8],"7":[11,9],"8":[1,6],"9":[2,4],"10":[4,4]},"_coverageSchema":"1a1c01bbd47fc00a2c39e90264f33305004495a9","hash":"40a7c12b77133fd86c17a4ceef54d9bf20f085e7"}
,"/Users/enolrh/Desktop/Universidad/5/TFG/WodBuster AI/backend/controllers/entrenamientoController.js": {"path":"/Users/enolrh/Desktop/Universidad/5/TFG/WodBuster AI/backend/controllers/entrenamientoController.js","statementMap":{"0":{"start":{"line":1,"column":22},"end":{"line":1,"column":56}},"1":{"start":{"line":2,"column":18},"end":{"line":2,"column":48}},"2":{"start":{"line":3,"column":71},"end":{"line":3,"column":118}},"3":{"start":{"line":4,"column":62},"end":{"line":4,"column":99}},"4":{"start":{"line":11,"column":31},"end":{"line":75,"column":1}},"5":{"start":{"line":12,"column":2},"end":{"line":74,"column":3}},"6":{"start":{"line":13,"column":44},"end":{"line":13,"column":52}},"7":{"start":{"line":16,"column":4},"end":{"line":20,"column":5}},"8":{"start":{"line":17,"column":6},"end":{"line":19,"column":9}},"9":{"start":{"line":23,"column":33},"end":{"line":23,"column":63}},"10":{"start":{"line":24,"column":4},"end":{"line":24,"column":57}},"11":{"start":{"line":24,"column":50},"end":{"line":24,"column":57}},"12":{"start":{"line":27,"column":17},"end":{"line":27,"column":51}},"13":{"start":{"line":28,"column":4},"end":{"line":28,"column":22}},"14":{"start":{"line":28,"column":15},"end":{"line":28,"column":22}},"15":{"start":{"line":31,"column":25},"end":{"line":31,"column":57}},"16":{"start":{"line":34,"column":31},"end":{"line":38,"column":6}},"17":{"start":{"line":40,"column":4},"end":{"line":40,"column":36}},"18":{"start":{"line":43,"column":30},"end":{"line":53,"column":5}},"19":{"start":{"line":44,"column":28},"end":{"line":52,"column":7}},"20":{"start":{"line":55,"column":4},"end":{"line":70,"column":7}},"21":{"start":{"line":61,"column":49},"end":{"line":68,"column":9}},"22":{"start":{"line":73,"column":4},"end":{"line":73,"column":71}},"23":{"start":{"line":82,"column":30},"end":{"line":121,"column":1}},"24":{"start":{"line":83,"column":2},"end":{"line":120,"column":3}},"25":{"start":{"line":84,"column":25},"end":{"line":84,"column":35}},"26":{"start":{"line":86,"column":17},"end":{"line":86,"column":51}},"27":{"start":{"line":87,"column":4},"end":{"line":87,"column":22}},"28":{"start":{"line":87,"column":15},"end":{"line":87,"column":22}},"29":{"start":{"line":89,"column":27},"end":{"line":90,"column":26}},"30":{"start":{"line":93,"column":40},"end":{"line":112,"column":5}},"31":{"start":{"line":95,"column":27},"end":{"line":95,"column":87}},"32":{"start":{"line":97,"column":8},"end":{"line":110,"column":10}},"33":{"start":{"line":101,"column":44},"end":{"line":108,"column":11}},"34":{"start":{"line":114,"column":4},"end":{"line":116,"column":7}},"35":{"start":{"line":119,"column":4},"end":{"line":119,"column":64}},"36":{"start":{"line":128,"column":34},"end":{"line":160,"column":1}},"37":{"start":{"line":129,"column":2},"end":{"line":159,"column":3}},"38":{"start":{"line":130,"column":19},"end":{"line":130,"column":29}},"39":{"start":{"line":132,"column":26},"end":{"line":132,"column":58}},"40":{"start":{"line":134,"column":4},"end":{"line":136,"column":5}},"41":{"start":{"line":135,"column":6},"end":{"line":135,"column":78}},"42":{"start":{"line":139,"column":23},"end":{"line":139,"column":68}},"43":{"start":{"line":141,"column":4},"end":{"line":155,"column":7}},"44":{"start":{"line":146,"column":42},"end":{"line":153,"column":9}},"45":{"start":{"line":158,"column":4},"end":{"line":158,"column":63}},"46":{"start":{"line":167,"column":30},"end":{"line":186,"column":1}},"47":{"start":{"line":168,"column":2},"end":{"line":185,"column":3}},"48":{"start":{"line":169,"column":19},"end":{"line":169,"column":29}},"49":{"start":{"line":172,"column":26},"end":{"line":172,"column":67}},"50":{"start":{"line":174,"column":4},"end":{"line":176,"column":5}},"51":{"start":{"line":175,"column":6},"end":{"line":175,"column":78}},"52":{"start":{"line":179,"column":4},"end":{"line":179,"column":56}},"53":{"start":{"line":181,"column":4},"end":{"line":181,"column":89}},"54":{"start":{"line":184,"column":4},"end":{"line":184,"column":64}},"55":{"start":{"line":193,"column":28},"end":{"line":215,"column":1}},"56":{"start":{"line":194,"column":2},"end":{"line":214,"column":3}},"57":{"start":{"line":195,"column":25},"end":{"line":195,"column":35}},"58":{"start":{"line":197,"column":17},"end":{"line":197,"column":51}},"59":{"start":{"line":198,"column":4},"end":{"line":198,"column":22}},"60":{"start":{"line":198,"column":15},"end":{"line":198,"column":22}},"61":{"start":{"line":200,"column":27},"end":{"line":200,"column":73}},"62":{"start":{"line":202,"column":18},"end":{"line":208,"column":5}},"63":{"start":{"line":204,"column":65},"end":{"line":204,"column":87}},"64":{"start":{"line":206,"column":46},"end":{"line":206,"column":68}},"65":{"start":{"line":210,"column":4},"end":{"line":210,"column":36}},"66":{"start":{"line":213,"column":4},"end":{"line":213,"column":62}},"67":{"start":{"line":217,"column":0},"end":{"line":223,"column":2}}},"fnMap":{"0":{"name":"(anonymous_0)","decl":{"start":{"line":11,"column":31},"end":{"line":11,"column":32}},"loc":{"start":{"line":11,"column":51},"end":{"line":75,"column":1}},"line":11},"1":{"name":"(anonymous_1)","decl":{"start":{"line":44,"column":21},"end":{"line":44,"column":22}},"loc":{"start":{"line":44,"column":28},"end":{"line":52,"column":7}},"line":44},"2":{"name":"(anonymous_2)","decl":{"start":{"line":61,"column":42},"end":{"line":61,"column":43}},"loc":{"start":{"line":61,"column":49},"end":{"line":68,"column":9}},"line":61},"3":{"name":"(anonymous_3)","decl":{"start":{"line":82,"column":30},"end":{"line":82,"column":31}},"loc":{"start":{"line":82,"column":50},"end":{"line":121,"column":1}},"line":82},"4":{"name":"(anonymous_4)","decl":{"start":{"line":94,"column":25},"end":{"line":94,"column":26}},"loc":{"start":{"line":94,"column":50},"end":{"line":111,"column":7}},"line":94},"5":{"name":"(anonymous_5)","decl":{"start":{"line":101,"column":37},"end":{"line":101,"column":38}},"loc":{"start":{"line":101,"column":44},"end":{"line":108,"column":11}},"line":101},"6":{"name":"(anonymous_6)","decl":{"start":{"line":128,"column":34},"end":{"line":128,"column":35}},"loc":{"start":{"line":128,"column":54},"end":{"line":160,"column":1}},"line":128},"7":{"name":"(anonymous_7)","decl":{"start":{"line":146,"column":35},"end":{"line":146,"column":36}},"loc":{"start":{"line":146,"column":42},"end":{"line":153,"column":9}},"line":146},"8":{"name":"(anonymous_8)","decl":{"start":{"line":167,"column":30},"end":{"line":167,"column":31}},"loc":{"start":{"line":167,"column":50},"end":{"line":186,"column":1}},"line":167},"9":{"name":"(anonymous_9)","decl":{"start":{"line":193,"column":28},"end":{"line":193,"column":29}},"loc":{"start":{"line":193,"column":48},"end":{"line":215,"column":1}},"line":193},"10":{"name":"(anonymous_10)","decl":{"start":{"line":204,"column":51},"end":{"line":204,"column":52}},"loc":{"start":{"line":204,"column":65},"end":{"line":204,"column":87}},"line":204},"11":{"name":"(anonymous_11)","decl":{"start":{"line":206,"column":32},"end":{"line":206,"column":33}},"loc":{"start":{"line":206,"column":46},"end":{"line":206,"column":68}},"line":206}},"branchMap":{"0":{"loc":{"start":{"line":16,"column":4},"end":{"line":20,"column":5}},"type":"if","locations":[{"start":{"line":16,"column":4},"end":{"line":20,"column":5}},{"start":{},"end":{}}],"line":16},"1":{"loc":{"start":{"line":24,"column":4},"end":{"line":24,"column":57}},"type":"if","locations":[{"start":{"line":24,"column":4},"end":{"line":24,"column":57}},{"start":{},"end":{}}],"line":24},"2":{"loc":{"start":{"line":28,"column":4},"end":{"line":28,"column":22}},"type":"if","locations":[{"start":{"line":28,"column":4},"end":{"line":28,"column":22}},{"start":{},"end":{}}],"line":28},"3":{"loc":{"start":{"line":36,"column":13},"end":{"line":36,"column":49}},"type":"cond-expr","locations":[{"start":{"line":36,"column":21},"end":{"line":36,"column":36}},{"start":{"line":36,"column":39},"end":{"line":36,"column":49}}],"line":36},"4":{"loc":{"start":{"line":87,"column":4},"end":{"line":87,"column":22}},"type":"if","locations":[{"start":{"line":87,"column":4},"end":{"line":87,"column":22}},{"start":{},"end":{}}],"line":87},"5":{"loc":{"start":{"line":134,"column":4},"end":{"line":136,"column":5}},"type":"if","locations":[{"start":{"line":134,"column":4},"end":{"line":136,"column":5}},{"start":{},"end":{}}],"line":134},"6":{"loc":{"start":{"line":174,"column":4},"end":{"line":176,"column":5}},"type":"if","locations":[{"start":{"line":174,"column":4},"end":{"line":176,"column":5}},{"start":{},"end":{}}],"line":174},"7":{"loc":{"start":{"line":198,"column":4},"end":{"line":198,"column":22}},"type":"if","locations":[{"start":{"line":198,"column":4},"end":{"line":198,"column":22}},{"start":{},"end":{}}],"line":198},"8":{"loc":{"start":{"line":205,"column":39},"end":{"line":207,"column":11}},"type":"cond-expr","locations":[{"start":{"line":206,"column":10},"end":{"line":206,"column":96}},{"start":{"line":207,"column":10},"end":{"line":207,"column":11}}],"line":205}},"s":{"0":2,"1":2,"2":2,"3":2,"4":2,"5":4,"6":4,"7":4,"8":0,"9":4,"10":4,"11":1,"12":3,"13":3,"14":1,"15":2,"16":2,"17":2,"18":2,"19":2,"20":2,"21":2,"22":0,"23":2,"24":3,"25":3,"26":3,"27":3,"28":1,"29":2,"30":2,"31":2,"32":2,"33":2,"34":2,"35":0,"36":2,"37":2,"38":2,"39":2,"40":2,"41":1,"42":1,"43":1,"44":1,"45":0,"46":2,"47":2,"48":2,"49":2,"50":2,"51":1,"52":1,"53":1,"54":0,"55":2,"56":2,"57":2,"58":2,"59":2,"60":1,"61":1,"62":1,"63":2,"64":2,"65":1,"66":0,"67":2},"f":{"0":4,"1":2,"2":2,"3":3,"4":2,"5":2,"6":2,"7":1,"8":2,"9":2,"10":2,"11":2},"b":{"0":[0,4],"1":[1,3],"2":[1,2],"3":[2,0],"4":[1,2],"5":[1,1],"6":[1,1],"7":[1,1],"8":[1,0]},"_coverageSchema":"1a1c01bbd47fc00a2c39e90264f33305004495a9","hash":"b74d81a2c9f62df8df005ffa1b38418641051c10"}
,"/Users/enolrh/Desktop/Universidad/5/TFG/WodBuster AI/backend/controllers/oneRMController.js": {"path":"/Users/enolrh/Desktop/Universidad/5/TFG/WodBuster AI/backend/controllers/oneRMController.js","statementMap":{"0":{"start":{"line":1,"column":14},"end":{"line":1,"column":40}},"1":{"start":{"line":2,"column":30},"end":{"line":2,"column":69}},"2":{"start":{"line":3,"column":62},"end":{"line":3,"column":99}},"3":{"start":{"line":10,"column":23},"end":{"line":45,"column":1}},"4":{"start":{"line":11,"column":2},"end":{"line":44,"column":3}},"5":{"start":{"line":12,"column":55},"end":{"line":12,"column":63}},"6":{"start":{"line":15,"column":23},"end":{"line":15,"column":77}},"7":{"start":{"line":16,"column":4},"end":{"line":16,"column":47}},"8":{"start":{"line":16,"column":40},"end":{"line":16,"column":47}},"9":{"start":{"line":19,"column":17},"end":{"line":19,"column":51}},"10":{"start":{"line":20,"column":4},"end":{"line":20,"column":22}},"11":{"start":{"line":20,"column":15},"end":{"line":20,"column":22}},"12":{"start":{"line":23,"column":21},"end":{"line":28,"column":6}},"13":{"start":{"line":30,"column":4},"end":{"line":30,"column":26}},"14":{"start":{"line":32,"column":4},"end":{"line":40,"column":7}},"15":{"start":{"line":43,"column":4},"end":{"line":43,"column":55}},"16":{"start":{"line":52,"column":37},"end":{"line":78,"column":1}},"17":{"start":{"line":53,"column":2},"end":{"line":77,"column":3}},"18":{"start":{"line":54,"column":36},"end":{"line":54,"column":46}},"19":{"start":{"line":57,"column":17},"end":{"line":57,"column":51}},"20":{"start":{"line":58,"column":4},"end":{"line":58,"column":22}},"21":{"start":{"line":58,"column":15},"end":{"line":58,"column":22}},"22":{"start":{"line":61,"column":22},"end":{"line":64,"column":25}},"23":{"start":{"line":66,"column":4},"end":{"line":73,"column":7}},"24":{"start":{"line":68,"column":37},"end":{"line":72,"column":7}},"25":{"start":{"line":76,"column":4},"end":{"line":76,"column":66}},"26":{"start":{"line":85,"column":31},"end":{"line":103,"column":1}},"27":{"start":{"line":86,"column":2},"end":{"line":102,"column":3}},"28":{"start":{"line":87,"column":25},"end":{"line":87,"column":35}},"29":{"start":{"line":90,"column":17},"end":{"line":90,"column":51}},"30":{"start":{"line":91,"column":4},"end":{"line":91,"column":22}},"31":{"start":{"line":91,"column":15},"end":{"line":91,"column":22}},"32":{"start":{"line":94,"column":23},"end":{"line":94,"column":84}},"33":{"start":{"line":96,"column":4},"end":{"line":98,"column":7}},"34":{"start":{"line":101,"column":4},"end":{"line":101,"column":69}},"35":{"start":{"line":110,"column":33},"end":{"line":133,"column":1}},"36":{"start":{"line":111,"column":2},"end":{"line":132,"column":3}},"37":{"start":{"line":112,"column":25},"end":{"line":112,"column":35}},"38":{"start":{"line":115,"column":17},"end":{"line":115,"column":51}},"39":{"start":{"line":116,"column":4},"end":{"line":116,"column":22}},"40":{"start":{"line":116,"column":15},"end":{"line":116,"column":22}},"41":{"start":{"line":119,"column":22},"end":{"line":119,"column":80}},"42":{"start":{"line":121,"column":4},"end":{"line":128,"column":7}},"43":{"start":{"line":122,"column":37},"end":{"line":127,"column":7}},"44":{"start":{"line":131,"column":4},"end":{"line":131,"column":66}},"45":{"start":{"line":140,"column":22},"end":{"line":155,"column":1}},"46":{"start":{"line":141,"column":2},"end":{"line":154,"column":3}},"47":{"start":{"line":142,"column":19},"end":{"line":142,"column":29}},"48":{"start":{"line":144,"column":18},"end":{"line":144,"column":51}},"49":{"start":{"line":146,"column":4},"end":{"line":148,"column":5}},"50":{"start":{"line":147,"column":6},"end":{"line":147,"column":73}},"51":{"start":{"line":150,"column":4},"end":{"line":150,"column":70}},"52":{"start":{"line":153,"column":4},"end":{"line":153,"column":66}},"53":{"start":{"line":157,"column":0},"end":{"line":163,"column":2}}},"fnMap":{"0":{"name":"(anonymous_0)","decl":{"start":{"line":10,"column":23},"end":{"line":10,"column":24}},"loc":{"start":{"line":10,"column":43},"end":{"line":45,"column":1}},"line":10},"1":{"name":"(anonymous_1)","decl":{"start":{"line":52,"column":37},"end":{"line":52,"column":38}},"loc":{"start":{"line":52,"column":57},"end":{"line":78,"column":1}},"line":52},"2":{"name":"(anonymous_2)","decl":{"start":{"line":68,"column":31},"end":{"line":68,"column":32}},"loc":{"start":{"line":68,"column":37},"end":{"line":72,"column":7}},"line":68},"3":{"name":"(anonymous_3)","decl":{"start":{"line":85,"column":31},"end":{"line":85,"column":32}},"loc":{"start":{"line":85,"column":51},"end":{"line":103,"column":1}},"line":85},"4":{"name":"(anonymous_4)","decl":{"start":{"line":110,"column":33},"end":{"line":110,"column":34}},"loc":{"start":{"line":110,"column":53},"end":{"line":133,"column":1}},"line":110},"5":{"name":"(anonymous_5)","decl":{"start":{"line":122,"column":31},"end":{"line":122,"column":32}},"loc":{"start":{"line":122,"column":37},"end":{"line":127,"column":7}},"line":122},"6":{"name":"(anonymous_6)","decl":{"start":{"line":140,"column":22},"end":{"line":140,"column":23}},"loc":{"start":{"line":140,"column":42},"end":{"line":155,"column":1}},"line":140}},"branchMap":{"0":{"loc":{"start":{"line":16,"column":4},"end":{"line":16,"column":47}},"type":"if","locations":[{"start":{"line":16,"column":4},"end":{"line":16,"column":47}},{"start":{},"end":{}}],"line":16},"1":{"loc":{"start":{"line":20,"column":4},"end":{"line":20,"column":22}},"type":"if","locations":[{"start":{"line":20,"column":4},"end":{"line":20,"column":22}},{"start":{},"end":{}}],"line":20},"2":{"loc":{"start":{"line":27,"column":13},"end":{"line":27,"column":49}},"type":"cond-expr","locations":[{"start":{"line":27,"column":21},"end":{"line":27,"column":36}},{"start":{"line":27,"column":39},"end":{"line":27,"column":49}}],"line":27},"3":{"loc":{"start":{"line":58,"column":4},"end":{"line":58,"column":22}},"type":"if","locations":[{"start":{"line":58,"column":4},"end":{"line":58,"column":22}},{"start":{},"end":{}}],"line":58},"4":{"loc":{"start":{"line":91,"column":4},"end":{"line":91,"column":22}},"type":"if","locations":[{"start":{"line":91,"column":4},"end":{"line":91,"column":22}},{"start":{},"end":{}}],"line":91},"5":{"loc":{"start":{"line":116,"column":4},"end":{"line":116,"column":22}},"type":"if","locations":[{"start":{"line":116,"column":4},"end":{"line":116,"column":22}},{"start":{},"end":{}}],"line":116},"6":{"loc":{"start":{"line":146,"column":4},"end":{"line":148,"column":5}},"type":"if","locations":[{"start":{"line":146,"column":4},"end":{"line":148,"column":5}},{"start":{},"end":{}}],"line":146}},"s":{"0":2,"1":2,"2":2,"3":2,"4":6,"5":6,"6":6,"7":6,"8":2,"9":4,"10":4,"11":2,"12":2,"13":2,"14":2,"15":0,"16":2,"17":3,"18":3,"19":3,"20":3,"21":1,"22":2,"23":2,"24":3,"25":0,"26":2,"27":2,"28":2,"29":2,"30":2,"31":1,"32":1,"33":1,"34":0,"35":2,"36":2,"37":2,"38":2,"39":2,"40":1,"41":1,"42":1,"43":1,"44":0,"45":2,"46":2,"47":2,"48":2,"49":2,"50":1,"51":1,"52":0,"53":2},"f":{"0":6,"1":3,"2":3,"3":2,"4":2,"5":1,"6":2},"b":{"0":[2,4],"1":[2,2],"2":[0,2],"3":[1,2],"4":[1,1],"5":[1,1],"6":[1,1]},"_coverageSchema":"1a1c01bbd47fc00a2c39e90264f33305004495a9","hash":"20173d27b720cfa18456075ca4ab0d56324a7113"}
,"/Users/enolrh/Desktop/Universidad/5/TFG/WodBuster AI/backend/controllers/planEntrenamientoController.js": {"path":"/Users/enolrh/Desktop/Universidad/5/TFG/WodBuster AI/backend/controllers/planEntrenamientoController.js","statementMap":{"0":{"start":{"line":1,"column":13},"end":{"line":1,"column":38}},"1":{"start":{"line":2,"column":22},"end":{"line":2,"column":56}},"2":{"start":{"line":3,"column":18},"end":{"line":3,"column":48}},"3":{"start":{"line":4,"column":14},"end":{"line":4,"column":40}},"4":{"start":{"line":5,"column":20},"end":{"line":5,"column":52}},"5":{"start":{"line":6,"column":26},"end":{"line":6,"column":64}},"6":{"start":{"line":7,"column":22},"end":{"line":7,"column":56}},"7":{"start":{"line":8,"column":52},"end":{"line":8,"column":85}},"8":{"start":{"line":9,"column":11},"end":{"line":9,"column":33}},"9":{"start":{"line":10,"column":13},"end":{"line":10,"column":28}},"10":{"start":{"line":13,"column":20},"end":{"line":13,"column":24}},"11":{"start":{"line":18,"column":20},"end":{"line":24,"column":1}},"12":{"start":{"line":19,"column":2},"end":{"line":22,"column":3}},"13":{"start":{"line":20,"column":25},"end":{"line":20,"column":77}},"14":{"start":{"line":21,"column":4},"end":{"line":21,"column":60}},"15":{"start":{"line":23,"column":2},"end":{"line":23,"column":23}},"16":{"start":{"line":29,"column":34},"end":{"line":68,"column":1}},"17":{"start":{"line":30,"column":26},"end":{"line":30,"column":28}},"18":{"start":{"line":32,"column":2},"end":{"line":34,"column":3}},"19":{"start":{"line":33,"column":4},"end":{"line":33,"column":33}},"20":{"start":{"line":35,"column":2},"end":{"line":37,"column":3}},"21":{"start":{"line":36,"column":4},"end":{"line":36,"column":33}},"22":{"start":{"line":38,"column":2},"end":{"line":40,"column":3}},"23":{"start":{"line":39,"column":4},"end":{"line":39,"column":33}},"24":{"start":{"line":41,"column":2},"end":{"line":43,"column":3}},"25":{"start":{"line":42,"column":4},"end":{"line":42,"column":35}},"26":{"start":{"line":46,"column":25},"end":{"line":46,"column":77}},"27":{"start":{"line":49,"column":2},"end":{"line":55,"column":3}},"28":{"start":{"line":50,"column":4},"end":{"line":54,"column":6}},"29":{"start":{"line":58,"column":2},"end":{"line":65,"column":3}},"30":{"start":{"line":59,"column":4},"end":{"line":64,"column":6}},"31":{"start":{"line":67,"column":2},"end":{"line":67,"column":26}},"32":{"start":{"line":73,"column":29},"end":{"line":90,"column":1}},"33":{"start":{"line":74,"column":13},"end":{"line":74,"column":15}},"34":{"start":{"line":76,"column":2},"end":{"line":78,"column":3}},"35":{"start":{"line":77,"column":4},"end":{"line":77,"column":37}},"36":{"start":{"line":79,"column":2},"end":{"line":81,"column":3}},"37":{"start":{"line":80,"column":4},"end":{"line":80,"column":42}},"38":{"start":{"line":82,"column":2},"end":{"line":84,"column":3}},"39":{"start":{"line":83,"column":4},"end":{"line":83,"column":43}},"40":{"start":{"line":85,"column":2},"end":{"line":87,"column":3}},"41":{"start":{"line":86,"column":4},"end":{"line":86,"column":45}},"42":{"start":{"line":89,"column":2},"end":{"line":89,"column":102}},"43":{"start":{"line":95,"column":41},"end":{"line":144,"column":1}},"44":{"start":{"line":96,"column":2},"end":{"line":98,"column":3}},"45":{"start":{"line":97,"column":4},"end":{"line":97,"column":65}},"46":{"start":{"line":101,"column":18},"end":{"line":101,"column":45}},"47":{"start":{"line":104,"column":27},"end":{"line":104,"column":50}},"48":{"start":{"line":104,"column":44},"end":{"line":104,"column":49}},"49":{"start":{"line":105,"column":26},"end":{"line":107,"column":27}},"50":{"start":{"line":110,"column":37},"end":{"line":110,"column":39}},"51":{"start":{"line":111,"column":2},"end":{"line":117,"column":5}},"52":{"start":{"line":112,"column":15},"end":{"line":112,"column":44}},"53":{"start":{"line":113,"column":4},"end":{"line":115,"column":5}},"54":{"start":{"line":114,"column":6},"end":{"line":114,"column":42}},"55":{"start":{"line":116,"column":4},"end":{"line":116,"column":44}},"56":{"start":{"line":120,"column":14},"end":{"line":120,"column":43}},"57":{"start":{"line":122,"column":2},"end":{"line":141,"column":3}},"58":{"start":{"line":122,"column":15},"end":{"line":122,"column":16}},"59":{"start":{"line":123,"column":26},"end":{"line":123,"column":36}},"60":{"start":{"line":124,"column":18},"end":{"line":124,"column":75}},"61":{"start":{"line":125,"column":4},"end":{"line":125,"column":98}},"62":{"start":{"line":128,"column":23},"end":{"line":128,"column":85}},"63":{"start":{"line":130,"column":4},"end":{"line":139,"column":5}},"64":{"start":{"line":131,"column":6},"end":{"line":131,"column":45}},"65":{"start":{"line":132,"column":6},"end":{"line":136,"column":9}},"66":{"start":{"line":133,"column":33},"end":{"line":133,"column":70}},"67":{"start":{"line":134,"column":8},"end":{"line":134,"column":95}},"68":{"start":{"line":135,"column":8},"end":{"line":135,"column":88}},"69":{"start":{"line":138,"column":6},"end":{"line":138,"column":49}},"70":{"start":{"line":140,"column":4},"end":{"line":140,"column":18}},"71":{"start":{"line":143,"column":2},"end":{"line":143,"column":15}},"72":{"start":{"line":149,"column":30},"end":{"line":172,"column":1}},"73":{"start":{"line":150,"column":2},"end":{"line":152,"column":3}},"74":{"start":{"line":151,"column":4},"end":{"line":151,"column":80}},"75":{"start":{"line":155,"column":32},"end":{"line":155,"column":34}},"76":{"start":{"line":157,"column":2},"end":{"line":162,"column":5}},"77":{"start":{"line":158,"column":22},"end":{"line":158,"column":39}},"78":{"start":{"line":159,"column":4},"end":{"line":161,"column":5}},"79":{"start":{"line":160,"column":6},"end":{"line":160,"column":43}},"80":{"start":{"line":164,"column":14},"end":{"line":164,"column":119}},"81":{"start":{"line":166,"column":2},"end":{"line":169,"column":5}},"82":{"start":{"line":167,"column":18},"end":{"line":167,"column":70}},"83":{"start":{"line":168,"column":4},"end":{"line":168,"column":64}},"84":{"start":{"line":171,"column":2},"end":{"line":171,"column":15}},"85":{"start":{"line":177,"column":32},"end":{"line":212,"column":1}},"86":{"start":{"line":178,"column":2},"end":{"line":180,"column":3}},"87":{"start":{"line":179,"column":4},"end":{"line":179,"column":72}},"88":{"start":{"line":182,"column":14},"end":{"line":182,"column":88}},"89":{"start":{"line":184,"column":2},"end":{"line":209,"column":5}},"90":{"start":{"line":185,"column":18},"end":{"line":185,"column":71}},"91":{"start":{"line":186,"column":28},"end":{"line":186,"column":96}},"92":{"start":{"line":186,"column":80},"end":{"line":186,"column":95}},"93":{"start":{"line":188,"column":4},"end":{"line":188,"column":60}},"94":{"start":{"line":191,"column":26},"end":{"line":191,"column":28}},"95":{"start":{"line":192,"column":4},"end":{"line":202,"column":5}},"96":{"start":{"line":194,"column":21},"end":{"line":194,"column":72}},"97":{"start":{"line":194,"column":56},"end":{"line":194,"column":71}},"98":{"start":{"line":195,"column":6},"end":{"line":195,"column":71}},"99":{"start":{"line":196,"column":11},"end":{"line":202,"column":5}},"100":{"start":{"line":198,"column":6},"end":{"line":198,"column":75}},"101":{"start":{"line":199,"column":11},"end":{"line":202,"column":5}},"102":{"start":{"line":201,"column":6},"end":{"line":201,"column":71}},"103":{"start":{"line":204,"column":4},"end":{"line":206,"column":5}},"104":{"start":{"line":205,"column":6},"end":{"line":205,"column":98}},"105":{"start":{"line":208,"column":4},"end":{"line":208,"column":18}},"106":{"start":{"line":211,"column":2},"end":{"line":211,"column":15}},"107":{"start":{"line":217,"column":30},"end":{"line":259,"column":1}},"108":{"start":{"line":218,"column":2},"end":{"line":220,"column":3}},"109":{"start":{"line":219,"column":4},"end":{"line":219,"column":59}},"110":{"start":{"line":223,"column":24},"end":{"line":223,"column":26}},"111":{"start":{"line":225,"column":2},"end":{"line":231,"column":5}},"112":{"start":{"line":226,"column":19},"end":{"line":226,"column":30}},"113":{"start":{"line":227,"column":4},"end":{"line":229,"column":5}},"114":{"start":{"line":228,"column":6},"end":{"line":228,"column":33}},"115":{"start":{"line":230,"column":4},"end":{"line":230,"column":34}},"116":{"start":{"line":233,"column":14},"end":{"line":233,"column":139}},"117":{"start":{"line":235,"column":2},"end":{"line":256,"column":5}},"118":{"start":{"line":237,"column":4},"end":{"line":237,"column":50}},"119":{"start":{"line":237,"column":29},"end":{"line":237,"column":48}},"120":{"start":{"line":238,"column":18},"end":{"line":238,"column":30}},"121":{"start":{"line":240,"column":20},"end":{"line":240,"column":49}},"122":{"start":{"line":241,"column":21},"end":{"line":241,"column":38}},"123":{"start":{"line":242,"column":29},"end":{"line":242,"column":81}},"124":{"start":{"line":243,"column":18},"end":{"line":243,"column":67}},"125":{"start":{"line":245,"column":4},"end":{"line":245,"column":76}},"126":{"start":{"line":247,"column":4},"end":{"line":253,"column":5}},"127":{"start":{"line":249,"column":28},"end":{"line":249,"column":59}},"128":{"start":{"line":250,"column":21},"end":{"line":250,"column":56}},"129":{"start":{"line":251,"column":31},"end":{"line":251,"column":81}},"130":{"start":{"line":252,"column":6},"end":{"line":252,"column":96}},"131":{"start":{"line":255,"column":4},"end":{"line":255,"column":18}},"132":{"start":{"line":258,"column":2},"end":{"line":258,"column":15}},"133":{"start":{"line":264,"column":22},"end":{"line":309,"column":1}},"134":{"start":{"line":266,"column":77},"end":{"line":272,"column":4}},"135":{"start":{"line":274,"column":2},"end":{"line":276,"column":3}},"136":{"start":{"line":275,"column":4},"end":{"line":275,"column":45}},"137":{"start":{"line":279,"column":21},"end":{"line":279,"column":82}},"138":{"start":{"line":280,"column":2},"end":{"line":286,"column":3}},"139":{"start":{"line":281,"column":4},"end":{"line":285,"column":6}},"140":{"start":{"line":289,"column":17},"end":{"line":289,"column":36}},"141":{"start":{"line":292,"column":22},"end":{"line":292,"column":48}},"142":{"start":{"line":293,"column":34},"end":{"line":293,"column":88}},"143":{"start":{"line":294,"column":28},"end":{"line":294,"column":63}},"144":{"start":{"line":295,"column":28},"end":{"line":295,"column":63}},"145":{"start":{"line":296,"column":29},"end":{"line":296,"column":68}},"146":{"start":{"line":299,"column":2},"end":{"line":299,"column":60}},"147":{"start":{"line":300,"column":2},"end":{"line":300,"column":79}},"148":{"start":{"line":301,"column":2},"end":{"line":301,"column":71}},"149":{"start":{"line":302,"column":2},"end":{"line":302,"column":70}},"150":{"start":{"line":303,"column":2},"end":{"line":303,"column":72}},"151":{"start":{"line":305,"column":2},"end":{"line":308,"column":4}},"152":{"start":{"line":314,"column":0},"end":{"line":412,"column":2}},"153":{"start":{"line":315,"column":2},"end":{"line":411,"column":3}},"154":{"start":{"line":316,"column":25},"end":{"line":316,"column":35}},"155":{"start":{"line":317,"column":23},"end":{"line":317,"column":31}},"156":{"start":{"line":320,"column":17},"end":{"line":320,"column":49}},"157":{"start":{"line":321,"column":4},"end":{"line":326,"column":5}},"158":{"start":{"line":322,"column":6},"end":{"line":325,"column":9}},"159":{"start":{"line":329,"column":26},"end":{"line":329,"column":56}},"160":{"start":{"line":331,"column":22},"end":{"line":331,"column":51}},"161":{"start":{"line":333,"column":4},"end":{"line":339,"column":5}},"162":{"start":{"line":334,"column":6},"end":{"line":338,"column":9}},"163":{"start":{"line":342,"column":4},"end":{"line":342,"column":55}},"164":{"start":{"line":343,"column":4},"end":{"line":343,"column":47}},"165":{"start":{"line":344,"column":4},"end":{"line":344,"column":46}},"166":{"start":{"line":345,"column":4},"end":{"line":345,"column":23}},"167":{"start":{"line":347,"column":23},"end":{"line":347,"column":25}},"168":{"start":{"line":350,"column":20},"end":{"line":353,"column":5}},"169":{"start":{"line":351,"column":6},"end":{"line":351,"column":28}},"170":{"start":{"line":352,"column":6},"end":{"line":352,"column":82}},"171":{"start":{"line":356,"column":25},"end":{"line":356,"column":86}},"172":{"start":{"line":358,"column":4},"end":{"line":367,"column":5}},"173":{"start":{"line":359,"column":6},"end":{"line":363,"column":16}},"174":{"start":{"line":364,"column":6},"end":{"line":364,"column":36}},"175":{"start":{"line":365,"column":6},"end":{"line":365,"column":16}},"176":{"start":{"line":366,"column":6},"end":{"line":366,"column":13}},"177":{"start":{"line":370,"column":22},"end":{"line":377,"column":6}},"178":{"start":{"line":379,"column":4},"end":{"line":379,"column":27}},"179":{"start":{"line":382,"column":4},"end":{"line":391,"column":14}},"180":{"start":{"line":393,"column":4},"end":{"line":393,"column":14}},"181":{"start":{"line":397,"column":4},"end":{"line":410,"column":5}},"182":{"start":{"line":398,"column":6},"end":{"line":402,"column":16}},"183":{"start":{"line":403,"column":6},"end":{"line":403,"column":16}},"184":{"start":{"line":405,"column":6},"end":{"line":409,"column":9}},"185":{"start":{"line":417,"column":0},"end":{"line":445,"column":2}},"186":{"start":{"line":418,"column":2},"end":{"line":444,"column":3}},"187":{"start":{"line":419,"column":25},"end":{"line":419,"column":35}},"188":{"start":{"line":422,"column":17},"end":{"line":422,"column":49}},"189":{"start":{"line":423,"column":4},"end":{"line":428,"column":5}},"190":{"start":{"line":424,"column":6},"end":{"line":427,"column":9}},"191":{"start":{"line":430,"column":19},"end":{"line":431,"column":36}},"192":{"start":{"line":433,"column":4},"end":{"line":436,"column":7}},"193":{"start":{"line":439,"column":4},"end":{"line":443,"column":7}},"194":{"start":{"line":450,"column":0},"end":{"line":484,"column":2}},"195":{"start":{"line":451,"column":2},"end":{"line":483,"column":3}},"196":{"start":{"line":452,"column":33},"end":{"line":452,"column":43}},"197":{"start":{"line":455,"column":17},"end":{"line":455,"column":49}},"198":{"start":{"line":456,"column":4},"end":{"line":461,"column":5}},"199":{"start":{"line":457,"column":6},"end":{"line":460,"column":9}},"200":{"start":{"line":463,"column":17},"end":{"line":463,"column":83}},"201":{"start":{"line":465,"column":4},"end":{"line":470,"column":5}},"202":{"start":{"line":466,"column":6},"end":{"line":469,"column":9}},"203":{"start":{"line":472,"column":4},"end":{"line":475,"column":7}},"204":{"start":{"line":478,"column":4},"end":{"line":482,"column":7}},"205":{"start":{"line":489,"column":0},"end":{"line":524,"column":2}},"206":{"start":{"line":490,"column":2},"end":{"line":523,"column":3}},"207":{"start":{"line":491,"column":33},"end":{"line":491,"column":43}},"208":{"start":{"line":494,"column":17},"end":{"line":494,"column":49}},"209":{"start":{"line":495,"column":4},"end":{"line":500,"column":5}},"210":{"start":{"line":496,"column":6},"end":{"line":499,"column":9}},"211":{"start":{"line":503,"column":17},"end":{"line":503,"column":92}},"212":{"start":{"line":505,"column":4},"end":{"line":510,"column":5}},"213":{"start":{"line":506,"column":6},"end":{"line":509,"column":9}},"214":{"start":{"line":512,"column":4},"end":{"line":515,"column":7}},"215":{"start":{"line":518,"column":4},"end":{"line":522,"column":7}},"216":{"start":{"line":526,"column":0},"end":{"line":526,"column":25}}},"fnMap":{"0":{"name":"(anonymous_0)","decl":{"start":{"line":18,"column":20},"end":{"line":18,"column":21}},"loc":{"start":{"line":18,"column":32},"end":{"line":24,"column":1}},"line":18},"1":{"name":"(anonymous_1)","decl":{"start":{"line":29,"column":34},"end":{"line":29,"column":35}},"loc":{"start":{"line":29,"column":74},"end":{"line":68,"column":1}},"line":29},"2":{"name":"(anonymous_2)","decl":{"start":{"line":73,"column":29},"end":{"line":73,"column":30}},"loc":{"start":{"line":73,"column":39},"end":{"line":90,"column":1}},"line":73},"3":{"name":"(anonymous_3)","decl":{"start":{"line":95,"column":41},"end":{"line":95,"column":42}},"loc":{"start":{"line":95,"column":67},"end":{"line":144,"column":1}},"line":95},"4":{"name":"(anonymous_4)","decl":{"start":{"line":104,"column":39},"end":{"line":104,"column":40}},"loc":{"start":{"line":104,"column":44},"end":{"line":104,"column":49}},"line":104},"5":{"name":"(anonymous_5)","decl":{"start":{"line":111,"column":26},"end":{"line":111,"column":27}},"loc":{"start":{"line":111,"column":32},"end":{"line":117,"column":3}},"line":111},"6":{"name":"(anonymous_6)","decl":{"start":{"line":132,"column":25},"end":{"line":132,"column":26}},"loc":{"start":{"line":132,"column":38},"end":{"line":136,"column":7}},"line":132},"7":{"name":"(anonymous_7)","decl":{"start":{"line":149,"column":30},"end":{"line":149,"column":31}},"loc":{"start":{"line":149,"column":45},"end":{"line":172,"column":1}},"line":149},"8":{"name":"(anonymous_8)","decl":{"start":{"line":157,"column":20},"end":{"line":157,"column":21}},"loc":{"start":{"line":157,"column":25},"end":{"line":162,"column":3}},"line":157},"9":{"name":"(anonymous_9)","decl":{"start":{"line":166,"column":48},"end":{"line":166,"column":49}},"loc":{"start":{"line":166,"column":75},"end":{"line":169,"column":3}},"line":166},"10":{"name":"(anonymous_10)","decl":{"start":{"line":177,"column":32},"end":{"line":177,"column":33}},"loc":{"start":{"line":177,"column":46},"end":{"line":212,"column":1}},"line":177},"11":{"name":"(anonymous_11)","decl":{"start":{"line":184,"column":19},"end":{"line":184,"column":20}},"loc":{"start":{"line":184,"column":31},"end":{"line":209,"column":3}},"line":184},"12":{"name":"(anonymous_12)","decl":{"start":{"line":186,"column":75},"end":{"line":186,"column":76}},"loc":{"start":{"line":186,"column":80},"end":{"line":186,"column":95}},"line":186},"13":{"name":"(anonymous_13)","decl":{"start":{"line":194,"column":51},"end":{"line":194,"column":52}},"loc":{"start":{"line":194,"column":56},"end":{"line":194,"column":71}},"line":194},"14":{"name":"(anonymous_14)","decl":{"start":{"line":217,"column":30},"end":{"line":217,"column":31}},"loc":{"start":{"line":217,"column":40},"end":{"line":259,"column":1}},"line":217},"15":{"name":"(anonymous_15)","decl":{"start":{"line":225,"column":15},"end":{"line":225,"column":16}},"loc":{"start":{"line":225,"column":20},"end":{"line":231,"column":3}},"line":225},"16":{"name":"(anonymous_16)","decl":{"start":{"line":235,"column":40},"end":{"line":235,"column":41}},"loc":{"start":{"line":235,"column":65},"end":{"line":256,"column":3}},"line":235},"17":{"name":"(anonymous_17)","decl":{"start":{"line":237,"column":19},"end":{"line":237,"column":20}},"loc":{"start":{"line":237,"column":29},"end":{"line":237,"column":48}},"line":237},"18":{"name":"(anonymous_18)","decl":{"start":{"line":264,"column":22},"end":{"line":264,"column":23}},"loc":{"start":{"line":264,"column":40},"end":{"line":309,"column":1}},"line":264},"19":{"name":"(anonymous_19)","decl":{"start":{"line":314,"column":35},"end":{"line":314,"column":36}},"loc":{"start":{"line":314,"column":55},"end":{"line":412,"column":1}},"line":314},"20":{"name":"(anonymous_20)","decl":{"start":{"line":350,"column":20},"end":{"line":350,"column":21}},"loc":{"start":{"line":350,"column":31},"end":{"line":353,"column":5}},"line":350},"21":{"name":"(anonymous_21)","decl":{"start":{"line":417,"column":34},"end":{"line":417,"column":35}},"loc":{"start":{"line":417,"column":54},"end":{"line":445,"column":1}},"line":417},"22":{"name":"(anonymous_22)","decl":{"start":{"line":450,"column":27},"end":{"line":450,"column":28}},"loc":{"start":{"line":450,"column":47},"end":{"line":484,"column":1}},"line":450},"23":{"name":"(anonymous_23)","decl":{"start":{"line":489,"column":23},"end":{"line":489,"column":24}},"loc":{"start":{"line":489,"column":43},"end":{"line":524,"column":1}},"line":489}},"branchMap":{"0":{"loc":{"start":{"line":19,"column":2},"end":{"line":22,"column":3}},"type":"if","locations":[{"start":{"line":19,"column":2},"end":{"line":22,"column":3}},{"start":{},"end":{}}],"line":19},"1":{"loc":{"start":{"line":32,"column":2},"end":{"line":34,"column":3}},"type":"if","locations":[{"start":{"line":32,"column":2},"end":{"line":34,"column":3}},{"start":{},"end":{}}],"line":32},"2":{"loc":{"start":{"line":32,"column":6},"end":{"line":32,"column":37}},"type":"binary-expr","locations":[{"start":{"line":32,"column":6},"end":{"line":32,"column":15}},{"start":{"line":32,"column":19},"end":{"line":32,"column":37}}],"line":32},"3":{"loc":{"start":{"line":35,"column":2},"end":{"line":37,"column":3}},"type":"if","locations":[{"start":{"line":35,"column":2},"end":{"line":37,"column":3}},{"start":{},"end":{}}],"line":35},"4":{"loc":{"start":{"line":38,"column":2},"end":{"line":40,"column":3}},"type":"if","locations":[{"start":{"line":38,"column":2},"end":{"line":40,"column":3}},{"start":{},"end":{}}],"line":38},"5":{"loc":{"start":{"line":41,"column":2},"end":{"line":43,"column":3}},"type":"if","locations":[{"start":{"line":41,"column":2},"end":{"line":43,"column":3}},{"start":{},"end":{}}],"line":41},"6":{"loc":{"start":{"line":46,"column":25},"end":{"line":46,"column":77}},"type":"binary-expr","locations":[{"start":{"line":46,"column":25},"end":{"line":46,"column":50}},{"start":{"line":46,"column":54},"end":{"line":46,"column":77}}],"line":46},"7":{"loc":{"start":{"line":49,"column":2},"end":{"line":55,"column":3}},"type":"if","locations":[{"start":{"line":49,"column":2},"end":{"line":55,"column":3}},{"start":{},"end":{}}],"line":49},"8":{"loc":{"start":{"line":49,"column":6},"end":{"line":49,"column":53}},"type":"binary-expr","locations":[{"start":{"line":49,"column":6},"end":{"line":49,"column":34}},{"start":{"line":49,"column":38},"end":{"line":49,"column":53}}],"line":49},"9":{"loc":{"start":{"line":58,"column":2},"end":{"line":65,"column":3}},"type":"if","locations":[{"start":{"line":58,"column":2},"end":{"line":65,"column":3}},{"start":{},"end":{}}],"line":58},"10":{"loc":{"start":{"line":76,"column":2},"end":{"line":78,"column":3}},"type":"if","locations":[{"start":{"line":76,"column":2},"end":{"line":78,"column":3}},{"start":{},"end":{}}],"line":76},"11":{"loc":{"start":{"line":76,"column":6},"end":{"line":76,"column":36}},"type":"binary-expr","locations":[{"start":{"line":76,"column":6},"end":{"line":76,"column":14}},{"start":{"line":76,"column":18},"end":{"line":76,"column":36}}],"line":76},"12":{"loc":{"start":{"line":79,"column":2},"end":{"line":81,"column":3}},"type":"if","locations":[{"start":{"line":79,"column":2},"end":{"line":81,"column":3}},{"start":{},"end":{}}],"line":79},"13":{"loc":{"start":{"line":82,"column":2},"end":{"line":84,"column":3}},"type":"if","locations":[{"start":{"line":82,"column":2},"end":{"line":84,"column":3}},{"start":{},"end":{}}],"line":82},"14":{"loc":{"start":{"line":85,"column":2},"end":{"line":87,"column":3}},"type":"if","locations":[{"start":{"line":85,"column":2},"end":{"line":87,"column":3}},{"start":{},"end":{}}],"line":85},"15":{"loc":{"start":{"line":89,"column":9},"end":{"line":89,"column":101}},"type":"cond-expr","locations":[{"start":{"line":89,"column":27},"end":{"line":89,"column":42}},{"start":{"line":89,"column":45},"end":{"line":89,"column":101}}],"line":89},"16":{"loc":{"start":{"line":96,"column":2},"end":{"line":98,"column":3}},"type":"if","locations":[{"start":{"line":96,"column":2},"end":{"line":98,"column":3}},{"start":{},"end":{}}],"line":96},"17":{"loc":{"start":{"line":113,"column":4},"end":{"line":115,"column":5}},"type":"if","locations":[{"start":{"line":113,"column":4},"end":{"line":115,"column":5}},{"start":{},"end":{}}],"line":113},"18":{"loc":{"start":{"line":125,"column":59},"end":{"line":125,"column":90}},"type":"binary-expr","locations":[{"start":{"line":125,"column":59},"end":{"line":125,"column":85}},{"start":{"line":125,"column":89},"end":{"line":125,"column":90}}],"line":125},"19":{"loc":{"start":{"line":128,"column":23},"end":{"line":128,"column":85}},"type":"binary-expr","locations":[{"start":{"line":128,"column":23},"end":{"line":128,"column":79}},{"start":{"line":128,"column":83},"end":{"line":128,"column":85}}],"line":128},"20":{"loc":{"start":{"line":130,"column":4},"end":{"line":139,"column":5}},"type":"if","locations":[{"start":{"line":130,"column":4},"end":{"line":139,"column":5}},{"start":{"line":137,"column":11},"end":{"line":139,"column":5}}],"line":130},"21":{"loc":{"start":{"line":150,"column":2},"end":{"line":152,"column":3}},"type":"if","locations":[{"start":{"line":150,"column":2},"end":{"line":152,"column":3}},{"start":{},"end":{}}],"line":150},"22":{"loc":{"start":{"line":159,"column":4},"end":{"line":161,"column":5}},"type":"if","locations":[{"start":{"line":159,"column":4},"end":{"line":161,"column":5}},{"start":{},"end":{}}],"line":159},"23":{"loc":{"start":{"line":159,"column":8},"end":{"line":159,"column":93}},"type":"binary-expr","locations":[{"start":{"line":159,"column":8},"end":{"line":159,"column":41}},{"start":{"line":159,"column":45},"end":{"line":159,"column":93}}],"line":159},"24":{"loc":{"start":{"line":178,"column":2},"end":{"line":180,"column":3}},"type":"if","locations":[{"start":{"line":178,"column":2},"end":{"line":180,"column":3}},{"start":{},"end":{}}],"line":178},"25":{"loc":{"start":{"line":192,"column":4},"end":{"line":202,"column":5}},"type":"if","locations":[{"start":{"line":192,"column":4},"end":{"line":202,"column":5}},{"start":{"line":196,"column":11},"end":{"line":202,"column":5}}],"line":192},"26":{"loc":{"start":{"line":196,"column":11},"end":{"line":202,"column":5}},"type":"if","locations":[{"start":{"line":196,"column":11},"end":{"line":202,"column":5}},{"start":{"line":199,"column":11},"end":{"line":202,"column":5}}],"line":196},"27":{"loc":{"start":{"line":199,"column":11},"end":{"line":202,"column":5}},"type":"if","locations":[{"start":{"line":199,"column":11},"end":{"line":202,"column":5}},{"start":{},"end":{}}],"line":199},"28":{"loc":{"start":{"line":199,"column":15},"end":{"line":199,"column":77}},"type":"binary-expr","locations":[{"start":{"line":199,"column":15},"end":{"line":199,"column":45}},{"start":{"line":199,"column":49},"end":{"line":199,"column":77}}],"line":199},"29":{"loc":{"start":{"line":204,"column":4},"end":{"line":206,"column":5}},"type":"if","locations":[{"start":{"line":204,"column":4},"end":{"line":206,"column":5}},{"start":{},"end":{}}],"line":204},"30":{"loc":{"start":{"line":205,"column":51},"end":{"line":205,"column":93}},"type":"cond-expr","locations":[{"start":{"line":205,"column":83},"end":{"line":205,"column":88}},{"start":{"line":205,"column":91},"end":{"line":205,"column":93}}],"line":205},"31":{"loc":{"start":{"line":218,"column":2},"end":{"line":220,"column":3}},"type":"if","locations":[{"start":{"line":218,"column":2},"end":{"line":220,"column":3}},{"start":{},"end":{}}],"line":218},"32":{"loc":{"start":{"line":227,"column":4},"end":{"line":229,"column":5}},"type":"if","locations":[{"start":{"line":227,"column":4},"end":{"line":229,"column":5}},{"start":{},"end":{}}],"line":227},"33":{"loc":{"start":{"line":247,"column":4},"end":{"line":253,"column":5}},"type":"if","locations":[{"start":{"line":247,"column":4},"end":{"line":253,"column":5}},{"start":{},"end":{}}],"line":247},"34":{"loc":{"start":{"line":274,"column":2},"end":{"line":276,"column":3}},"type":"if","locations":[{"start":{"line":274,"column":2},"end":{"line":276,"column":3}},{"start":{},"end":{}}],"line":274},"35":{"loc":{"start":{"line":280,"column":2},"end":{"line":286,"column":3}},"type":"if","locations":[{"start":{"line":280,"column":2},"end":{"line":286,"column":3}},{"start":{},"end":{}}],"line":280},"36":{"loc":{"start":{"line":307,"column":17},"end":{"line":307,"column":67}},"type":"cond-expr","locations":[{"start":{"line":307,"column":42},"end":{"line":307,"column":60}},{"start":{"line":307,"column":63},"end":{"line":307,"column":67}}],"line":307},"37":{"loc":{"start":{"line":321,"column":4},"end":{"line":326,"column":5}},"type":"if","locations":[{"start":{"line":321,"column":4},"end":{"line":326,"column":5}},{"start":{},"end":{}}],"line":321},"38":{"loc":{"start":{"line":329,"column":26},"end":{"line":329,"column":56}},"type":"binary-expr","locations":[{"start":{"line":329,"column":26},"end":{"line":329,"column":44}},{"start":{"line":329,"column":48},"end":{"line":329,"column":56}}],"line":329},"39":{"loc":{"start":{"line":333,"column":4},"end":{"line":339,"column":5}},"type":"if","locations":[{"start":{"line":333,"column":4},"end":{"line":339,"column":5}},{"start":{},"end":{}}],"line":333},"40":{"loc":{"start":{"line":358,"column":4},"end":{"line":367,"column":5}},"type":"if","locations":[{"start":{"line":358,"column":4},"end":{"line":367,"column":5}},{"start":{},"end":{}}],"line":358},"41":{"loc":{"start":{"line":372,"column":14},"end":{"line":372,"column":93}},"type":"cond-expr","locations":[{"start":{"line":372,"column":40},"end":{"line":372,"column":53}},{"start":{"line":372,"column":56},"end":{"line":372,"column":93}}],"line":372},"42":{"loc":{"start":{"line":372,"column":14},"end":{"line":372,"column":37}},"type":"binary-expr","locations":[{"start":{"line":372,"column":14},"end":{"line":372,"column":20}},{"start":{"line":372,"column":24},"end":{"line":372,"column":37}}],"line":372},"43":{"loc":{"start":{"line":389,"column":23},"end":{"line":389,"column":53}},"type":"binary-expr","locations":[{"start":{"line":389,"column":23},"end":{"line":389,"column":44}},{"start":{"line":389,"column":48},"end":{"line":389,"column":53}}],"line":389},"44":{"loc":{"start":{"line":397,"column":4},"end":{"line":410,"column":5}},"type":"if","locations":[{"start":{"line":397,"column":4},"end":{"line":410,"column":5}},{"start":{"line":404,"column":11},"end":{"line":410,"column":5}}],"line":397},"45":{"loc":{"start":{"line":423,"column":4},"end":{"line":428,"column":5}},"type":"if","locations":[{"start":{"line":423,"column":4},"end":{"line":428,"column":5}},{"start":{},"end":{}}],"line":423},"46":{"loc":{"start":{"line":456,"column":4},"end":{"line":461,"column":5}},"type":"if","locations":[{"start":{"line":456,"column":4},"end":{"line":461,"column":5}},{"start":{},"end":{}}],"line":456},"47":{"loc":{"start":{"line":465,"column":4},"end":{"line":470,"column":5}},"type":"if","locations":[{"start":{"line":465,"column":4},"end":{"line":470,"column":5}},{"start":{},"end":{}}],"line":465},"48":{"loc":{"start":{"line":495,"column":4},"end":{"line":500,"column":5}},"type":"if","locations":[{"start":{"line":495,"column":4},"end":{"line":500,"column":5}},{"start":{},"end":{}}],"line":495},"49":{"loc":{"start":{"line":505,"column":4},"end":{"line":510,"column":5}},"type":"if","locations":[{"start":{"line":505,"column":4},"end":{"line":510,"column":5}},{"start":{},"end":{}}],"line":505}},"s":{"0":3,"1":3,"2":3,"3":3,"4":3,"5":3,"6":3,"7":3,"8":3,"9":3,"10":3,"11":3,"12":3,"13":1,"14":1,"15":3,"16":3,"17":8,"18":8,"19":5,"20":8,"21":5,"22":8,"23":5,"24":8,"25":5,"26":8,"27":8,"28":5,"29":3,"30":0,"31":3,"32":3,"33":3,"34":3,"35":3,"36":3,"37":3,"38":3,"39":3,"40":3,"41":3,"42":3,"43":3,"44":3,"45":1,"46":2,"47":2,"48":2,"49":2,"50":2,"51":2,"52":0,"53":0,"54":0,"55":0,"56":2,"57":2,"58":2,"59":2,"60":2,"61":2,"62":2,"63":2,"64":0,"65":0,"66":0,"67":0,"68":0,"69":2,"70":2,"71":2,"72":3,"73":3,"74":1,"75":2,"76":2,"77":2,"78":2,"79":2,"80":2,"81":2,"82":2,"83":2,"84":2,"85":3,"86":3,"87":3,"88":0,"89":0,"90":0,"91":0,"92":0,"93":0,"94":0,"95":0,"96":0,"97":0,"98":0,"99":0,"100":0,"101":0,"102":0,"103":0,"104":0,"105":0,"106":0,"107":3,"108":3,"109":3,"110":0,"111":0,"112":0,"113":0,"114":0,"115":0,"116":0,"117":0,"118":0,"119":0,"120":0,"121":0,"122":0,"123":0,"124":0,"125":0,"126":0,"127":0,"128":0,"129":0,"130":0,"131":0,"132":0,"133":3,"134":8,"135":8,"136":0,"137":8,"138":8,"139":5,"140":3,"141":3,"142":3,"143":3,"144":3,"145":3,"146":3,"147":3,"148":3,"149":3,"150":3,"151":3,"152":3,"153":10,"154":10,"155":10,"156":10,"157":10,"158":2,"159":8,"160":8,"161":8,"162":5,"163":3,"164":3,"165":3,"166":3,"167":3,"168":3,"169":4,"170":4,"171":3,"172":3,"173":1,"174":1,"175":1,"176":1,"177":2,"178":2,"179":2,"180":2,"181":0,"182":0,"183":0,"184":0,"185":3,"186":2,"187":2,"188":2,"189":2,"190":1,"191":1,"192":1,"193":0,"194":3,"195":3,"196":3,"197":3,"198":3,"199":1,"200":2,"201":2,"202":1,"203":1,"204":0,"205":3,"206":3,"207":3,"208":3,"209":3,"210":1,"211":2,"212":2,"213":1,"214":1,"215":0,"216":3},"f":{"0":3,"1":8,"2":3,"3":3,"4":2,"5":0,"6":0,"7":3,"8":2,"9":2,"10":3,"11":0,"12":0,"13":0,"14":3,"15":0,"16":0,"17":0,"18":8,"19":10,"20":4,"21":2,"22":3,"23":3},"b":{"0":[1,2],"1":[5,3],"2":[8,8],"3":[5,3],"4":[5,3],"5":[5,3],"6":[8,6],"7":[5,3],"8":[8,5],"9":[0,3],"10":[3,0],"11":[3,3],"12":[3,0],"13":[3,0],"14":[3,0],"15":[3,0],"16":[1,2],"17":[0,0],"18":[2,0],"19":[2,2],"20":[0,2],"21":[1,2],"22":[2,0],"23":[2,0],"24":[3,0],"25":[0,0],"26":[0,0],"27":[0,0],"28":[0,0],"29":[0,0],"30":[0,0],"31":[3,0],"32":[0,0],"33":[0,0],"34":[0,8],"35":[5,3],"36":[0,3],"37":[2,8],"38":[8,3],"39":[5,3],"40":[1,2],"41":[2,0],"42":[2,2],"43":[2,2],"44":[0,0],"45":[1,1],"46":[1,2],"47":[1,1],"48":[1,2],"49":[1,1]},"_coverageSchema":"1a1c01bbd47fc00a2c39e90264f33305004495a9","hash":"f37030237877096d12f3677e9a6f242bd012ef24"}
,"/Users/enolrh/Desktop/Universidad/5/TFG/WodBuster AI/backend/controllers/userController.js": {"path":"/Users/enolrh/Desktop/Universidad/5/TFG/WodBuster AI/backend/controllers/userController.js","statementMap":{"0":{"start":{"line":1,"column":15},"end":{"line":1,"column":32}},"1":{"start":{"line":2,"column":15},"end":{"line":2,"column":32}},"2":{"start":{"line":3,"column":13},"end":{"line":3,"column":28}},"3":{"start":{"line":4,"column":11},"end":{"line":4,"column":24}},"4":{"start":{"line":5,"column":13},"end":{"line":5,"column":38}},"5":{"start":{"line":13,"column":4},"end":{"line":13,"column":42}},"6":{"start":{"line":14,"column":48},"end":{"line":14,"column":85}},"7":{"start":{"line":17,"column":15},"end":{"line":29,"column":2}},"8":{"start":{"line":21,"column":22},"end":{"line":21,"column":36}},"9":{"start":{"line":22,"column":21},"end":{"line":22,"column":50}},"10":{"start":{"line":23,"column":20},"end":{"line":23,"column":81}},"11":{"start":{"line":24,"column":4},"end":{"line":26,"column":5}},"12":{"start":{"line":25,"column":6},"end":{"line":25,"column":28}},"13":{"start":{"line":27,"column":4},"end":{"line":27,"column":68}},"14":{"start":{"line":37,"column":22},"end":{"line":59,"column":1}},"15":{"start":{"line":38,"column":2},"end":{"line":58,"column":3}},"16":{"start":{"line":39,"column":25},"end":{"line":39,"column":35}},"17":{"start":{"line":41,"column":17},"end":{"line":41,"column":51}},"18":{"start":{"line":42,"column":4},"end":{"line":42,"column":22}},"19":{"start":{"line":42,"column":15},"end":{"line":42,"column":22}},"20":{"start":{"line":44,"column":4},"end":{"line":54,"column":7}},"21":{"start":{"line":57,"column":4},"end":{"line":57,"column":56}},"22":{"start":{"line":66,"column":25},"end":{"line":193,"column":1}},"23":{"start":{"line":67,"column":2},"end":{"line":192,"column":3}},"24":{"start":{"line":68,"column":25},"end":{"line":68,"column":35}},"25":{"start":{"line":69,"column":91},"end":{"line":69,"column":99}},"26":{"start":{"line":71,"column":17},"end":{"line":71,"column":49}},"27":{"start":{"line":73,"column":4},"end":{"line":75,"column":5}},"28":{"start":{"line":74,"column":6},"end":{"line":74,"column":72}},"29":{"start":{"line":78,"column":4},"end":{"line":80,"column":5}},"30":{"start":{"line":79,"column":6},"end":{"line":79,"column":80}},"31":{"start":{"line":82,"column":4},"end":{"line":84,"column":5}},"32":{"start":{"line":83,"column":6},"end":{"line":83,"column":92}},"33":{"start":{"line":87,"column":4},"end":{"line":89,"column":5}},"34":{"start":{"line":88,"column":6},"end":{"line":88,"column":65}},"35":{"start":{"line":91,"column":4},"end":{"line":93,"column":5}},"36":{"start":{"line":92,"column":6},"end":{"line":92,"column":133}},"37":{"start":{"line":95,"column":4},"end":{"line":97,"column":5}},"38":{"start":{"line":96,"column":6},"end":{"line":96,"column":101}},"39":{"start":{"line":99,"column":4},"end":{"line":101,"column":5}},"40":{"start":{"line":100,"column":6},"end":{"line":100,"column":64}},"41":{"start":{"line":103,"column":4},"end":{"line":105,"column":5}},"42":{"start":{"line":104,"column":6},"end":{"line":104,"column":64}},"43":{"start":{"line":107,"column":4},"end":{"line":109,"column":5}},"44":{"start":{"line":108,"column":6},"end":{"line":108,"column":66}},"45":{"start":{"line":112,"column":4},"end":{"line":118,"column":5}},"46":{"start":{"line":113,"column":26},"end":{"line":113,"column":55}},"47":{"start":{"line":114,"column":6},"end":{"line":116,"column":7}},"48":{"start":{"line":115,"column":8},"end":{"line":115,"column":76}},"49":{"start":{"line":117,"column":6},"end":{"line":117,"column":25}},"50":{"start":{"line":120,"column":4},"end":{"line":126,"column":5}},"51":{"start":{"line":121,"column":29},"end":{"line":121,"column":74}},"52":{"start":{"line":122,"column":6},"end":{"line":124,"column":7}},"53":{"start":{"line":123,"column":8},"end":{"line":123,"column":79}},"54":{"start":{"line":125,"column":6},"end":{"line":125,"column":34}},"55":{"start":{"line":129,"column":4},"end":{"line":144,"column":5}},"56":{"start":{"line":130,"column":6},"end":{"line":132,"column":7}},"57":{"start":{"line":131,"column":8},"end":{"line":131,"column":106}},"58":{"start":{"line":134,"column":22},"end":{"line":134,"column":74}},"59":{"start":{"line":135,"column":6},"end":{"line":137,"column":7}},"60":{"start":{"line":136,"column":8},"end":{"line":136,"column":81}},"61":{"start":{"line":139,"column":6},"end":{"line":141,"column":7}},"62":{"start":{"line":140,"column":8},"end":{"line":140,"column":107}},"63":{"start":{"line":143,"column":6},"end":{"line":143,"column":57}},"64":{"start":{"line":147,"column":4},"end":{"line":147,"column":51}},"65":{"start":{"line":147,"column":27},"end":{"line":147,"column":51}},"66":{"start":{"line":151,"column":4},"end":{"line":157,"column":5}},"67":{"start":{"line":152,"column":6},"end":{"line":156,"column":7}},"68":{"start":{"line":153,"column":8},"end":{"line":153,"column":35}},"69":{"start":{"line":155,"column":8},"end":{"line":155,"column":31}},"70":{"start":{"line":159,"column":4},"end":{"line":165,"column":5}},"71":{"start":{"line":160,"column":6},"end":{"line":164,"column":7}},"72":{"start":{"line":161,"column":8},"end":{"line":161,"column":38}},"73":{"start":{"line":163,"column":8},"end":{"line":163,"column":37}},"74":{"start":{"line":167,"column":4},"end":{"line":173,"column":5}},"75":{"start":{"line":168,"column":6},"end":{"line":172,"column":7}},"76":{"start":{"line":169,"column":8},"end":{"line":169,"column":38}},"77":{"start":{"line":171,"column":8},"end":{"line":171,"column":37}},"78":{"start":{"line":175,"column":4},"end":{"line":175,"column":22}},"79":{"start":{"line":177,"column":4},"end":{"line":188,"column":7}},"80":{"start":{"line":191,"column":4},"end":{"line":191,"column":59}},"81":{"start":{"line":200,"column":35},"end":{"line":200,"column":67}},"82":{"start":{"line":202,"column":24},"end":{"line":234,"column":1}},"83":{"start":{"line":203,"column":2},"end":{"line":233,"column":3}},"84":{"start":{"line":204,"column":25},"end":{"line":204,"column":35}},"85":{"start":{"line":206,"column":4},"end":{"line":208,"column":5}},"86":{"start":{"line":207,"column":6},"end":{"line":207,"column":88}},"87":{"start":{"line":210,"column":17},"end":{"line":210,"column":49}},"88":{"start":{"line":211,"column":4},"end":{"line":213,"column":5}},"89":{"start":{"line":212,"column":6},"end":{"line":212,"column":72}},"90":{"start":{"line":219,"column":17},"end":{"line":219,"column":25}},"91":{"start":{"line":220,"column":21},"end":{"line":220,"column":91}},"92":{"start":{"line":221,"column":16},"end":{"line":221,"column":82}},"93":{"start":{"line":223,"column":4},"end":{"line":223,"column":28}},"94":{"start":{"line":224,"column":4},"end":{"line":224,"column":22}},"95":{"start":{"line":226,"column":4},"end":{"line":229,"column":7}},"96":{"start":{"line":231,"column":4},"end":{"line":231,"column":57}},"97":{"start":{"line":232,"column":4},"end":{"line":232,"column":62}},"98":{"start":{"line":241,"column":23},"end":{"line":287,"column":1}},"99":{"start":{"line":242,"column":2},"end":{"line":286,"column":3}},"100":{"start":{"line":243,"column":25},"end":{"line":243,"column":35}},"101":{"start":{"line":244,"column":25},"end":{"line":244,"column":33}},"102":{"start":{"line":247,"column":4},"end":{"line":249,"column":5}},"103":{"start":{"line":248,"column":6},"end":{"line":248,"column":106}},"104":{"start":{"line":252,"column":17},"end":{"line":252,"column":49}},"105":{"start":{"line":254,"column":4},"end":{"line":256,"column":5}},"106":{"start":{"line":255,"column":6},"end":{"line":255,"column":72}},"107":{"start":{"line":259,"column":20},"end":{"line":259,"column":65}},"108":{"start":{"line":260,"column":4},"end":{"line":262,"column":5}},"109":{"start":{"line":261,"column":6},"end":{"line":261,"column":72}},"110":{"start":{"line":265,"column":4},"end":{"line":274,"column":5}},"111":{"start":{"line":266,"column":24},"end":{"line":266,"column":69}},"112":{"start":{"line":267,"column":6},"end":{"line":273,"column":7}},"113":{"start":{"line":268,"column":8},"end":{"line":272,"column":9}},"114":{"start":{"line":269,"column":10},"end":{"line":269,"column":35}},"115":{"start":{"line":277,"column":4},"end":{"line":277,"column":39}},"116":{"start":{"line":279,"column":4},"end":{"line":282,"column":7}},"117":{"start":{"line":285,"column":4},"end":{"line":285,"column":57}},"118":{"start":{"line":294,"column":32},"end":{"line":354,"column":1}},"119":{"start":{"line":295,"column":2},"end":{"line":353,"column":3}},"120":{"start":{"line":296,"column":25},"end":{"line":296,"column":35}},"121":{"start":{"line":298,"column":17},"end":{"line":298,"column":73}},"122":{"start":{"line":300,"column":4},"end":{"line":302,"column":5}},"123":{"start":{"line":301,"column":6},"end":{"line":301,"column":72}},"124":{"start":{"line":305,"column":24},"end":{"line":342,"column":5}},"125":{"start":{"line":344,"column":4},"end":{"line":349,"column":7}},"126":{"start":{"line":352,"column":4},"end":{"line":352,"column":67}},"127":{"start":{"line":361,"column":33},"end":{"line":394,"column":1}},"128":{"start":{"line":362,"column":2},"end":{"line":393,"column":3}},"129":{"start":{"line":363,"column":25},"end":{"line":363,"column":35}},"130":{"start":{"line":364,"column":30},"end":{"line":364,"column":38}},"131":{"start":{"line":367,"column":4},"end":{"line":371,"column":5}},"132":{"start":{"line":368,"column":6},"end":{"line":370,"column":9}},"133":{"start":{"line":373,"column":17},"end":{"line":373,"column":49}},"134":{"start":{"line":375,"column":4},"end":{"line":377,"column":5}},"135":{"start":{"line":376,"column":6},"end":{"line":376,"column":72}},"136":{"start":{"line":380,"column":4},"end":{"line":380,"column":39}},"137":{"start":{"line":381,"column":4},"end":{"line":381,"column":22}},"138":{"start":{"line":383,"column":25},"end":{"line":383,"column":84}},"139":{"start":{"line":385,"column":4},"end":{"line":389,"column":7}},"140":{"start":{"line":392,"column":4},"end":{"line":392,"column":68}},"141":{"start":{"line":396,"column":0},"end":{"line":404,"column":2}}},"fnMap":{"0":{"name":"(anonymous_0)","decl":{"start":{"line":20,"column":14},"end":{"line":20,"column":15}},"loc":{"start":{"line":20,"column":39},"end":{"line":28,"column":3}},"line":20},"1":{"name":"(anonymous_1)","decl":{"start":{"line":37,"column":22},"end":{"line":37,"column":23}},"loc":{"start":{"line":37,"column":42},"end":{"line":59,"column":1}},"line":37},"2":{"name":"(anonymous_2)","decl":{"start":{"line":66,"column":25},"end":{"line":66,"column":26}},"loc":{"start":{"line":66,"column":45},"end":{"line":193,"column":1}},"line":66},"3":{"name":"(anonymous_3)","decl":{"start":{"line":202,"column":24},"end":{"line":202,"column":25}},"loc":{"start":{"line":202,"column":44},"end":{"line":234,"column":1}},"line":202},"4":{"name":"(anonymous_4)","decl":{"start":{"line":241,"column":23},"end":{"line":241,"column":24}},"loc":{"start":{"line":241,"column":43},"end":{"line":287,"column":1}},"line":241},"5":{"name":"(anonymous_5)","decl":{"start":{"line":294,"column":32},"end":{"line":294,"column":33}},"loc":{"start":{"line":294,"column":52},"end":{"line":354,"column":1}},"line":294},"6":{"name":"(anonymous_6)","decl":{"start":{"line":361,"column":33},"end":{"line":361,"column":34}},"loc":{"start":{"line":361,"column":53},"end":{"line":394,"column":1}},"line":361}},"branchMap":{"0":{"loc":{"start":{"line":24,"column":4},"end":{"line":26,"column":5}},"type":"if","locations":[{"start":{"line":24,"column":4},"end":{"line":26,"column":5}},{"start":{},"end":{}}],"line":24},"1":{"loc":{"start":{"line":24,"column":8},"end":{"line":24,"column":27}},"type":"binary-expr","locations":[{"start":{"line":24,"column":8},"end":{"line":24,"column":16}},{"start":{"line":24,"column":20},"end":{"line":24,"column":27}}],"line":24},"2":{"loc":{"start":{"line":42,"column":4},"end":{"line":42,"column":22}},"type":"if","locations":[{"start":{"line":42,"column":4},"end":{"line":42,"column":22}},{"start":{},"end":{}}],"line":42},"3":{"loc":{"start":{"line":73,"column":4},"end":{"line":75,"column":5}},"type":"if","locations":[{"start":{"line":73,"column":4},"end":{"line":75,"column":5}},{"start":{},"end":{}}],"line":73},"4":{"loc":{"start":{"line":78,"column":4},"end":{"line":8
[...]
n":2},"end":{"line":56,"column":56}},"12":{"start":{"line":64,"column":23},"end":{"line":66,"column":1}},"13":{"start":{"line":65,"column":2},"end":{"line":65,"column":56}},"14":{"start":{"line":68,"column":0},"end":{"line":76,"column":2}}},"fnMap":{"0":{"name":"(anonymous_0)","decl":{"start":{"line":10,"column":22},"end":{"line":10,"column":23}},"loc":{"start":{"line":10,"column":33},"end":{"line":12,"column":1}},"line":10},"1":{"name":"(anonymous_1)","decl":{"start":{"line":19,"column":25},"end":{"line":19,"column":26}},"loc":{"start":{"line":19,"column":39},"end":{"line":21,"column":1}},"line":19},"2":{"name":"(anonymous_2)","decl":{"start":{"line":28,"column":25},"end":{"line":28,"column":26}},"loc":{"start":{"line":28,"column":39},"end":{"line":30,"column":1}},"line":28},"3":{"name":"(anonymous_3)","decl":{"start":{"line":37,"column":20},"end":{"line":37,"column":21}},"loc":{"start":{"line":37,"column":29},"end":{"line":39,"column":1}},"line":37},"4":{"name":"(anonymous_4)","decl":{"start":{"line":46,"column":20},"end":{"line":46,"column":21}},"loc":{"start":{"line":46,"column":29},"end":{"line":48,"column":1}},"line":46},"5":{"name":"(anonymous_5)","decl":{"start":{"line":55,"column":23},"end":{"line":55,"column":24}},"loc":{"start":{"line":55,"column":35},"end":{"line":57,"column":1}},"line":55},"6":{"name":"(anonymous_6)","decl":{"start":{"line":64,"column":23},"end":{"line":64,"column":24}},"loc":{"start":{"line":64,"column":35},"end":{"line":66,"column":1}},"line":64}},"branchMap":{"0":{"loc":{"start":{"line":47,"column":9},"end":{"line":47,"column":46}},"type":"binary-expr","locations":[{"start":{"line":47,"column":9},"end":{"line":47,"column":20}},{"start":{"line":47,"column":24},"end":{"line":47,"column":32}},{"start":{"line":47,"column":36},"end":{"line":47,"column":46}}],"line":47},"1":{"loc":{"start":{"line":56,"column":9},"end":{"line":56,"column":55}},"type":"binary-expr","locations":[{"start":{"line":56,"column":9},"end":{"line":56,"column":23}},{"start":{"line":56,"column":27},"end":{"line":56,"column":38}},{"start":{"line":56,"column":42},"end":{"line":56,"column":55}}],"line":56},"2":{"loc":{"start":{"line":65,"column":9},"end":{"line":65,"column":55}},"type":"binary-expr","locations":[{"start":{"line":65,"column":9},"end":{"line":65,"column":23}},{"start":{"line":65,"column":27},"end":{"line":65,"column":38}},{"start":{"line":65,"column":42},"end":{"line":65,"column":55}}],"line":65}},"s":{"0":6,"1":27,"2":6,"3":21,"4":6,"5":18,"6":6,"7":6,"8":6,"9":7,"10":6,"11":7,"12":6,"13":7,"14":6},"f":{"0":27,"1":21,"2":18,"3":6,"4":7,"5":7,"6":7},"b":{"0":[7,6,4],"1":[7,5,4],"2":[7,5,4]},"_coverageSchema":"1a1c01bbd47fc00a2c39e90264f33305004495a9","hash":"1f3d23c1dcf6ff83559191ff548098276e7358a3"}
,"/Users/enolrh/Desktop/Universidad/5/TFG/WodBuster AI/backend/validators/entrenamientoValidator.js": {"path":"/Users/enolrh/Desktop/Universidad/5/TFG/WodBuster AI/backend/validators/entrenamientoValidator.js","statementMap":{"0":{"start":{"line":10,"column":27},"end":{"line":23,"column":1}},"1":{"start":{"line":11,"column":2},"end":{"line":13,"column":3}},"2":{"start":{"line":12,"column":4},"end":{"line":12,"column":76}},"3":{"start":{"line":15,"column":2},"end":{"line":20,"column":3}},"4":{"start":{"line":15,"column":15},"end":{"line":15,"column":16}},"5":{"start":{"line":16,"column":18},"end":{"line":16,"column":57}},"6":{"start":{"line":17,"column":4},"end":{"line":19,"column":5}},"7":{"start":{"line":18,"column":6},"end":{"line":18,"column":37}},"8":{"start":{"line":22,"column":2},"end":{"line":22,"column":38}},"9":{"start":{"line":31,"column":26},"end":{"line":53,"column":1}},"10":{"start":{"line":32,"column":2},"end":{"line":34,"column":3}},"11":{"start":{"line":33,"column":4},"end":{"line":33,"column":58}},"12":{"start":{"line":36,"column":2},"end":{"line":38,"column":3}},"13":{"start":{"line":37,"column":4},"end":{"line":37,"column":65}},"14":{"start":{"line":40,"column":2},"end":{"line":42,"column":3}},"15":{"start":{"line":41,"column":4},"end":{"line":41,"column":71}},"16":{"start":{"line":44,"column":2},"end":{"line":46,"column":3}},"17":{"start":{"line":45,"column":4},"end":{"line":45,"column":60}},"18":{"start":{"line":48,"column":2},"end":{"line":50,"column":3}},"19":{"start":{"line":49,"column":4},"end":{"line":49,"column":71}},"20":{"start":{"line":52,"column":2},"end":{"line":52,"column":14}},"21":{"start":{"line":60,"column":29},"end":{"line":64,"column":1}},"22":{"start":{"line":61,"column":2},"end":{"line":63,"column":8}},"23":{"start":{"line":62,"column":4},"end":{"line":62,"column":59}},"24":{"start":{"line":71,"column":25},"end":{"line":73,"column":1}},"25":{"start":{"line":72,"column":2},"end":{"line":72,"column":76}},"26":{"start":{"line":75,"column":0},"end":{"line":80,"column":2}}},"fnMap":{"0":{"name":"(anonymous_0)","decl":{"start":{"line":10,"column":27},"end":{"line":10,"column":28}},"loc":{"start":{"line":10,"column":43},"end":{"line":23,"column":1}},"line":10},"1":{"name":"(anonymous_1)","decl":{"start":{"line":31,"column":26},"end":{"line":31,"column":27}},"loc":{"start":{"line":31,"column":48},"end":{"line":53,"column":1}},"line":31},"2":{"name":"(anonymous_2)","decl":{"start":{"line":60,"column":29},"end":{"line":60,"column":30}},"loc":{"start":{"line":60,"column":45},"end":{"line":64,"column":1}},"line":60},"3":{"name":"(anonymous_3)","decl":{"start":{"line":61,"column":27},"end":{"line":61,"column":28}},"loc":{"start":{"line":61,"column":42},"end":{"line":63,"column":3}},"line":61},"4":{"name":"(anonymous_4)","decl":{"start":{"line":71,"column":25},"end":{"line":71,"column":26}},"loc":{"start":{"line":71,"column":39},"end":{"line":73,"column":1}},"line":71}},"branchMap":{"0":{"loc":{"start":{"line":11,"column":2},"end":{"line":13,"column":3}},"type":"if","locations":[{"start":{"line":11,"column":2},"end":{"line":13,"column":3}},{"start":{},"end":{}}],"line":11},"1":{"loc":{"start":{"line":11,"column":6},"end":{"line":11,"column":74}},"type":"binary-expr","locations":[{"start":{"line":11,"column":6},"end":{"line":11,"column":17}},{"start":{"line":11,"column":21},"end":{"line":11,"column":47}},{"start":{"line":11,"column":51},"end":{"line":11,"column":74}}],"line":11},"2":{"loc":{"start":{"line":17,"column":4},"end":{"line":19,"column":5}},"type":"if","locations":[{"start":{"line":17,"column":4},"end":{"line":19,"column":5}},{"start":{},"end":{}}],"line":17},"3":{"loc":{"start":{"line":32,"column":2},"end":{"line":34,"column":3}},"type":"if","locations":[{"start":{"line":32,"column":2},"end":{"line":34,"column":3}},{"start":{},"end":{}}],"line":32},"4":{"loc":{"start":{"line":32,"column":6},"end":{"line":32,"column":91}},"type":"binary-expr","locations":[{"start":{"line":32,"column":6},"end":{"line":32,"column":23}},{"start":{"line":32,"column":27},"end":{"line":32,"column":63}},{"start":{"line":32,"column":67},"end":{"line":32,"column":91}}],"line":32},"5":{"loc":{"start":{"line":36,"column":2},"end":{"line":38,"column":3}},"type":"if","locations":[{"start":{"line":36,"column":2},"end":{"line":38,"column":3}},{"start":{},"end":{}}],"line":36},"6":{"loc":{"start":{"line":36,"column":6},"end":{"line":36,"column":66}},"type":"binary-expr","locations":[{"start":{"line":36,"column":6},"end":{"line":36,"column":42}},{"start":{"line":36,"column":46},"end":{"line":36,"column":66}}],"line":36},"7":{"loc":{"start":{"line":40,"column":2},"end":{"line":42,"column":3}},"type":"if","locations":[{"start":{"line":40,"column":2},"end":{"line":42,"column":3}},{"start":{},"end":{}}],"line":40},"8":{"loc":{"start":{"line":40,"column":6},"end":{"line":40,"column":78}},"type":"binary-expr","locations":[{"start":{"line":40,"column":6},"end":{"line":40,"column":48}},{"start":{"line":40,"column":52},"end":{"line":40,"column":78}}],"line":40},"9":{"loc":{"start":{"line":44,"column":2},"end":{"line":46,"column":3}},"type":"if","locations":[{"start":{"line":44,"column":2},"end":{"line":46,"column":3}},{"start":{},"end":{}}],"line":44},"10":{"loc":{"start":{"line":44,"column":6},"end":{"line":44,"column":62}},"type":"binary-expr","locations":[{"start":{"line":44,"column":6},"end":{"line":44,"column":40}},{"start":{"line":44,"column":44},"end":{"line":44,"column":62}}],"line":44},"11":{"loc":{"start":{"line":48,"column":2},"end":{"line":50,"column":3}},"type":"if","locations":[{"start":{"line":48,"column":2},"end":{"line":50,"column":3}},{"start":{},"end":{}}],"line":48},"12":{"loc":{"start":{"line":48,"column":6},"end":{"line":48,"column":103}},"type":"binary-expr","locations":[{"start":{"line":48,"column":6},"end":{"line":48,"column":46}},{"start":{"line":48,"column":50},"end":{"line":48,"column":74}},{"start":{"line":48,"column":78},"end":{"line":48,"column":103}}],"line":48},"13":{"loc":{"start":{"line":72,"column":9},"end":{"line":72,"column":75}},"type":"binary-expr","locations":[{"start":{"line":72,"column":9},"end":{"line":72,"column":17}},{"start":{"line":72,"column":21},"end":{"line":72,"column":49}},{"start":{"line":72,"column":53},"end":{"line":72,"column":75}}],"line":72}},"s":{"0":3,"1":8,"2":2,"3":6,"4":6,"5":7,"6":7,"7":2,"8":4,"9":3,"10":7,"11":1,"12":6,"13":1,"14":5,"15":0,"16":5,"17":0,"18":5,"19":0,"20":5,"21":3,"22":2,"23":2,"24":3,"25":4,"26":3},"f":{"0":8,"1":7,"2":2,"3":2,"4":4},"b":{"0":[2,6],"1":[8,8,8],"2":[2,5],"3":[1,6],"4":[7,6,6],"5":[1,5],"6":[6,6],"7":[0,5],"8":[5,5],"9":[0,5],"10":[5,5],"11":[0,5],"12":[5,5,5],"13":[4,4,4]},"_coverageSchema":"1a1c01bbd47fc00a2c39e90264f33305004495a9","hash":"65f3fc4c205105cbac85370d032cf7408f6fd2c0"}
,"/Users/enolrh/Desktop/Universidad/5/TFG/WodBuster AI/backend/validators/oneRMValidator.js": {"path":"/Users/enolrh/Desktop/Universidad/5/TFG/WodBuster AI/backend/validators/oneRMValidator.js","statementMap":{"0":{"start":{"line":10,"column":26},"end":{"line":33,"column":1}},"1":{"start":{"line":11,"column":46},"end":{"line":11,"column":50}},"2":{"start":{"line":13,"column":2},"end":{"line":18,"column":3}},"3":{"start":{"line":14,"column":4},"end":{"line":17,"column":6}},"4":{"start":{"line":20,"column":2},"end":{"line":22,"column":3}},"5":{"start":{"line":21,"column":4},"end":{"line":21,"column":56}},"6":{"start":{"line":24,"column":2},"end":{"line":26,"column":3}},"7":{"start":{"line":25,"column":4},"end":{"line":25,"column":67}},"8":{"start":{"line":28,"column":2},"end":{"line":30,"column":3}},"9":{"start":{"line":29,"column":4},"end":{"line":29,"column":77}},"10":{"start":{"line":32,"column":2},"end":{"line":32,"column":38}},"11":{"start":{"line":40,"column":25},"end":{"line":46,"column":1}},"12":{"start":{"line":42,"column":2},"end":{"line":45,"column":4}},"13":{"start":{"line":53,"column":32},"end":{"line":59,"column":1}},"14":{"start":{"line":55,"column":2},"end":{"line":58,"column":4}},"15":{"start":{"line":66,"column":21},"end":{"line":68,"column":1}},"16":{"start":{"line":67,"column":2},"end":{"line":67,"column":46}},"17":{"start":{"line":70,"column":0},"end":{"line":75,"column":2}}},"fnMap":{"0":{"name":"(anonymous_0)","decl":{"start":{"line":10,"column":26},"end":{"line":10,"column":27}},"loc":{"start":{"line":10,"column":36},"end":{"line":33,"column":1}},"line":10},"1":{"name":"(anonymous_1)","decl":{"start":{"line":40,"column":25},"end":{"line":40,"column":26}},"loc":{"start":{"line":40,"column":39},"end":{"line":46,"column":1}},"line":40},"2":{"name":"(anonymous_2)","decl":{"start":{"line":53,"column":32},"end":{"line":53,"column":33}},"loc":{"start":{"line":53,"column":53},"end":{"line":59,"column":1}},"line":53},"3":{"name":"(anonymous_3)","decl":{"start":{"line":66,"column":21},"end":{"line":66,"column":22}},"loc":{"start":{"line":66,"column":31},"end":{"line":68,"column":1}},"line":66}},"branchMap":{"0":{"loc":{"start":{"line":13,"column":2},"end":{"line":18,"column":3}},"type":"if","locations":[{"start":{"line":13,"column":2},"end":{"line":18,"column":3}},{"start":{},"end":{}}],"line":13},"1":{"loc":{"start":{"line":13,"column":6},"end":{"line":13,"column":115}},"type":"binary-expr","locations":[{"start":{"line":13,"column":6},"end":{"line":13,"column":15}},{"start":{"line":13,"column":19},"end":{"line":13,"column":48}},{"start":{"line":13,"column":52},"end":{"line":13,"column":76}},{"start":{"line":13,"column":80},"end":{"line":13,"column":98}},{"start":{"line":13,"column":102},"end":{"line":13,"column":115}}],"line":13},"2":{"loc":{"start":{"line":20,"column":2},"end":{"line":22,"column":3}},"type":"if","locations":[{"start":{"line":20,"column":2},"end":{"line":22,"column":3}},{"start":{},"end":{}}],"line":20},"3":{"loc":{"start":{"line":24,"column":2},"end":{"line":26,"column":3}},"type":"if","locations":[{"start":{"line":24,"column":2},"end":{"line":26,"column":3}},{"start":{},"end":{}}],"line":24},"4":{"loc":{"start":{"line":28,"column":2},"end":{"line":30,"column":3}},"type":"if","locations":[{"start":{"line":28,"column":2},"end":{"line":30,"column":3}},{"start":{},"end":{}}],"line":28},"5":{"loc":{"start":{"line":43,"column":4},"end":{"line":44,"column":41}},"type":"binary-expr","locations":[{"start":{"line":43,"column":4},"end":{"line":43,"column":32}},{"start":{"line":44,"column":4},"end":{"line":44,"column":41}}],"line":43},"6":{"loc":{"start":{"line":56,"column":4},"end":{"line":57,"column":64}},"type":"binary-expr","locations":[{"start":{"line":56,"column":4},"end":{"line":56,"column":39}},{"start":{"line":57,"column":4},"end":{"line":57,"column":64}}],"line":56},"7":{"loc":{"start":{"line":67,"column":9},"end":{"line":67,"column":45}},"type":"binary-expr","locations":[{"start":{"line":67,"column":9},"end":{"line":67,"column":33}},{"start":{"line":67,"column":37},"end":{"line":67,"column":45}}],"line":67}},"s":{"0":3,"1":11,"2":11,"3":2,"4":9,"5":1,"6":8,"7":2,"8":6,"9":1,"10":5,"11":3,"12":9,"13":3,"14":8,"15":3,"16":6,"17":3},"f":{"0":11,"1":9,"2":8,"3":6},"b":{"0":[2,9],"1":[11,9,9,9,9],"2":[1,8],"3":[2,6],"4":[1,5],"5":[9,9],"6":[8,8],"7":[6,6]},"_coverageSchema":"1a1c01bbd47fc00a2c39e90264f33305004495a9","hash":"a60c4b487cb4aaca607fb0e7aade0908bc544c0b"}
,"/Users/enolrh/Desktop/Universidad/5/TFG/WodBuster AI/backend/validators/wodCrossFitValidator.js": {"path":"/Users/enolrh/Desktop/Universidad/5/TFG/WodBuster AI/backend/validators/wodCrossFitValidator.js","statementMap":{"0":{"start":{"line":6,"column":19},"end":{"line":9,"column":1}},"1":{"start":{"line":12,"column":22},"end":{"line":12,"column":54}},"2":{"start":{"line":19,"column":24},"end":{"line":46,"column":1}},"3":{"start":{"line":20,"column":49},"end":{"line":20,"column":53}},"4":{"start":{"line":22,"column":2},"end":{"line":27,"column":3}},"5":{"start":{"line":23,"column":4},"end":{"line":26,"column":6}},"6":{"start":{"line":29,"column":2},"end":{"line":31,"column":3}},"7":{"start":{"line":30,"column":4},"end":{"line":30,"column":56}},"8":{"start":{"line":33,"column":2},"end":{"line":35,"column":3}},"9":{"start":{"line":34,"column":4},"end":{"line":34,"column":94}},"10":{"start":{"line":37,"column":2},"end":{"line":39,"column":3}},"11":{"start":{"line":38,"column":4},"end":{"line":38,"column":90}},"12":{"start":{"line":41,"column":2},"end":{"line":43,"column":3}},"13":{"start":{"line":42,"column":4},"end":{"line":42,"column":90}},"14":{"start":{"line":45,"column":2},"end":{"line":45,"column":38}},"15":{"start":{"line":53,"column":25},"end":{"line":59,"column":1}},"16":{"start":{"line":55,"column":2},"end":{"line":58,"column":4}},"17":{"start":{"line":66,"column":26},"end":{"line":68,"column":1}},"18":{"start":{"line":67,"column":2},"end":{"line":67,"column":40}},"19":{"start":{"line":75,"column":22},"end":{"line":77,"column":1}},"20":{"start":{"line":76,"column":2},"end":{"line":76,"column":39}},"21":{"start":{"line":84,"column":23},"end":{"line":86,"column":1}},"22":{"start":{"line":85,"column":2},"end":{"line":85,"column":50}},"23":{"start":{"line":93,"column":22},"end":{"line":96,"column":1}},"24":{"start":{"line":94,"column":2},"end":{"line":94,"column":26}},"25":{"start":{"line":94,"column":14},"end":{"line":94,"column":26}},"26":{"start":{"line":95,"column":2},"end":{"line":95,"column":58}},"27":{"start":{"line":98,"column":0},"end":{"line":107,"column":2}}},"fnMap":{"0":{"name":"(anonymous_0)","decl":{"start":{"line":19,"column":24},"end":{"line":19,"column":25}},"loc":{"start":{"line":19,"column":34},"end":{"line":46,"column":1}},"line":19},"1":{"name":"(anonymous_1)","decl":{"start":{"line":53,"column":25},"end":{"line":53,"column":26}},"loc":{"start":{"line":53,"column":39},"end":{"line":59,"column":1}},"line":53},"2":{"name":"(anonymous_2)","decl":{"start":{"line":66,"column":26},"end":{"line":66,"column":27}},"loc":{"start":{"line":66,"column":41},"end":{"line":68,"column":1}},"line":66},"3":{"name":"(anonymous_3)","decl":{"start":{"line":75,"column":22},"end":{"line":75,"column":23}},"loc":{"start":{"line":75,"column":33},"end":{"line":77,"column":1}},"line":75},"4":{"name":"(anonymous_4)","decl":{"start":{"line":84,"column":23},"end":{"line":84,"column":24}},"loc":{"start":{"line":84,"column":35},"end":{"line":86,"column":1}},"line":84},"5":{"name":"(anonymous_5)","decl":{"start":{"line":93,"column":22},"end":{"line":93,"column":23}},"loc":{"start":{"line":93,"column":33},"end":{"line":96,"column":1}},"line":93}},"branchMap":{"0":{"loc":{"start":{"line":22,"column":2},"end":{"line":27,"column":3}},"type":"if","locations":[{"start":{"line":22,"column":2},"end":{"line":27,"column":3}},{"start":{},"end":{}}],"line":22},"1":{"loc":{"start":{"line":22,"column":6},"end":{"line":22,"column":63}},"type":"binary-expr","locations":[{"start":{"line":22,"column":6},"end":{"line":22,"column":15}},{"start":{"line":22,"column":19},"end":{"line":22,"column":29}},{"start":{"line":22,"column":33},"end":{"line":22,"column":39}},{"start":{"line":22,"column":43},"end":{"line":22,"column":63}}],"line":22},"2":{"loc":{"start":{"line":29,"column":2},"end":{"line":31,"column":3}},"type":"if","locations":[{"start":{"line":29,"column":2},"end":{"line":31,"column":3}},{"start":{},"end":{}}],"line":29},"3":{"loc":{"start":{"line":33,"column":2},"end":{"line":35,"column":3}},"type":"if","locations":[{"start":{"line":33,"column":2},"end":{"line":35,"column":3}},{"start":{},"end":{}}],"line":33},"4":{"loc":{"start":{"line":37,"column":2},"end":{"line":39,"column":3}},"type":"if","locations":[{"start":{"line":37,"column":2},"end":{"line":39,"column":3}},{"start":{},"end":{}}],"line":37},"5":{"loc":{"start":{"line":41,"column":2},"end":{"line":43,"column":3}},"type":"if","locations":[{"start":{"line":41,"column":2},"end":{"line":43,"column":3}},{"start":{},"end":{}}],"line":41},"6":{"loc":{"start":{"line":56,"column":4},"end":{"line":57,"column":41}},"type":"binary-expr","locations":[{"start":{"line":56,"column":4},"end":{"line":56,"column":32}},{"start":{"line":57,"column":4},"end":{"line":57,"column":41}}],"line":56},"7":{"loc":{"start":{"line":85,"column":9},"end":{"line":85,"column":49}},"type":"binary-expr","locations":[{"start":{"line":85,"column":9},"end":{"line":85,"column":35}},{"start":{"line":85,"column":39},"end":{"line":85,"column":49}}],"line":85},"8":{"loc":{"start":{"line":94,"column":2},"end":{"line":94,"column":26}},"type":"if","locations":[{"start":{"line":94,"column":2},"end":{"line":94,"column":26}},{"start":{},"end":{}}],"line":94},"9":{"loc":{"start":{"line":95,"column":9},"end":{"line":95,"column":57}},"type":"binary-expr","locations":[{"start":{"line":95,"column":9},"end":{"line":95,"column":34}},{"start":{"line":95,"column":38},"end":{"line":95,"column":57}}],"line":95}},"s":{"0":3,"1":3,"2":3,"3":14,"4":14,"5":3,"6":11,"7":2,"8":9,"9":2,"10":7,"11":2,"12":5,"13":0,"14":5,"15":3,"16":11,"17":3,"18":9,"19":3,"20":7,"21":3,"22":5,"23":3,"24":0,"25":0,"26":0,"27":3},"f":{"0":14,"1":11,"2":9,"3":7,"4":5,"5":0},"b":{"0":[3,11],"1":[14,13,11,11],"2":[2,9],"3":[2,7],"4":[2,5],"5":[0,5],"6":[11,11],"7":[5,5],"8":[0,0],"9":[0,0]},"_coverageSchema":"1a1c01bbd47fc00a2c39e90264f33305004495a9","hash":"ac92dfe2c4a22a323ab3aca6411323da599d2040"}
}
