{"/Users/enolrh/Desktop/Universidad/5/TFG/WodBuster AI/backend/controllers/analisisVideoController.js": {"path":"/Users/enolrh/Desktop/Universidad/5/TFG/WodBuster AI/backend/controllers/analisisVideoController.js","statementMap":{"0":{"start":{"line":1,"column":22},"end":{"line":1,"column":56}},"1":{"start":{"line":2,"column":13},"end":{"line":2,"column":38}},"2":{"start":{"line":3,"column":37},"end":{"line":3,"column":70}},"3":{"start":{"line":8,"column":0},"end":{"line":141,"column":2}},"4":{"start":{"line":9,"column":2},"end":{"line":140,"column":3}},"5":{"start":{"line":10,"column":76},"end":{"line":10,"column":84}},"6":{"start":{"line":11,"column":22},"end":{"line":11,"column":30}},"7":{"start":{"line":12,"column":19},"end":{"line":12,"column":30}},"8":{"start":{"line":15,"column":4},"end":{"line":17,"column":5}},"9":{"start":{"line":16,"column":6},"end":{"line":16,"column":79}},"10":{"start":{"line":20,"column":30},"end":{"line":20,"column":116}},"11":{"start":{"line":21,"column":4},"end":{"line":23,"column":5}},"12":{"start":{"line":22,"column":6},"end":{"line":22,"column":70}},"13":{"start":{"line":28,"column":4},"end":{"line":35,"column":5}},"14":{"start":{"line":29,"column":6},"end":{"line":29,"column":79}},"15":{"start":{"line":29,"column":29},"end":{"line":29,"column":79}},"16":{"start":{"line":30,"column":6},"end":{"line":30,"column":50}},"17":{"start":{"line":30,"column":18},"end":{"line":30,"column":50}},"18":{"start":{"line":31,"column":6},"end":{"line":31,"column":67}},"19":{"start":{"line":31,"column":23},"end":{"line":31,"column":67}},"20":{"start":{"line":32,"column":6},"end":{"line":32,"column":58}},"21":{"start":{"line":32,"column":20},"end":{"line":32,"column":58}},"22":{"start":{"line":34,"column":6},"end":{"line":34,"column":86}},"23":{"start":{"line":37,"column":4},"end":{"line":39,"column":5}},"24":{"start":{"line":38,"column":6},"end":{"line":38,"column":90}},"25":{"start":{"line":42,"column":17},"end":{"line":42,"column":68}},"26":{"start":{"line":43,"column":26},"end":{"line":43,"column":57}},"27":{"start":{"line":46,"column":22},"end":{"line":46,"column":26}},"28":{"start":{"line":47,"column":23},"end":{"line":47,"column":24}},"29":{"start":{"line":48,"column":16},"end":{"line":48,"column":21}},"30":{"start":{"line":49,"column":22},"end":{"line":49,"column":26}},"31":{"start":{"line":50,"column":25},"end":{"line":50,"column":29}},"32":{"start":{"line":51,"column":23},"end":{"line":51,"column":28}},"33":{"start":{"line":55,"column":34},"end":{"line":55,"column":119}},"34":{"start":{"line":57,"column":4},"end":{"line":98,"column":5}},"35":{"start":{"line":58,"column":6},"end":{"line":86,"column":7}},"36":{"start":{"line":59,"column":28},"end":{"line":65,"column":9}},"37":{"start":{"line":67,"column":8},"end":{"line":78,"column":9}},"38":{"start":{"line":68,"column":10},"end":{"line":68,"column":45}},"39":{"start":{"line":69,"column":10},"end":{"line":69,"column":50}},"40":{"start":{"line":70,"column":10},"end":{"line":70,"column":43}},"41":{"start":{"line":71,"column":10},"end":{"line":71,"column":48}},"42":{"start":{"line":72,"column":10},"end":{"line":72,"column":55}},"43":{"start":{"line":73,"column":10},"end":{"line":73,"column":23}},"44":{"start":{"line":75,"column":34},"end":{"line":75,"column":118}},"45":{"start":{"line":77,"column":10},"end":{"line":77,"column":45}},"46":{"start":{"line":81,"column":8},"end":{"line":85,"column":10}},"47":{"start":{"line":89,"column":27},"end":{"line":89,"column":29}},"48":{"start":{"line":90,"column":6},"end":{"line":90,"column":63}},"49":{"start":{"line":90,"column":30},"end":{"line":90,"column":63}},"50":{"start":{"line":91,"column":6},"end":{"line":91,"column":115}},"51":{"start":{"line":91,"column":56},"end":{"line":91,"column":115}},"52":{"start":{"line":92,"column":6},"end":{"line":92,"column":103}},"53":{"start":{"line":92,"column":73},"end":{"line":92,"column":103}},"54":{"start":{"line":94,"column":6},"end":{"line":97,"column":8}},"55":{"start":{"line":102,"column":26},"end":{"line":105,"column":5}},"56":{"start":{"line":108,"column":21},"end":{"line":117,"column":6}},"57":{"start":{"line":119,"column":4},"end":{"line":119,"column":26}},"58":{"start":{"line":122,"column":4},"end":{"line":132,"column":7}},"59":{"start":{"line":136,"column":4},"end":{"line":139,"column":7}}},"fnMap":{"0":{"name":"(anonymous_0)","decl":{"start":{"line":8,"column":24},"end":{"line":8,"column":25}},"loc":{"start":{"line":8,"column":44},"end":{"line":141,"column":1}},"line":8}},"branchMap":{"0":{"loc":{"start":{"line":15,"column":4},"end":{"line":17,"column":5}},"type":"if","locations":[{"start":{"line":15,"column":4},"end":{"line":17,"column":5}},{"start":{},"end":{}}],"line":15},"1":{"loc":{"start":{"line":21,"column":4},"end":{"line":23,"column":5}},"type":"if","locations":[{"start":{"line":21,"column":4},"end":{"line":23,"column":5}},{"start":{},"end":{}}],"line":21},"2":{"loc":{"start":{"line":21,"column":8},"end":{"line":21,"column":60}},"type":"binary-expr","locations":[{"start":{"line":21,"column":8},"end":{"line":21,"column":18}},{"start":{"line":21,"column":22},"end":{"line":21,"column":60}}],"line":21},"3":{"loc":{"start":{"line":29,"column":6},"end":{"line":29,"column":79}},"type":"if","locations":[{"start":{"line":29,"column":6},"end":{"line":29,"column":79}},{"start":{},"end":{}}],"line":29},"4":{"loc":{"start":{"line":30,"column":6},"end":{"line":30,"column":50}},"type":"if","locations":[{"start":{"line":30,"column":6},"end":{"line":30,"column":50}},{"start":{},"end":{}}],"line":30},"5":{"loc":{"start":{"line":31,"column":6},"end":{"line":31,"column":67}},"type":"if","locations":[{"start":{"line":31,"column":6},"end":{"line":31,"column":67}},{"start":{},"end":{}}],"line":31},"6":{"loc":{"start":{"line":32,"column":6},"end":{"line":32,"column":58}},"type":"if","locations":[{"start":{"line":32,"column":6},"end":{"line":32,"column":58}},{"start":{},"end":{}}],"line":32},"7":{"loc":{"start":{"line":37,"column":4},"end":{"line":39,"column":5}},"type":"if","locations":[{"start":{"line":37,"column":4},"end":{"line":39,"column":5}},{"start":{},"end":{}}],"line":37},"8":{"loc":{"start":{"line":43,"column":26},"end":{"line":43,"column":57}},"type":"binary-expr","locations":[{"start":{"line":43,"column":26},"end":{"line":43,"column":45}},{"start":{"line":43,"column":49},"end":{"line":43,"column":57}}],"line":43},"9":{"loc":{"start":{"line":55,"column":34},"end":{"line":55,"column":119}},"type":"cond-expr","locations":[{"start":{"line":55,"column":67},"end":{"line":55,"column":98}},{"start":{"line":55,"column":102},"end":{"line":55,"column":119}}],"line":55},"10":{"loc":{"start":{"line":55,"column":67},"end":{"line":55,"column":98}},"type":"binary-expr","locations":[{"start":{"line":55,"column":67},"end":{"line":55,"column":77}},{"start":{"line":55,"column":81},"end":{"line":55,"column":98}}],"line":55},"11":{"loc":{"start":{"line":57,"column":4},"end":{"line":98,"column":5}},"type":"if","locations":[{"start":{"line":57,"column":4},"end":{"line":98,"column":5}},{"start":{"line":87,"column":11},"end":{"line":98,"column":5}}],"line":57},"12":{"loc":{"start":{"line":57,"column":8},"end":{"line":57,"column":94}},"type":"binary-expr","locations":[{"start":{"line":57,"column":8},"end":{"line":57,"column":29}},{"start":{"line":57,"column":34},"end":{"line":57,"column":63}},{"start":{"line":57,"column":67},"end":{"line":57,"column":93}}],"line":57},"13":{"loc":{"start":{"line":67,"column":8},"end":{"line":78,"column":9}},"type":"if","locations":[{"start":{"line":67,"column":8},"end":{"line":78,"column":9}},{"start":{"line":76,"column":15},"end":{"line":78,"column":9}}],"line":67},"14":{"loc":{"start":{"line":72,"column":25},"end":{"line":72,"column":54}},"type":"binary-expr","locations":[{"start":{"line":72,"column":25},"end":{"line":72,"column":45}},{"start":{"line":72,"column":49},"end":{"line":72,"column":54}}],"line":72},"15":{"loc":{"start":{"line":75,"column":34},"end":{"line":75,"column":118}},"type":"cond-expr","locations":[{"start":{"line":75,"column":49},"end":{"line":75,"column":113}},{"start":{"line":75,"column":116},"end":{"line":75,"column":118}}],"line":75},"16":{"loc":{"start":{"line":81,"column":22},"end":{"line":85,"column":9}},"type":"binary-expr","locations":[{"start":{"line":81,"column":22},"end":{"line":81,"column":48}},{"start":{"line":81,"column":52},"end":{"line":85,"column":9}}],"line":81},"17":{"loc":{"start":{"line":90,"column":6},"end":{"line":90,"column":63}},"type":"if","locations":[{"start":{"line":90,"column":6},"end":{"line":90,"column":63}},{"start":{},"end":{}}],"line":90},"18":{"loc":{"start":{"line":91,"column":6},"end":{"line":91,"column":115}},"type":"if","locations":[{"start":{"line":91,"column":6},"end":{"line":91,"column":115}},{"start":{},"end":{}}],"line":91},"19":{"loc":{"start":{"line":91,"column":10},"end":{"line":91,"column":54}},"type":"binary-expr","locations":[{"start":{"line":91,"column":10},"end":{"line":91,"column":39}},{"start":{"line":91,"column":43},"end":{"line":91,"column":54}}],"line":91},"20":{"loc":{"start":{"line":92,"column":6},"end":{"line":92,"column":103}},"type":"if","locations":[{"start":{"line":92,"column":6},"end":{"line":92,"column":103}},{"start":{},"end":{}}],"line":92},"21":{"loc":{"start":{"line":92,"column":10},"end":{"line":92,"column":71}},"type":"binary-expr","locations":[{"start":{"line":92,"column":10},"end":{"line":92,"column":40}},{"start":{"line":92,"column":44},"end":{"line":92,"column":71}}],"line":92},"22":{"loc":{"start":{"line":94,"column":20},"end":{"line":97,"column":7}},"type":"binary-expr","locations":[{"start":{"line":94,"column":20},"end":{"line":94,"column":46}},{"start":{"line":94,"column":50},"end":{"line":97,"column":7}}],"line":94},"23":{"loc":{"start":{"line":102,"column":26},"end":{"line":105,"column":5}},"type":"binary-expr","locations":[{"start":{"line":102,"column":26},"end":{"line":102,"column":37}},{"start":{"line":102,"column":41},"end":{"line":105,"column":5}}],"line":102},"24":{"loc":{"start":{"line":113,"column":15},"end":{"line":113,"column":46}},"type":"binary-expr","locations":[{"start":{"line":113,"column":15},"end":{"line":113,"column":40}},{"start":{"line":113,"column":44},"end":{"line":113,"column":46}}],"line":113},"25":{"loc":{"start":{"line":114,"column":22},"end":{"line":114,"column":110}},"type":"cond-expr","locations":[{"start":{"line":114,"column":71},"end":{"line":114,"column":103}},{"start":{"line":114,"column":106},"end":{"line":114,"column":110}}],"line":114},"26":{"loc":{"start":{"line":116,"column":19},"end":{"line":116,"column":54}},"type":"binary-expr","locations":[{"start":{"line":116,"column":19},"end":{"line":116,"column":48}},{"start":{"line":116,"column":52},"end":{"line":116,"column":54}}],"line":116},"27":{"loc":{"start":{"line":128,"column":16},"end":{"line":128,"column":83}},"type":"cond-expr","locations":[{"start":{"line":128,"column":50},"end":{"line":128,"column":67}},{"start":{"line":128,"column":70},"end":{"line":128,"column":83}}],"line":128}},"s":{"0":2,"1":2,"2":2,"3":2,"4":8,"5":8,"6":8,"7":8,"8":8,"9":1,"10":7,"11":7,"12":1,"13":6,"14":6,"15":5,"16":5,"17":2,"18":5,"19":5,"20":5,"21":2,"22":1,"23":5,"24":1,"25":4,"26":3,"27":3,"28":3,"29":3,"30":3,"31":3,"32":3,"33":3,"34":3,"35":2,"36":2,"37":2,"38":2,"39":2,"40":2,"41":2,"42":2,"43":2,"44":2,"45":0,"46":0,"47":1,"48":1,"49":0,"50":1,"51":0,"52":1,"53":1,"54":1,"55":3,"56":3,"57":3,"58":2,"59":2},"f":{"0":8},"b":{"0":[1,7],"1":[1,6],"2":[7,7],"3":[5,1],"4":[2,3],"5":[5,0],"6":[2,3],"7":[1,4],"8":[3,0],"9":[0,3],"10":[0,0],"11":[2,1],"12":[3,3,1],"13":[2,0],"14":[2,2],"15":[0,2],"16":[0,0],"17":[0,1],"18":[0,1],"19":[1,0],"20":[1,0],"21":[1,1],"22":[1,0],"23":[3,0],"24":[3,0],"25":[0,3],"26":[3,3],"27":[0,2]},"_coverageSchema":"1a1c01bbd47fc00a2c39e90264f33305004495a9","hash":"744d9b7410b4ccdfa494dba2d26a5ed5bef2324c"}
,"/Users/enolrh/Desktop/Universidad/5/TFG/WodBuster AI/backend/controllers/authController.js": {"path":"/Users/enolrh/Desktop/Universidad/5/TFG/WodBuster AI/backend/controllers/authController.js","statementMap":{"0":{"start":{"line":1,"column":15},"end":{"line":1,"column":32}},"1":{"start":{"line":2,"column":12},"end":{"line":2,"column":35}},"2":{"start":{"line":3,"column":13},"end":{"line":3,"column":38}},"3":{"start":{"line":4,"column":62},"end":{"line":4,"column":100}},"4":{"start":{"line":11,"column":15},"end":{"line":60,"column":1}},"5":{"start":{"line":12,"column":2},"end":{"line":59,"column":3}},"6":{"start":{"line":13,"column":68},"end":{"line":13,"column":76}},"7":{"start":{"line":16,"column":4},"end":{"line":18,"column":5}},"8":{"start":{"line":17,"column":6},"end":{"line":17,"column":65}},"9":{"start":{"line":20,"column":4},"end":{"line":22,"column":5}},"10":{"start":{"line":21,"column":6},"end":{"line":21,"column":68}},"11":{"start":{"line":24,"column":4},"end":{"line":26,"column":5}},"12":{"start":{"line":25,"column":6},"end":{"line":25,"column":70}},"13":{"start":{"line":29,"column":24},"end":{"line":29,"column":53}},"14":{"start":{"line":30,"column":4},"end":{"line":32,"column":5}},"15":{"start":{"line":31,"column":6},"end":{"line":31,"column":70}},"16":{"start":{"line":34,"column":27},"end":{"line":34,"column":59}},"17":{"start":{"line":35,"column":4},"end":{"line":37,"column":5}},"18":{"start":{"line":36,"column":6},"end":{"line":36,"column":73}},"19":{"start":{"line":40,"column":27},"end":{"line":40,"column":58}},"20":{"start":{"line":43,"column":20},"end":{"line":51,"column":6}},"21":{"start":{"line":53,"column":4},"end":{"line":53,"column":25}},"22":{"start":{"line":55,"column":4},"end":{"line":55,"column":66}},"23":{"start":{"line":58,"column":4},"end":{"line":58,"column":60}},"24":{"start":{"line":67,"column":14},"end":{"line":118,"column":1}},"25":{"start":{"line":68,"column":2},"end":{"line":117,"column":3}},"26":{"start":{"line":69,"column":35},"end":{"line":69,"column":43}},"27":{"start":{"line":72,"column":4},"end":{"line":75,"column":5}},"28":{"start":{"line":74,"column":6},"end":{"line":74,"column":83}},"29":{"start":{"line":78,"column":17},"end":{"line":78,"column":49}},"30":{"start":{"line":79,"column":4},"end":{"line":82,"column":5}},"31":{"start":{"line":81,"column":6},"end":{"line":81,"column":83}},"32":{"start":{"line":85,"column":20},"end":{"line":85,"column":65}},"33":{"start":{"line":86,"column":4},"end":{"line":89,"column":5}},"34":{"start":{"line":88,"column":6},"end":{"line":88,"column":83}},"35":{"start":{"line":94,"column":18},"end":{"line":98,"column":5}},"36":{"start":{"line":101,"column":4},"end":{"line":113,"column":7}},"37":{"start":{"line":116,"column":4},"end":{"line":116,"column":60}},"38":{"start":{"line":120,"column":0},"end":{"line":123,"column":2}}},"fnMap":{"0":{"name":"(anonymous_0)","decl":{"start":{"line":11,"column":15},"end":{"line":11,"column":16}},"loc":{"start":{"line":11,"column":35},"end":{"line":60,"column":1}},"line":11},"1":{"name":"(anonymous_1)","decl":{"start":{"line":67,"column":14},"end":{"line":67,"column":15}},"loc":{"start":{"line":67,"column":34},"end":{"line":118,"column":1}},"line":67}},"branchMap":{"0":{"loc":{"start":{"line":16,"column":4},"end":{"line":18,"column":5}},"type":"if","locations":[{"start":{"line":16,"column":4},"end":{"line":18,"column":5}},{"start":{},"end":{}}],"line":16},"1":{"loc":{"start":{"line":20,"column":4},"end":{"line":22,"column":5}},"type":"if","locations":[{"start":{"line":20,"column":4},"end":{"line":22,"column":5}},{"start":{},"end":{}}],"line":20},"2":{"loc":{"start":{"line":24,"column":4},"end":{"line":26,"column":5}},"type":"if","locations":[{"start":{"line":24,"column":4},"end":{"line":26,"column":5}},{"start":{},"end":{}}],"line":24},"3":{"loc":{"start":{"line":30,"column":4},"end":{"line":32,"column":5}},"type":"if","locations":[{"start":{"line":30,"column":4},"end":{"line":32,"column":5}},{"start":{},"end":{}}],"line":30},"4":{"loc":{"start":{"line":35,"column":4},"end":{"line":37,"column":5}},"type":"if","locations":[{"start":{"line":35,"column":4},"end":{"line":37,"column":5}},{"start":{},"end":{}}],"line":35},"5":{"loc":{"start":{"line":47,"column":11},"end":{"line":47,"column":23}},"type":"binary-expr","locations":[{"start":{"line":47,"column":11},"end":{"line":47,"column":14}},{"start":{"line":47,"column":18},"end":{"line":47,"column":23}}],"line":47},"6":{"loc":{"start":{"line":72,"column":4},"end":{"line":75,"column":5}},"type":"if","locations":[{"start":{"line":72,"column":4},"end":{"line":75,"column":5}},{"start":{},"end":{}}],"line":72},"7":{"loc":{"start":{"line":72,"column":8},"end":{"line":72,"column":30}},"type":"binary-expr","locations":[{"start":{"line":72,"column":8},"end":{"line":72,"column":17}},{"start":{"line":72,"column":21},"end":{"line":72,"column":30}}],"line":72},"8":{"loc":{"start":{"line":79,"column":4},"end":{"line":82,"column":5}},"type":"if","locations":[{"start":{"line":79,"column":4},"end":{"line":82,"column":5}},{"start":{},"end":{}}],"line":79},"9":{"loc":{"start":{"line":86,"column":4},"end":{"line":89,"column":5}},"type":"if","locations":[{"start":{"line":86,"column":4},"end":{"line":89,"column":5}},{"start":{},"end":{}}],"line":86},"10":{"loc":{"start":{"line":96,"column":6},"end":{"line":96,"column":43}},"type":"binary-expr","locations":[{"start":{"line":96,"column":6},"end":{"line":96,"column":28}},{"start":{"line":96,"column":32},"end":{"line":96,"column":43}}],"line":96}},"s":{"0":3,"1":3,"2":3,"3":3,"4":3,"5":18,"6":18,"7":18,"8":2,"9":16,"10":3,"11":13,"12":2,"13":11,"14":10,"15":3,"16":7,"17":7,"18":2,"19":5,"20":5,"21":5,"22":5,"23":1,"24":3,"25":11,"26":11,"27":11,"28":3,"29":8,"30":7,"31":1,"32":6,"33":6,"34":2,"35":4,"36":4,"37":1,"38":3},"f":{"0":18,"1":11},"b":{"0":[2,16],"1":[3,13],"2":[2,11],"3":[3,7],"4":[2,5],"5":[5,4],"6":[3,8],"7":[11,9],"8":[1,6],"9":[2,4],"10":[4,4]},"_coverageSchema":"1a1c01bbd47fc00a2c39e90264f33305004495a9","hash":"40a7c12b77133fd86c17a4ceef54d9bf20f085e7"}
,"/Users/enolrh/Desktop/Universidad/5/TFG/WodBuster AI/backend/controllers/entrenamientoController.js": {"path":"/Users/enolrh/Desktop/Universidad/5/TFG/WodBuster AI/backend/controllers/entrenamientoController.js","statementMap":{"0":{"start":{"line":1,"column":22},"end":{"line":1,"column":56}},"1":{"start":{"line":2,"column":18},"end":{"line":2,"column":48}},"2":{"start":{"line":3,"column":71},"end":{"line":3,"column":118}},"3":{"start":{"line":4,"column":62},"end":{"line":4,"column":99}},"4":{"start":{"line":11,"column":31},"end":{"line":75,"column":1}},"5":{"start":{"line":12,"column":2},"end":{"line":74,"column":3}},"6":{"start":{"line":13,"column":44},"end":{"line":13,"column":52}},"7":{"start":{"line":16,"column":4},"end":{"line":20,"column":5}},"8":{"start":{"line":17,"column":6},"end":{"line":19,"column":9}},"9":{"start":{"line":23,"column":33},"end":{"line":23,"column":63}},"10":{"start":{"line":24,"column":4},"end":{"line":24,"column":57}},"11":{"start":{"line":24,"column":50},"end":{"line":24,"column":57}},"12":{"start":{"line":27,"column":17},"end":{"line":27,"column":51}},"13":{"start":{"line":28,"column":4},"end":{"line":28,"column":22}},"14":{"start":{"line":28,"column":15},"end":{"line":28,"column":22}},"15":{"start":{"line":31,"column":25},"end":{"line":31,"column":57}},"16":{"start":{"line":34,"column":31},"end":{"line":38,"column":6}},"17":{"start":{"line":40,"column":4},"end":{"line":40,"column":36}},"18":{"start":{"line":43,"column":30},"end":{"line":53,"column":5}},"19":{"start":{"line":44,"column":28},"end":{"line":52,"column":7}},"20":{"start":{"line":55,"column":4},"end":{"line":70,"column":7}},"21":{"start":{"line":61,"column":49},"end":{"line":68,"column":9}},"22":{"start":{"line":73,"column":4},"end":{"line":73,"column":71}},"23":{"start":{"line":82,"column":30},"end":{"line":121,"column":1}},"24":{"start":{"line":83,"column":2},"end":{"line":120,"column":3}},"25":{"start":{"line":84,"column":25},"end":{"line":84,"column":35}},"26":{"start":{"line":86,"column":17},"end":{"line":86,"column":51}},"27":{"start":{"line":87,"column":4},"end":{"line":87,"column":22}},"28":{"start":{"line":87,"column":15},"end":{"line":87,"column":22}},"29":{"start":{"line":89,"column":27},"end":{"line":90,"column":26}},"30":{"start":{"line":93,"column":40},"end":{"line":112,"column":5}},"31":{"start":{"line":95,"column":27},"end":{"line":95,"column":87}},"32":{"start":{"line":97,"column":8},"end":{"line":110,"column":10}},"33":{"start":{"line":101,"column":44},"end":{"line":108,"column":11}},"34":{"start":{"line":114,"column":4},"end":{"line":116,"column":7}},"35":{"start":{"line":119,"column":4},"end":{"line":119,"column":64}},"36":{"start":{"line":128,"column":34},"end":{"line":160,"column":1}},"37":{"start":{"line":129,"column":2},"end":{"line":159,"column":3}},"38":{"start":{"line":130,"column":19},"end":{"line":130,"column":29}},"39":{"start":{"line":132,"column":26},"end":{"line":132,"column":58}},"40":{"start":{"line":134,"column":4},"end":{"line":136,"column":5}},"41":{"start":{"line":135,"column":6},"end":{"line":135,"column":78}},"42":{"start":{"line":139,"column":23},"end":{"line":139,"column":68}},"43":{"start":{"line":141,"column":4},"end":{"line":155,"column":7}},"44":{"start":{"line":146,"column":42},"end":{"line":153,"column":9}},"45":{"start":{"line":158,"column":4},"end":{"line":158,"column":63}},"46":{"start":{"line":167,"column":30},"end":{"line":186,"column":1}},"47":{"start":{"line":168,"column":2},"end":{"line":185,"column":3}},"48":{"start":{"line":169,"column":19},"end":{"line":169,"column":29}},"49":{"start":{"line":172,"column":26},"end":{"line":172,"column":67}},"50":{"start":{"line":174,"column":4},"end":{"line":176,"column":5}},"51":{"start":{"line":175,"column":6},"end":{"line":175,"column":78}},"52":{"start":{"line":179,"column":4},"end":{"line":179,"column":56}},"53":{"start":{"line":181,"column":4},"end":{"line":181,"column":89}},"54":{"start":{"line":184,"column":4},"end":{"line":184,"column":64}},"55":{"start":{"line":193,"column":28},"end":{"line":215,"column":1}},"56":{"start":{"line":194,"column":2},"end":{"line":214,"column":3}},"57":{"start":{"line":195,"column":25},"end":{"line":195,"column":35}},"58":{"start":{"line":197,"column":17},"end":{"line":197,"column":51}},"59":{"start":{"line":198,"column":4},"end":{"line":198,"column":22}},"60":{"start":{"line":198,"column":15},"end":{"line":198,"column":22}},"61":{"start":{"line":200,"column":27},"end":{"line":200,"column":73}},"62":{"start":{"line":202,"column":18},"end":{"line":208,"column":5}},"63":{"start":{"line":204,"column":65},"end":{"line":204,"column":87}},"64":{"start":{"line":206,"column":46},"end":{"line":206,"column":68}},"65":{"start":{"line":210,"column":4},"end":{"line":210,"column":36}},"66":{"start":{"line":213,"column":4},"end":{"line":213,"column":62}},"67":{"start":{"line":217,"column":0},"end":{"line":223,"column":2}}},"fnMap":{"0":{"name":"(anonymous_0)","decl":{"start":{"line":11,"column":31},"end":{"line":11,"column":32}},"loc":{"start":{"line":11,"column":51},"end":{"line":75,"column":1}},"line":11},"1":{"name":"(anonymous_1)","decl":{"start":{"line":44,"column":21},"end":{"line":44,"column":22}},"loc":{"start":{"line":44,"column":28},"end":{"line":52,"column":7}},"line":44},"2":{"name":"(anonymous_2)","decl":{"start":{"line":61,"column":42},"end":{"line":61,"column":43}},"loc":{"start":{"line":61,"column":49},"end":{"line":68,"column":9}},"line":61},"3":{"name":"(anonymous_3)","decl":{"start":{"line":82,"column":30},"end":{"line":82,"column":31}},"loc":{"start":{"line":82,"column":50},"end":{"line":121,"column":1}},"line":82},"4":{"name":"(anonymous_4)","decl":{"start":{"line":94,"column":25},"end":{"line":94,"column":26}},"loc":{"start":{"line":94,"column":50},"end":{"line":111,"column":7}},"line":94},"5":{"name":"(anonymous_5)","decl":{"start":{"line":101,"column":37},"end":{"line":101,"column":38}},"loc":{"start":{"line":101,"column":44},"end":{"line":108,"column":11}},"line":101},"6":{"name":"(anonymous_6)","decl":{"start":{"line":128,"column":34},"end":{"line":128,"column":35}},"loc":{"start":{"line":128,"column":54},"end":{"line":160,"column":1}},"line":128},"7":{"name":"(anonymous_7)","decl":{"start":{"line":146,"column":35},"end":{"line":146,"column":36}},"loc":{"start":{"line":146,"column":42},"end":{"line":153,"column":9}},"line":146},"8":{"name":"(anonymous_8)","decl":{"start":{"line":167,"column":30},"end":{"line":167,"column":31}},"loc":{"start":{"line":167,"column":50},"end":{"line":186,"column":1}},"line":167},"9":{"name":"(anonymous_9)","decl":{"start":{"line":193,"column":28},"end":{"line":193,"column":29}},"loc":{"start":{"line":193,"column":48},"end":{"line":215,"column":1}},"line":193},"10":{"name":"(anonymous_10)","decl":{"start":{"line":204,"column":51},"end":{"line":204,"column":52}},"loc":{"start":{"line":204,"column":65},"end":{"line":204,"column":87}},"line":204},"11":{"name":"(anonymous_11)","decl":{"start":{"line":206,"column":32},"end":{"line":206,"column":33}},"loc":{"start":{"line":206,"column":46},"end":{"line":206,"column":68}},"line":206}},"branchMap":{"0":{"loc":{"start":{"line":16,"column":4},"end":{"line":20,"column":5}},"type":"if","locations":[{"start":{"line":16,"column":4},"end":{"line":20,"column":5}},{"start":{},"end":{}}],"line":16},"1":{"loc":{"start":{"line":24,"column":4},"end":{"line":24,"column":57}},"type":"if","locations":[{"start":{"line":24,"column":4},"end":{"line":24,"column":57}},{"start":{},"end":{}}],"line":24},"2":{"loc":{"start":{"line":28,"column":4},"end":{"line":28,"column":22}},"type":"if","locations":[{"start":{"line":28,"column":4},"end":{"line":28,"column":22}},{"start":{},"end":{}}],"line":28},"3":{"loc":{"start":{"line":36,"column":13},"end":{"line":36,"column":49}},"type":"cond-expr","locations":[{"start":{"line":36,"column":21},"end":{"line":36,"column":36}},{"start":{"line":36,"column":39},"end":{"line":36,"column":49}}],"line":36},"4":{"loc":{"start":{"line":87,"column":4},"end":{"line":87,"column":22}},"type":"if","locations":[{"start":{"line":87,"column":4},"end":{"line":87,"column":22}},{"start":{},"end":{}}],"line":87},"5":{"loc":{"start":{"line":134,"column":4},"end":{"line":136,"column":5}},"type":"if","locations":[{"start":{"line":134,"column":4},"end":{"line":136,"column":5}},{"start":{},"end":{}}],"line":134},"6":{"loc":{"start":{"line":174,"column":4},"end":{"line":176,"column":5}},"type":"if","locations":[{"start":{"line":174,"column":4},"end":{"line":176,"column":5}},{"start":{},"end":{}}],"line":174},"7":{"loc":{"start":{"line":198,"column":4},"end":{"line":198,"column":22}},"type":"if","locations":[{"start":{"line":198,"column":4},"end":{"line":198,"column":22}},{"start":{},"end":{}}],"line":198},"8":{"loc":{"start":{"line":205,"column":39},"end":{"line":207,"column":11}},"type":"cond-expr","locations":[{"start":{"line":206,"column":10},"end":{"line":206,"column":96}},{"start":{"line":207,"column":10},"end":{"line":207,"column":11}}],"line":205}},"s":{"0":2,"1":2,"2":2,"3":2,"4":2,"5":4,"6":4,"7":4,"8":0,"9":4,"10":4,"11":1,"12":3,"13":3,"14":1,"15":2,"16":2,"17":2,"18":2,"19":2,"20":2,"21":2,"22":0,"23":2,"24":3,"25":3,"26":3,"27":3,"28":1,"29":2,"30":2,"31":2,"32":2,"33":2,"34":2,"35":0,"36":2,"37":2,"38":2,"39":2,"40":2,"41":1,"42":1,"43":1,"44":1,"45":0,"46":2,"47":2,"48":2,"49":2,"50":2,"51":1,"52":1,"53":1,"54":0,"55":2,"56":2,"57":2,"58":2,"59":2,"60":1,"61":1,"62":1,"63":2,"64":2,"65":1,"66":0,"67":2},"f":{"0":4,"1":2,"2":2,"3":3,"4":2,"5":2,"6":2,"7":1,"8":2,"9":2,"10":2,"11":2},"b":{"0":[0,4],"1":[1,3],"2":[1,2],"3":[2,0],"4":[1,2],"5":[1,1],"6":[1,1],"7":[1,1],"8":[1,0]},"_coverageSchema":"1a1c01bbd47fc00a2c39e90264f33305004495a9","hash":"b74d81a2c9f62df8df005ffa1b38418641051c10"}
,"/Users/enolrh/Desktop/Universidad/5/TFG/WodBuster AI/backend/controllers/oneRMController.js": {"path":"/Users/enolrh/Desktop/Universidad/5/TFG/WodBuster AI/backend/controllers/oneRMController.js","statementMap":{"0":{"start":{"line":1,"column":14},"end":{"line":1,"column":40}},"1":{"start":{"line":2,"column":30},"end":{"line":2,"column":69}},"2":{"start":{"line":3,"column":62},"end":{"line":3,"column":99}},"3":{"start":{"line":10,"column":23},"end":{"line":45,"column":1}},"4":{"start":{"line":11,"column":2},"end":{"line":44,"column":3}},"5":{"start":{"line":12,"column":55},"end":{"line":12,"column":63}},"6":{"start":{"line":15,"column":23},"end":{"line":15,"column":77}},"7":{"start":{"line":16,"column":4},"end":{"line":16,"column":47}},"8":{"start":{"line":16,"column":40},"end":{"line":16,"column":47}},"9":{"start":{"line":19,"column":17},"end":{"line":19,"column":51}},"10":{"start":{"line":20,"column":4},"end":{"line":20,"column":22}},"11":{"start":{"line":20,"column":15},"end":{"line":20,"column":22}},"12":{"start":{"line":23,"column":21},"end":{"line":28,"column":6}},"13":{"start":{"line":30,"column":4},"end":{"line":30,"column":26}},"14":{"start":{"line":32,"column":4},"end":{"line":40,"column":7}},"15":{"start":{"line":43,"column":4},"end":{"line":43,"column":55}},"16":{"start":{"line":52,"column":37},"end":{"line":78,"column":1}},"17":{"start":{"line":53,"column":2},"end":{"line":77,"column":3}},"18":{"start":{"line":54,"column":36},"end":{"line":54,"column":46}},"19":{"start":{"line":57,"column":17},"end":{"line":57,"column":51}},"20":{"start":{"line":58,"column":4},"end":{"line":58,"column":22}},"21":{"start":{"line":58,"column":15},"end":{"line":58,"column":22}},"22":{"start":{"line":61,"column":22},"end":{"line":64,"column":25}},"23":{"start":{"line":66,"column":4},"end":{"line":73,"column":7}},"24":{"start":{"line":68,"column":37},"end":{"line":72,"column":7}},"25":{"start":{"line":76,"column":4},"end":{"line":76,"column":66}},"26":{"start":{"line":85,"column":31},"end":{"line":103,"column":1}},"27":{"start":{"line":86,"column":2},"end":{"line":102,"column":3}},"28":{"start":{"line":87,"column":25},"end":{"line":87,"column":35}},"29":{"start":{"line":90,"column":17},"end":{"line":90,"column":51}},"30":{"start":{"line":91,"column":4},"end":{"line":91,"column":22}},"31":{"start":{"line":91,"column":15},"end":{"line":91,"column":22}},"32":{"start":{"line":94,"column":23},"end":{"line":94,"column":84}},"33":{"start":{"line":96,"column":4},"end":{"line":98,"column":7}},"34":{"start":{"line":101,"column":4},"end":{"line":101,"column":69}},"35":{"start":{"line":110,"column":33},"end":{"line":133,"column":1}},"36":{"start":{"line":111,"column":2},"end":{"line":132,"column":3}},"37":{"start":{"line":112,"column":25},"end":{"line":112,"column":35}},"38":{"start":{"line":115,"column":17},"end":{"line":115,"column":51}},"39":{"start":{"line":116,"column":4},"end":{"line":116,"column":22}},"40":{"start":{"line":116,"column":15},"end":{"line":116,"column":22}},"41":{"start":{"line":119,"column":22},"end":{"line":119,"column":80}},"42":{"start":{"line":121,"column":4},"end":{"line":128,"column":7}},"43":{"start":{"line":122,"column":37},"end":{"line":127,"column":7}},"44":{"start":{"line":131,"column":4},"end":{"line":131,"column":66}},"45":{"start":{"line":140,"column":22},"end":{"line":155,"column":1}},"46":{"start":{"line":141,"column":2},"end":{"line":154,"column":3}},"47":{"start":{"line":142,"column":19},"end":{"line":142,"column":29}},"48":{"start":{"line":144,"column":18},"end":{"line":144,"column":51}},"49":{"start":{"line":146,"column":4},"end":{"line":148,"column":5}},"50":{"start":{"line":147,"column":6},"end":{"line":147,"column":73}},"51":{"start":{"line":150,"column":4},"end":{"line":150,"column":70}},"52":{"start":{"line":153,"column":4},"end":{"line":153,"column":66}},"53":{"start":{"line":157,"column":0},"end":{"line":163,"column":2}}},"fnMap":{"0":{"name":"(anonymous_0)","decl":{"start":{"line":10,"column":23},"end":{"line":10,"column":24}},"loc":{"start":{"line":10,"column":43},"end":{"line":45,"column":1}},"line":10},"1":{"name":"(anonymous_1)","decl":{"start":{"line":52,"column":37},"end":{"line":52,"column":38}},"loc":{"start":{"line":52,"column":57},"end":{"line":78,"column":1}},"line":52},"2":{"name":"(anonymous_2)","decl":{"start":{"line":68,"column":31},"end":{"line":68,"column":32}},"loc":{"start":{"line":68,"column":37},"end":{"line":72,"column":7}},"line":68},"3":{"name":"(anonymous_3)","decl":{"start":{"line":85,"column":31},"end":{"line":85,"column":32}},"loc":{"start":{"line":85,"column":51},"end":{"line":103,"column":1}},"line":85},"4":{"name":"(anonymous_4)","decl":{"start":{"line":110,"column":33},"end":{"line":110,"column":34}},"loc":{"start":{"line":110,"column":53},"end":{"line":133,"column":1}},"line":110},"5":{"name":"(anonymous_5)","decl":{"start":{"line":122,"column":31},"end":{"line":122,"column":32}},"loc":{"start":{"line":122,"column":37},"end":{"line":127,"column":7}},"line":122},"6":{"name":"(anonymous_6)","decl":{"start":{"line":140,"column":22},"end":{"line":140,"column":23}},"loc":{"start":{"line":140,"column":42},"end":{"line":155,"column":1}},"line":140}},"branchMap":{"0":{"loc":{"start":{"line":16,"column":4},"end":{"line":16,"column":47}},"type":"if","locations":[{"start":{"line":16,"column":4},"end":{"line":16,"column":47}},{"start":{},"end":{}}],"line":16},"1":{"loc":{"start":{"line":20,"column":4},"end":{"line":20,"column":22}},"type":"if","locations":[{"start":{"line":20,"column":4},"end":{"line":20,"column":22}},{"start":{},"end":{}}],"line":20},"2":{"loc":{"start":{"line":27,"column":13},"end":{"line":27,"column":49}},"type":"cond-expr","locations":[{"start":{"line":27,"column":21},"end":{"line":27,"column":36}},{"start":{"line":27,"column":39},"end":{"line":27,"column":49}}],"line":27},"3":{"loc":{"start":{"line":58,"column":4},"end":{"line":58,"column":22}},"type":"if","locations":[{"start":{"line":58,"column":4},"end":{"line":58,"column":22}},{"start":{},"end":{}}],"line":58},"4":{"loc":{"start":{"line":91,"column":4},"end":{"line":91,"column":22}},"type":"if","locations":[{"start":{"line":91,"column":4},"end":{"line":91,"column":22}},{"start":{},"end":{}}],"line":91},"5":{"loc":{"start":{"line":116,"column":4},"end":{"line":116,"column":22}},"type":"if","locations":[{"start":{"line":116,"column":4},"end":{"line":116,"column":22}},{"start":{},"end":{}}],"line":116},"6":{"loc":{"start":{"line":146,"column":4},"end":{"line":148,"column":5}},"type":"if","locations":[{"start":{"line":146,"column":4},"end":{"line":148,"column":5}},{"start":{},"end":{}}],"line":146}},"s":{"0":2,"1":2,"2":2,"3":2,"4":6,"5":6,"6":6,"7":6,"8":2,"9":4,"10":4,"11":2,"12":2,"13":2,"14":2,"15":0,"16":2,"17":3,"18":3,"19":3,"20":3,"21":1,"22":2,"23":2,"24":3,"25":0,"26":2,"27":2,"28":2,"29":2,"30":2,"31":1,"32":1,"33":1,"34":0,"35":2,"36":2,"37":2,"38":2,"39":2,"40":1,"41":1,"42":1,"43":1,"44":0,"45":2,"46":2,"47":2,"48":2,"49":2,"50":1,"51":1,"52":0,"53":2},"f":{"0":6,"1":3,"2":3,"3":2,"4":2,"5":1,"6":2},"b":{"0":[2,4],"1":[2,2],"2":[0,2],"3":[1,2],"4":[1,1],"5":[1,1],"6":[1,1]},"_coverageSchema":"1a1c01bbd47fc00a2c39e90264f33305004495a9","hash":"20173d27b720cfa18456075ca4ab0d56324a7113"}
,"/Users/enolrh/Desktop/Universidad/5/TFG/WodBuster AI/backend/controllers/planEntrenamientoController.js": {"path":"/Users/enolrh/Desktop/Universidad/5/TFG/WodBuster AI/backend/controllers/planEntrenamientoController.js","statementMap":{"0":{"start":{"line":1,"column":13},"end":{"line":1,"column":38}},"1":{"start":{"line":2,"column":22},"end":{"line":2,"column":56}},"2":{"start":{"line":3,"column":18},"end":{"line":3,"column":48}},"3":{"start":{"line":4,"column":14},"end":{"line":4,"column":40}},"4":{"start":{"line":5,"column":20},"end":{"line":5,"column":52}},"5":{"start":{"line":6,"column":26},"end":{"line":6,"column":64}},"6":{"start":{"line":7,"column":52},"end":{"line":7,"column":85}},"7":{"start":{"line":8,"column":11},"end":{"line":8,"column":33}},"8":{"start":{"line":9,"column":13},"end":{"line":9,"column":28}},"9":{"start":{"line":14,"column":34},"end":{"line":53,"column":1}},"10":{"start":{"line":15,"column":26},"end":{"line":15,"column":28}},"11":{"start":{"line":17,"column":2},"end":{"line":19,"column":3}},"12":{"start":{"line":18,"column":4},"end":{"line":18,"column":33}},"13":{"start":{"line":20,"column":2},"end":{"line":22,"column":3}},"14":{"start":{"line":21,"column":4},"end":{"line":21,"column":33}},"15":{"start":{"line":23,"column":2},"end":{"line":25,"column":3}},"16":{"start":{"line":24,"column":4},"end":{"line":24,"column":33}},"17":{"start":{"line":26,"column":2},"end":{"line":28,"column":3}},"18":{"start":{"line":27,"column":4},"end":{"line":27,"column":35}},"19":{"start":{"line":31,"column":25},"end":{"line":31,"column":77}},"20":{"start":{"line":34,"column":2},"end":{"line":40,"column":3}},"21":{"start":{"line":35,"column":4},"end":{"line":39,"column":6}},"22":{"start":{"line":43,"column":2},"end":{"line":50,"column":3}},"23":{"start":{"line":44,"column":4},"end":{"line":49,"column":6}},"24":{"start":{"line":52,"column":2},"end":{"line":52,"column":26}},"25":{"start":{"line":58,"column":29},"end":{"line":75,"column":1}},"26":{"start":{"line":59,"column":13},"end":{"line":59,"column":15}},"27":{"start":{"line":61,"column":2},"end":{"line":63,"column":3}},"28":{"start":{"line":62,"column":4},"end":{"line":62,"column":37}},"29":{"start":{"line":64,"column":2},"end":{"line":66,"column":3}},"30":{"start":{"line":65,"column":4},"end":{"line":65,"column":42}},"31":{"start":{"line":67,"column":2},"end":{"line":69,"column":3}},"32":{"start":{"line":68,"column":4},"end":{"line":68,"column":43}},"33":{"start":{"line":70,"column":2},"end":{"line":72,"column":3}},"34":{"start":{"line":71,"column":4},"end":{"line":71,"column":45}},"35":{"start":{"line":74,"column":2},"end":{"line":74,"column":102}},"36":{"start":{"line":80,"column":41},"end":{"line":115,"column":1}},"37":{"start":{"line":81,"column":2},"end":{"line":83,"column":3}},"38":{"start":{"line":82,"column":4},"end":{"line":82,"column":65}},"39":{"start":{"line":86,"column":34},"end":{"line":86,"column":82}},"40":{"start":{"line":86,"column":64},"end":{"line":86,"column":81}},"41":{"start":{"line":89,"column":18},"end":{"line":89,"column":54}},"42":{"start":{"line":90,"column":14},"end":{"line":90,"column":43}},"43":{"start":{"line":92,"column":2},"end":{"line":112,"column":3}},"44":{"start":{"line":92,"column":15},"end":{"line":92,"column":16}},"45":{"start":{"line":93,"column":26},"end":{"line":93,"column":36}},"46":{"start":{"line":94,"column":18},"end":{"line":94,"column":75}},"47":{"start":{"line":95,"column":4},"end":{"line":95,"column":98}},"48":{"start":{"line":98,"column":23},"end":{"line":99,"column":29}},"49":{"start":{"line":101,"column":4},"end":{"line":110,"column":5}},"50":{"start":{"line":102,"column":6},"end":{"line":102,"column":45}},"51":{"start":{"line":103,"column":6},"end":{"line":107,"column":9}},"52":{"start":{"line":104,"column":33},"end":{"line":104,"column":70}},"53":{"start":{"line":105,"column":8},"end":{"line":105,"column":95}},"54":{"start":{"line":106,"column":8},"end":{"line":106,"column":88}},"55":{"start":{"line":109,"column":6},"end":{"line":109,"column":49}},"56":{"start":{"line":111,"column":4},"end":{"line":111,"column":18}},"57":{"start":{"line":114,"column":2},"end":{"line":114,"column":15}},"58":{"start":{"line":120,"column":30},"end":{"line":143,"column":1}},"59":{"start":{"line":121,"column":2},"end":{"line":123,"column":3}},"60":{"start":{"line":122,"column":4},"end":{"line":122,"column":80}},"61":{"start":{"line":126,"column":32},"end":{"line":126,"column":34}},"62":{"start":{"line":128,"column":2},"end":{"line":133,"column":5}},"63":{"start":{"line":129,"column":22},"end":{"line":129,"column":39}},"64":{"start":{"line":130,"column":4},"end":{"line":132,"column":5}},"65":{"start":{"line":131,"column":6},"end":{"line":131,"column":43}},"66":{"start":{"line":135,"column":14},"end":{"line":135,"column":119}},"67":{"start":{"line":137,"column":2},"end":{"line":140,"column":5}},"68":{"start":{"line":138,"column":18},"end":{"line":138,"column":70}},"69":{"start":{"line":139,"column":4},"end":{"line":139,"column":64}},"70":{"start":{"line":142,"column":2},"end":{"line":142,"column":15}},"71":{"start":{"line":148,"column":30},"end":{"line":190,"column":1}},"72":{"start":{"line":149,"column":2},"end":{"line":151,"column":3}},"73":{"start":{"line":150,"column":4},"end":{"line":150,"column":59}},"74":{"start":{"line":154,"column":24},"end":{"line":154,"column":26}},"75":{"start":{"line":156,"column":2},"end":{"line":162,"column":5}},"76":{"start":{"line":157,"column":19},"end":{"line":157,"column":30}},"77":{"start":{"line":158,"column":4},"end":{"line":160,"column":5}},"78":{"start":{"line":159,"column":6},"end":{"line":159,"column":33}},"79":{"start":{"line":161,"column":4},"end":{"line":161,"column":34}},"80":{"start":{"line":164,"column":14},"end":{"line":164,"column":139}},"81":{"start":{"line":166,"column":2},"end":{"line":187,"column":5}},"82":{"start":{"line":168,"column":4},"end":{"line":168,"column":50}},"83":{"start":{"line":168,"column":29},"end":{"line":168,"column":48}},"84":{"start":{"line":169,"column":18},"end":{"line":169,"column":30}},"85":{"start":{"line":171,"column":20},"end":{"line":171,"column":49}},"86":{"start":{"line":172,"column":21},"end":{"line":172,"column":38}},"87":{"start":{"line":173,"column":29},"end":{"line":173,"column":81}},"88":{"start":{"line":174,"column":18},"end":{"line":174,"column":67}},"89":{"start":{"line":176,"column":4},"end":{"line":176,"column":76}},"90":{"start":{"line":178,"column":4},"end":{"line":184,"column":5}},"91":{"start":{"line":180,"column":28},"end":{"line":180,"column":59}},"92":{"start":{"line":181,"column":21},"end":{"line":181,"column":56}},"93":{"start":{"line":182,"column":31},"end":{"line":182,"column":81}},"94":{"start":{"line":183,"column":6},"end":{"line":183,"column":96}},"95":{"start":{"line":186,"column":4},"end":{"line":186,"column":18}},"96":{"start":{"line":189,"column":2},"end":{"line":189,"column":15}},"97":{"start":{"line":195,"column":22},"end":{"line":241,"column":1}},"98":{"start":{"line":197,"column":15},"end":{"line":197,"column":42}},"99":{"start":{"line":198,"column":2},"end":{"line":200,"column":3}},"100":{"start":{"line":199,"column":4},"end":{"line":199,"column":45}},"101":{"start":{"line":203,"column":25},"end":{"line":203,"column":81}},"102":{"start":{"line":206,"column":23},"end":{"line":206,"column":71}},"103":{"start":{"line":209,"column":23},"end":{"line":209,"column":77}},"104":{"start":{"line":212,"column":21},"end":{"line":212,"column":82}},"105":{"start":{"line":213,"column":2},"end":{"line":219,"column":3}},"106":{"start":{"line":214,"column":4},"end":{"line":218,"column":6}},"107":{"start":{"line":222,"column":23},"end":{"line":222,"column":75}},"108":{"start":{"line":223,"column":17},"end":{"line":223,"column":56}},"109":{"start":{"line":226,"column":22},"end":{"line":226,"column":48}},"110":{"start":{"line":227,"column":34},"end":{"line":227,"column":88}},"111":{"start":{"line":228,"column":28},"end":{"line":228,"column":63}},"112":{"start":{"line":229,"column":28},"end":{"line":229,"column":63}},"113":{"start":{"line":232,"column":2},"end":{"line":232,"column":60}},"114":{"start":{"line":233,"column":2},"end":{"line":233,"column":79}},"115":{"start":{"line":234,"column":2},"end":{"line":234,"column":71}},"116":{"start":{"line":235,"column":2},"end":{"line":235,"column":70}},"117":{"start":{"line":237,"column":2},"end":{"line":240,"column":4}},"118":{"start":{"line":246,"column":0},"end":{"line":317,"column":2}},"119":{"start":{"line":247,"column":2},"end":{"line":316,"column":3}},"120":{"start":{"line":248,"column":25},"end":{"line":248,"column":35}},"121":{"start":{"line":249,"column":23},"end":{"line":249,"column":31}},"122":{"start":{"line":252,"column":17},"end":{"line":252,"column":49}},"123":{"start":{"line":253,"column":4},"end":{"line":258,"column":5}},"124":{"start":{"line":254,"column":6},"end":{"line":257,"column":9}},"125":{"start":{"line":261,"column":26},"end":{"line":261,"column":56}},"126":{"start":{"line":263,"column":22},"end":{"line":263,"column":51}},"127":{"start":{"line":265,"column":4},"end":{"line":271,"column":5}},"128":{"start":{"line":266,"column":6},"end":{"line":270,"column":9}},"129":{"start":{"line":274,"column":25},"end":{"line":274,"column":77}},"130":{"start":{"line":276,"column":4},"end":{"line":282,"column":5}},"131":{"start":{"line":277,"column":6},"end":{"line":281,"column":9}},"132":{"start":{"line":285,"column":22},"end":{"line":292,"column":6}},"133":{"start":{"line":294,"column":4},"end":{"line":294,"column":27}},"134":{"start":{"line":297,"column":4},"end":{"line":308,"column":7}},"135":{"start":{"line":311,"column":4},"end":{"line":315,"column":7}},"136":{"start":{"line":322,"column":0},"end":{"line":350,"column":2}},"137":{"start":{"line":323,"column":2},"end":{"line":349,"column":3}},"138":{"start":{"line":324,"column":25},"end":{"line":324,"column":35}},"139":{"start":{"line":327,"column":17},"end":{"line":327,"column":49}},"140":{"start":{"line":328,"column":4},"end":{"line":333,"column":5}},"141":{"start":{"line":329,"column":6},"end":{"line":332,"column":9}},"142":{"start":{"line":335,"column":19},"end":{"line":336,"column":36}},"143":{"start":{"line":338,"column":4},"end":{"line":341,"column":7}},"144":{"start":{"line":344,"column":4},"end":{"line":348,"column":7}},"145":{"start":{"line":355,"column":0},"end":{"line":389,"column":2}},"146":{"start":{"line":356,"column":2},"end":{"line":388,"column":3}},"147":{"start":{"line":357,"column":33},"end":{"line":357,"column":43}},"148":{"start":{"line":360,"column":17},"end":{"line":360,"column":49}},"149":{"start":{"line":361,"column":4},"end":{"line":366,"column":5}},"150":{"start":{"line":362,"column":6},"end":{"line":365,"column":9}},"151":{"start":{"line":368,"column":17},"end":{"line":368,"column":83}},"152":{"start":{"line":370,"column":4},"end":{"line":375,"column":5}},"153":{"start":{"line":371,"column":6},"end":{"line":374,"column":9}},"154":{"start":{"line":377,"column":4},"end":{"line":380,"column":7}},"155":{"start":{"line":383,"column":4},"end":{"line":387,"column":7}},"156":{"start":{"line":394,"column":0},"end":{"line":429,"column":2}},"157":{"start":{"line":395,"column":2},"end":{"line":428,"column":3}},"158":{"start":{"line":396,"column":33},"end":{"line":396,"column":43}},"159":{"start":{"line":399,"column":17},"end":{"line":399,"column":49}},"160":{"start":{"line":400,"column":4},"end":{"line":405,"column":5}},"161":{"start":{"line":401,"column":6},"end":{"line":404,"column":9}},"162":{"start":{"line":408,"column":17},"end":{"line":408,"column":92}},"163":{"start":{"line":410,"column":4},"end":{"line":415,"column":5}},"164":{"start":{"line":411,"column":6},"end":{"line":414,"column":9}},"165":{"start":{"line":417,"column":4},"end":{"line":420,"column":7}},"166":{"start":{"line":423,"column":4},"end":{"line":427,"column":7}},"167":{"start":{"line":431,"column":0},"end":{"line":431,"column":25}}},"fnMap":{"0":{"name":"(anonymous_0)","decl":{"start":{"line":14,"column":34},"end":{"line":14,"column":35}},"loc":{"start":{"line":14,"column":74},"end":{"line":53,"column":1}},"line":14},"1":{"name":"(anonymous_1)","decl":{"start":{"line":58,"column":29},"end":{"line":58,"column":30}},"loc":{"start":{"line":58,"column":39},"end":{"line":75,"column":1}},"line":58},"2":{"name":"(anonymous_2)","decl":{"start":{"line":80,"column":41},"end":{"line":80,"column":42}},"loc":{"start":{"line":80,"column":67},"end":{"line":115,"column":1}},"line":80},"3":{"name":"(anonymous_3)","decl":{"start":{"line":86,"column":54},"end":{"line":86,"column":55}},"loc":{"start":{"line":86,"column":64},"end":{"line":86,"column":81}},"line":86},"4":{"name":"(anonymous_4)","decl":{"start":{"line":103,"column":25},"end":{"line":103,"column":26}},"loc":{"start":{"line":103,"column":38},"end":{"line":107,"column":7}},"line":103},"5":{"name":"(anonymous_5)","decl":{"start":{"line":120,"column":30},"end":{"line":120,"column":31}},"loc":{"start":{"line":120,"column":45},"end":{"line":143,"column":1}},"line":120},"6":{"name":"(anonymous_6)","decl":{"start":{"line":128,"column":20},"end":{"line":128,"column":21}},"loc":{"start":{"line":128,"column":25},"end":{"line":133,"column":3}},"line":128},"7":{"name":"(anonymous_7)","decl":{"start":{"line":137,"column":48},"end":{"line":137,"column":49}},"loc":{"start":{"line":137,"column":75},"end":{"line":140,"column":3}},"line":137},"8":{"name":"(anonymous_8)","decl":{"start":{"line":148,"column":30},"end":{"line":148,"column":31}},"loc":{"start":{"line":148,"column":40},"end":{"line":190,"column":1}},"line":148},"9":{"name":"(anonymous_9)","decl":{"start":{"line":156,"column":15},"end":{"line":156,"column":16}},"loc":{"start":{"line":156,"column":20},"end":{"line":162,"column":3}},"line":156},"10":{"name":"(anonymous_10)","decl":{"start":{"line":166,"column":40},"end":{"line":166,"column":41}},"loc":{"start":{"line":166,"column":65},"end":{"line":187,"column":3}},"line":166},"11":{"name":"(anonymous_11)","decl":{"start":{"line":168,"column":19},"end":{"line":168,"column":20}},"loc":{"start":{"line":168,"column":29},"end":{"line":168,"column":48}},"line":168},"12":{"name":"(anonymous_12)","decl":{"start":{"line":195,"column":22},"end":{"line":195,"column":23}},"loc":{"start":{"line":195,"column":40},"end":{"line":241,"column":1}},"line":195},"13":{"name":"(anonymous_13)","decl":{"start":{"line":246,"column":35},"end":{"line":246,"column":36}},"loc":{"start":{"line":246,"column":55},"end":{"line":317,"column":1}},"line":246},"14":{"name":"(anonymous_14)","decl":{"start":{"line":322,"column":34},"end":{"line":322,"column":35}},"loc":{"start":{"line":322,"column":54},"end":{"line":350,"column":1}},"line":322},"15":{"name":"(anonymous_15)","decl":{"start":{"line":355,"column":27},"end":{"line":355,"column":28}},"loc":{"start":{"line":355,"column":47},"end":{"line":389,"column":1}},"line":355},"16":{"name":"(anonymous_16)","decl":{"start":{"line":394,"column":23},"end":{"line":394,"column":24}},"loc":{"start":{"line":394,"column":43},"end":{"line":429,"column":1}},"line":394}},"branchMap":{"0":{"loc":{"start":{"line":17,"column":2},"end":{"line":19,"column":3}},"type":"if","locations":[{"start":{"line":17,"column":2},"end":{"line":19,"column":3}},{"start":{},"end":{}}],"line":17},"1":{"loc":{"start":{"line":17,"column":6},"end":{"line":17,"column":37}},"type":"binary-expr","locations":[{"start":{"line":17,"column":6},"end":{"line":17,"column":15}},{"start":{"line":17,"column":19},"end":{"line":17,"column":37}}],"line":17},"2":{"loc":{"start":{"line":20,"column":2},"end":{"line":22,"column":3}},"type":"if","locations":[{"start":{"line":20,"column":2},"end":{"line":22,"column":3}},{"start":{},"end":{}}],"line":20},"3":{"loc":{"start":{"line":23,"column":2},"end":{"line":25,"column":3}},"type":"if","locations":[{"start":{"line":23,"column":2},"end":{"line":25,"column":3}},{"start":{},"end":{}}],"line":23},"4":{"loc":{"start":{"line":26,"column":2},"end":{"line":28,"column":3}},"type":"if","locations":[{"start":{"line":26,"column":2},"end":{"line":28,"column":3}},{"start":{},"end":{}}],"line":26},"5":{"loc":{"start":{"line":31,"column":25},"end":{"line":31,"column":77}},"type":"binary-expr","locations":[{"start":{"line":31,"column":25},"end":{"line":31,"column":50}},{"start":{"line":31,"column":54},"end":{"line":31,"column":77}}],"line":31},"6":{"loc":{"start":{"line":34,"column":2},"end":{"line":40,"column":3}},"type":"if","locations":[{"start":{"line":34,"column":2},"end":{"line":40,"column":3}},{"start":{},"end":{}}],"line":34},"7":{"loc":{"start":{"line":34,"column":6},"end":{"line":34,"column":53}},"type":"binary-expr","locations":[{"start":{"line":34,"column":6},"end":{"line":34,"column":34}},{"start":{"line":34,"column":38},"end":{"line":34,"column":53}}],"line":34},"8":{"loc":{"start":{"line":43,"column":2},"end":{"line":50,"column":3}},"type":"if","locations":[{"start":{"line":43,"column":2},"end":{"line":50,"column":3}},{"start":{},"end":{}}],"line":43},"9":{"loc":{"start":{"line":61,"column":2},"end":{"line":63,"column":3}},"type":"if","locations":[{"start":{"line":61,"column":2},"end":{"line":63,"column":3}},{"start":{},"end":{}}],"line":61},"10":{"loc":{"start":{"line":61,"column":6},"end":{"line":61,"column":36}},"type":"binary-expr","locations":[{"start":{"line":61,"column":6},"end":{"line":61,"column":14}},{"start":{"line":61,"column":18},"end":{"line":61,"column":36}}],"line":61},"11":{"loc":{"start":{"line":64,"column":2},"end":{"line":66,"column":3}},"type":"if","locations":[{"start":{"line":64,"column":2},"end":{"line":66,"column":3}},{"start":{},"end":{}}],"line":64},"12":{"loc":{"start":{"line":67,"column":2},"end":{"line":69,"column":3}},"type":"if","locations":[{"start":{"line":67,"column":2},"end":{"line":69,"column":3}},{"start":{},"end":{}}],"line":67},"13":{"loc":{"start":{"line":70,"column":2},"end":{"line":72,"column":3}},"type":"if","locations":[{"start":{"line":70,"column":2},"end":{"line":72,"column":3}},{"start":{},"end":{}}],"line":70},"14":{"loc":{"start":{"line":74,"column":9},"end":{"line":74,"column":101}},"type":"cond-expr","locations":[{"start":{"line":74,"column":27},"end":{"line":74,"column":42}},{"start":{"line":74,"column":45},"end":{"line":74,"column":101}}],"line":74},"15":{"loc":{"start":{"line":81,"column":2},"end":{"line":83,"column":3}},"type":"if","locations":[{"start":{"line":81,"column":2},"end":{"line":83,"column":3}},{"start":{},"end":{}}],"line":81},"16":{"loc":{"start":{"line":95,"column":59},"end":{"line":95,"column":90}},"type":"binary-expr","locations":[{"start":{"line":95,"column":59},"end":{"line":95,"column":85}},{"start":{"line":95,"column":89},"end":{"line":95,"column":90}}],"line":95},"17":{"loc":{"start":{"line":101,"column":4},"end":{"line":110,"column":5}},"type":"if","locations":[{"start":{"line":101,"column":4},"end":{"line":110,"column":5}},{"start":{"line":108,"column":11},"end":{"line":110,"column":5}}],"line":101},"18":{"loc":{"start":{"line":121,"column":2},"end":{"line":123,"column":3}},"type":"if","locations":[{"start":{"line":121,"column":2},"end":{"line":123,"column":3}},{"start":{},"end":{}}],"line":121},"19":{"loc":{"start":{"line":130,"column":4},"end":{"line":132,"column":5}},"type":"if","locations":[{"start":{"line":130,"column":4},"end":{"line":132,"column":5}},{"start":{},"end":{}}],"line":130},"20":{"loc":{"start":{"line":130,"column":8},"end":{"line":130,"column":93}},"type":"binary-expr","locations":[{"start":{"line":130,"column":8},"end":{"line":130,"column":41}},{"start":{"line":130,"column":45},"end":{"line":130,"column":93}}],"line":130},"21":{"loc":{"start":{"line":149,"column":2},"end":{"line":151,"column":3}},"type":"if","locations":[{"start":{"line":149,"column":2},"end":{"line":151,"column":3}},{"start":{},"end":{}}],"line":149},"22":{"loc":{"start":{"line":158,"column":4},"end":{"line":160,"column":5}},"type":"if","locations":[{"start":{"line":158,"column":4},"end":{"line":160,"column":5}},{"start":{},"end":{}}],"line":158},"23":{"loc":{"start":{"line":178,"column":4},"end":{"line":184,"column":5}},"type":"if","locations":[{"start":{"line":178,"column":4},"end":{"line":184,"column":5}},{"start":{},"end":{}}],"line":178},"24":{"loc":{"start":{"line":198,"column":2},"end":{"line":200,"column":3}},"type":"if","locations":[{"start":{"line":198,"column":2},"end":{"line":200,"column":3}},{"start":{},"end":{}}],"line":198},"25":{"loc":{"start":{"line":213,"column":2},"end":{"line":219,"column":3}},"type":"if","locations":[{"start":{"line":213,"column":2},"end":{"line":219,"column":3}},{"start":{},"end":{}}],"line":213},"26":{"loc":{"start":{"line":239,"column":17},"end":{"line":239,"column":67}},"type":"cond-expr","locations":[{"start":{"line":239,"column":42},"end":{"line":239,"column":60}},{"start":{"line":239,"column":63},"end":{"line":239,"column":67}}],"line":239},"27":{"loc":{"start":{"line":253,"column":4},"end":{"line":258,"column":5}},"type":"if","locations":[{"start":{"line":253,"column":4},"end":{"line":258,"column":5}},{"start":{},"end":{}}],"line":253},"28":{"loc":{"start":{"line":261,"column":26},"end":{"line":261,"column":56}},"type":"binary-expr","locations":[{"start":{"line":261,"column":26},"end":{"line":261,"column":44}},{"start":{"line":261,"column":48},"end":{"line":261,"column":56}}],"line":261},"29":{"loc":{"start":{"line":265,"column":4},"end":{"line":271,"column":5}},"type":"if","locations":[{"start":{"line":265,"column":4},"end":{"line":271,"column":5}},{"start":{},"end":{}}],"line":265},"30":{"loc":{"start":{"line":276,"column":4},"end":{"line":282,"column":5}},"type":"if","locations":[{"start":{"line":276,"column":4},"end":{"line":282,"column":5}},{"start":{},"end":{}}],"line":276},"31":{"loc":{"start":{"line":287,"column":14},"end":{"line":287,"column":93}},"type":"cond-expr","locations":[{"start":{"line":287,"column":40},"end":{"line":287,"column":53}},{"start":{"line":287,"column":56},"end":{"line":287,"column":93}}],"line":287},"32":{"loc":{"start":{"line":287,"column":14},"end":{"line":287,"column":37}},"type":"binary-expr","locations":[{"start":{"line":287,"column":14},"end":{"line":287,"column":20}},{"start":{"line":287,"column":24},"end":{"line":287,"column":37}}],"line":287},"33":{"loc":{"start":{"line":306,"column":23},"end":{"line":306,"column":53}},"type":"binary-expr","locations":[{"start":{"line":306,"column":23},"end":{"line":306,"column":44}},{"start":{"line":306,"column":48},"end":{"line":306,"column":53}}],"line":306},"34":{"loc":{"start":{"line":328,"column":4},"end":{"line":333,"column":5}},"type":"if","locations":[{"start":{"line":328,"column":4},"end":{"line":333,"column":5}},{"start":{},"end":{}}],"line":328},"35":{"loc":{"start":{"line":361,"column":4},"end":{"line":366,"column":5}},"type":"if","locations":[{"start":{"line":361,"column":4},"end":{"line":366,"column":5}},{"start":{},"end":{}}],"line":361},"36":{"loc":{"start":{"line":370,"column":4},"end":{"line":375,"column":5}},"type":"if","locations":[{"start":{"line":370,"column":4},"end":{"line":375,"column":5}},{"start":{},"end":{}}],"line":370},"37":{"loc":{"start":{"line":400,"column":4},"end":{"line":405,"column":5}},"type":"if","locations":[{"start":{"line":400,"column":4},"end":{"line":405,"column":5}},{"start":{},"end":{}}],"line":400},"38":{"loc":{"start":{"line":410,"column":4},"end":{"line":415,"column":5}},"type":"if","locations":[{"start":{"line":410,"column":4},"end":{"line":415,"column":5}},{"start":{},"end":{}}],"line":410}},"s":{"0":3,"1":3,"2":3,"3":3,"4":3,"5":3,"6":3,"7":3,"8":3,"9":3,"10":7,"11":7,"12":5,"13":7,"14":5,"15":7,"16":5,"17":7,"18":5,"19":7,"20":7,"21":5,"22":2,"23":0,"24":2,"25":3,"26":2,"27":2,"28":2,"29":2,"30":2,"31":2,"32":2,"33":2,"34":2,"35":2,"36":3,"37":2,"38":0,"39":2,"40":0,"41":2,"42":2,"43":2,"44":2,"45":2,"46":2,"47":2,"48":2,"49":2,"50":2,"51":2,"52":2,"53":2,"54":2,"55":0,"56":2,"57":2,"58":3,"59":2,"60":0,"61":2,"62":2,"63":2,"64":2,"65":2,"66":2,"67":2,"68":2,"69":2,"70":2,"71":3,"72":2,"73":2,"74":0,"75":0,"76":0,"77":0,"78":0,"79":0,"80":0,"81":0,"82":0,"83":0,"84":0,"85":0,"86":0,"87":0,"88":0,"89":0,"90":0,"91":0,"92":0,"93":0,"94":0,"95":0,"96":0,"97":3,"98":8,"99":8,"100":0,"101":8,"102":7,"103":7,"104":7,"105":7,"106":5,"107":2,"108":2,"109":2,"110":2,"111":2,"112":2,"113":2,"114":2,"115":2,"116":2,"117":2,"118":3,"119":10,"120":10,"121":10,"122":10,"123":10,"124":2,"125":8,"126":8,"127":7,"128":5,"129":2,"130":2,"131":0,"132":2,"133":2,"134":2,"135":1,"136":3,"137":2,"138":2,"139":2,"140":2,"141":1,"142":1,"143":1,"144":0,"145":3,"146":3,"147":3,"148":3,"149":3,"150":1,"151":2,"152":2,"153":1,"154":1,"155":0,"156":3,"157":3,"158":3,"159":3,"160":3,"161":1,"162":2,"163":2,"164":1,"165":1,"166":0,"167":3},"f":{"0":7,"1":2,"2":2,"3":0,"4":2,"5":2,"6":2,"7":2,"8":2,"9":0,"10":0,"11":0,"12":8,"13":10,"14":2,"15":3,"16":3},"b":{"0":[5,2],"1":[7,7],"2":[5,2],"3":[5,2],"4":[5,2],"5":[7,5],"6":[5,2],"7":[7,5],"8":[0,2],"9":[2,0],"10":[2,2],"11":[2,0],"12":[2,0],"13":[2,0],"14":[2,0],"15":[0,2],"16":[2,0],"17":[2,0],"18":[0,2],"19":[2,0],"20":[2,0],"21":[2,0],"22":[0,0],"23":[0,0],"24":[0,8],"25":[5,2],"26":[0,2],"27":[2,8],"28":[8,4],"29":[5,2],"30":[0,2],"31":[2,0],"32":[2,2],"33":[2,2],"34":[1,1],"35":[1,2],"36":[1,1],"37":[1,2],"38":[1,1]},"_coverageSchema":"1a1c01bbd47fc00a2c39e90264f33305004495a9","hash":"8adcaf81fb09019c20094548b9f2a62d189f74f9"}
,"/Users/enolrh/Desktop/Universidad/5/TFG/WodBuster AI/backend/controllers/userController.js": {"path":"/Users/enolrh/Desktop/Universidad/5/TFG/WodBuster AI/backend/controllers/userController.js","statementMap":{"0":{"start":{"line":1,"column":15},"end":{"line":1,"column":32}},"1":{"start":{"line":2,"column":15},"end":{"line":2,"column":32}},"2":{"start":{"line":3,"column":13},"end":{"line":3,"column":28}},"3":{"start":{"line":4,"column":11},"end":{"line":4,"column":24}},"4":{"start":{"line":5,"column":13},"end":{"line":5,"column":38}},"5":{"start":{"line":13,"column":4},"end":{"line":13,"column":42}},"6":{"start":{"line":14,"column":48},"end":{"line":14,"column":85}},"7":{"start":{"line":17,"column":15},"end":{"line":29,"column":2}},"8":{"start":{"line":21,"column":22},"end":{"line":21,"column":36}},"9":{"start":{"line":22,"column":21},"end":{"line":22,"column":50}},"10":{"start":{"line":23,"column":20},"end":{"line":23,"column":81}},"11":{"start":{"line":24,"column":4},"end":{"line":26,"column":5}},"12":{"start":{"line":25,"column":6},"end":{"line":25,"column":28}},"13":{"start":{"line":27,"column":4},"end":{"line":27,"column":68}},"14":{"start":{"line":37,"column":22},"end":{"line":59,"column":1}},"15":{"start":{"line":38,"column":2},"end":{"line":58,"column":3}},"16":{"start":{"line":39,"column":25},"end":{"line":39,"column":35}},"17":{"start":{"line":41,"column":17},"end":{"line":41,"column":51}},"18":{"start":{"line":42,"column":4},"end":{"line":42,"column":22}},"19":{"start":{"line":42,"column":15},"end":{"line":42,"column":22}},"20":{"start":{"line":44,"column":4},"end":{"line":54,"column":7}},"21":{"start":{"line":57,"column":4},"end":{"line":57,"column":56}},"22":{"start":{"line":66,"column":25},"end":{"line":193,"column":1}},"23":{"start":{"line":67,"column":2},"end":{"line":192,"column":3}},"24":{"start":{"line":68,"column":25},"end":{"line":68,"column":35}},"25":{"start":{"line":69,"column":91},"end":{"line":69,"column":99}},"26":{"start":{"line":71,"column":17},"end":{"line":71,"column":49}},"27":{"start":{"line":73,"column":4},"end":{"line":75,"column":5}},"28":{"start":{"line":74,"column":6},"end":{"line":74,"column":72}},"29":{"start":{"line":78,"column":4},"end":{"line":80,"column":5}},"30":{"start":{"line":79,"column":6},"end":{"line":79,"column":80}},"31":{"start":{"line":82,"column":4},"end":{"line":84,"column":5}},"32":{"start":{"line":83,"column":6},"end":{"line":83,"column":92}},"33":{"start":{"line":87,"column":4},"end":{"line":89,"column":5}},"34":{"start":{"line":88,"column":6},"end":{"line":88,"column":65}},"35":{"start":{"line":91,"column":4},"end":{"line":93,"column":5}},"36":{"start":{"line":92,"column":6},"end":{"line":92,"column":133}},"37":{"start":{"line":95,"column":4},"end":{"line":97,"column":5}},"38":{"start":{"line":96,"column":6},"end":{"line":96,"column":101}},"39":{"start":{"line":99,"column":4},"end":{"line":101,"column":5}},"40":{"start":{"line":100,"column":6},"end":{"line":100,"column":64}},"41":{"start":{"line":103,"column":4},"end":{"line":105,"column":5}},"42":{"start":{"line":104,"column":6},"end":{"line":104,"column":64}},"43":{"start":{"line":107,"column":4},"end":{"line":109,"column":5}},"44":{"start":{"line":108,"column":6},"end":{"line":108,"column":66}},"45":{"start":{"line":112,"column":4},"end":{"line":118,"column":5}},"46":{"start":{"line":113,"column":26},"end":{"line":113,"column":55}},"47":{"start":{"line":114,"column":6},"end":{"line":116,"column":7}},"48":{"start":{"line":115,"column":8},"end":{"line":115,"column":76}},"49":{"start":{"line":117,"column":6},"end":{"line":117,"column":25}},"50":{"start":{"line":120,"column":4},"end":{"line":126,"column":5}},"51":{"start":{"line":121,"column":29},"end":{"line":121,"column":74}},"52":{"start":{"line":122,"column":6},"end":{"line":124,"column":7}},"53":{"start":{"line":123,"column":8},"end":{"line":123,"column":79}},"54":{"start":{"line":125,"column":6},"end":{"line":125,"column":34}},"55":{"start":{"line":129,"column":4},"end":{"line":144,"column":5}},"56":{"start":{"line":130,"column":6},"end":{"line":132,"column":7}},"57":{"start":{"line":131,"column":8},"end":{"line":131,"column":106}},"58":{"start":{"line":134,"column":22},"end":{"line":134,"column":74}},"59":{"start":{"line":135,"column":6},"end":{"line":137,"column":7}},"60":{"start":{"line":136,"column":8},"end":{"line":136,"column":81}},"61":{"start":{"line":139,"column":6},"end":{"line":141,"column":7}},"62":{"start":{"line":140,"column":8},"end":{"line":140,"column":107}},"63":{"start":{"line":143,"column":6},"end":{"line":143,"column":57}},"64":{"start":{"line":147,"column":4},"end":{"line":147,"column":51}},"65":{"start":{"line":147,"column":27},"end":{"line":147,"column":51}},"66":{"start":{"line":151,"column":4},"end":{"line":157,"column":5}},"67":{"start":{"line":152,"column":6},"end":{"line":156,"column":7}},"68":{"start":{"line":153,"column":8},"end":{"line":153,"column":35}},"69":{"start":{"line":155,"column":8},"end":{"line":155,"column":31}},"70":{"start":{"line":159,"column":4},"end":{"line":165,"column":5}},"71":{"start":{"line":160,"column":6},"end":{"line":164,"column":7}},"72":{"start":{"line":161,"column":8},"end":{"line":161,"column":38}},"73":{"start":{"line":163,"column":8},"end":{"line":163,"column":37}},"74":{"start":{"line":167,"column":4},"end":{"line":173,"column":5}},"75":{"start":{"line":168,"column":6},"end":{"line":172,"column":7}},"76":{"start":{"line":169,"column":8},"end":{"line":169,"column":38}},"77":{"start":{"line":171,"column":8},"end":{"line":171,"column":37}},"78":{"start":{"line":175,"column":4},"end":{"line":175,"column":22}},"79":{"start":{"line":177,"column":4},"end":{"line":188,"column":7}},"80":{"start":{"line":191,"column":4},"end":{"line":191,"column":59}},"81":{"start":{"line":200,"column":35},"end":{"line":200,"column":67}},"82":{"start":{"line":202,"column":24},"end":{"line":234,"column":1}},"83":{"start":{"line":203,"column":2},"end":{"line":233,"column":3}},"84":{"start":{"line":204,"column":25},"end":{"line":204,"column":35}},"85":{"start":{"line":206,"column":4},"end":{"line":208,"column":5}},"86":{"start":{"line":207,"column":6},"end":{"line":207,"column":88}},"87":{"start":{"line":210,"column":17},"end":{"line":210,"column":49}},"88":{"start":{"line":211,"column":4},"end":{"line":213,"column":5}},"89":{"start":{"line":212,"column":6},"end":{"line":212,"column":72}},"90":{"start":{"line":219,"column":17},"end":{"line":219,"column":25}},"91":{"start":{"line":220,"column":21},"end":{"line":220,"column":91}},"92":{"start":{"line":221,"column":16},"end":{"line":221,"column":82}},"93":{"start":{"line":223,"column":4},"end":{"line":223,"column":28}},"94":{"start":{"line":224,"column":4},"end":{"line":224,"column":22}},"95":{"start":{"line":226,"column":4},"end":{"line":229,"column":7}},"96":{"start":{"line":231,"column":4},"end":{"line":231,"column":57}},"97":{"start":{"line":232,"column":4},"end":{"line":232,"column":62}},"98":{"start":{"line":241,"column":23},"end":{"line":287,"column":1}},"99":{"start":{"line":242,"column":2},"end":{"line":286,"column":3}},"100":{"start":{"line":243,"column":25},"end":{"line":243,"column":35}},"101":{"start":{"line":244,"column":25},"end":{"line":244,"column":33}},"102":{"start":{"line":247,"column":4},"end":{"line":249,"column":5}},"103":{"start":{"line":248,"column":6},"end":{"line":248,"column":106}},"104":{"start":{"line":252,"column":17},"end":{"line":252,"column":49}},"105":{"start":{"line":254,"column":4},"end":{"line":256,"column":5}},"106":{"start":{"line":255,"column":6},"end":{"line":255,"column":72}},"107":{"start":{"line":259,"column":20},"end":{"line":259,"column":65}},"108":{"start":{"line":260,"column":4},"end":{"line":262,"column":5}},"109":{"start":{"line":261,"column":6},"end":{"line":261,"column":72}},"110":{"start":{"line":265,"column":4},"end":{"line":274,"column":5}},"111":{"start":{"line":266,"column":24},"end":{"line":266,"column":69}},"112":{"start":{"line":267,"column":6},"end":{"line":273,"column":7}},"113":{"start":{"line":268,"column":8},"end":{"line":272,"column":9}},"114":{"start":{"line":269,"column":10},"end":{"line":269,"column":35}},"115":{"start":{"line":277,"column":4},"end":{"line":277,"column":39}},"116":{"start":{"line":279,"column":4},"end":{"line":282,"column":7}},"117":{"start":{"line":285,"column":4},"end":{"line":285,"column":57}},"118":{"start":{"line":294,"column":32},"end":{"line":354,"column":1}},"119":{"start":{"line":295,"column":2},"end":{"line":353,"column":3}},"120":{"start":{"line":296,"column":25},"end":{"line":296,"column":35}},"121":{"start":{"line":298,"column":17},"end":{"line":298,"column":73}},"122":{"start":{"line":300,"column":4},"end":{"line":302,"column":5}},"123":{"start":{"line":301,"column":6},"end":{"line":301,"column":72}},"124":{"start":{"line":305,"column":24},"end":{"line":342,"column":5}},"125":{"start":{"line":344,"column":4},"end":{"line":349,"column":7}},"126":{"start":{"line":352,"column":4},"end":{"line":352,"column":67}},"127":{"start":{"line":361,"column":33},"end":{"line":394,"column":1}},"128":{"start":{"line":362,"column":2},"end":{"line":393,"column":3}},"129":{"start":{"line":363,"column":25},"end":{"line":363,"column":35}},"130":{"start":{"line":364,"column":30},"end":{"line":364,"column":38}},"131":{"start":{"line":367,"column":4},"end":{"line":371,"column":5}},"132":{"start":{"line":368,"column":6},"end":{"line":370,"column":9}},"133":{"start":{"line":373,"column":17},"end":{"line":373,"column":49}},"134":{"start":{"line":375,"column":4},"end":{"line":377,"column":5}},"135":{"start":{"line":376,"column":6},"end":{"line":376,"column":72}},"136":{"start":{"line":380,"column":4},"end":{"line":380,"column":39}},"137":{"start":{"line":381,"column":4},"end":{"line":381,"column":22}},"138":{"start":{"line":383,"column":25},"end":{"line":383,"column":84}},"139":{"start":{"line":385,"column":4},"end":{"line":389,"column":7}},"140":{"start":{"line":392,"column":4},"end":{"line":392,"column":68}},"141":{"start":{"line":396,"column":0},"end":{"line":404,"column":2}}},"fnMap":{"0":{"name":"(anonymous_0)","decl":{"start":{"line":20,"column":14},"end":{"line":20,"column":15}},"loc":{"start":{"line":20,"column":39},"end":{"line":28,"column":3}},"line":20},"1":{"name":"(anonymous_1)","decl":{"start":{"line":37,"column":22},"end":{"line":37,"column":23}},"loc":{"start":{"line":37,"column":42},"end":{"line":59,"column":1}},"line":37},"2":{"name":"(anonymous_2)","decl":{"start":{"line":66,"column":25},"end":{"line":66,"column":26}},"loc":{"start":{"line":66,"column":45},"end":{"line":193,"column":1}},"line":66},"3":{"name":"(anonymous_3)","decl":{"start":{"line":202,"column":24},"end":{"line":202,"column":25}},"loc":{"start":{"line":202,"column":44},"end":{"line":234,"column":1}},"line":202},"4":{"name":"(anonymous_4)","decl":{"start":{"line":241,"column":23},"end":{"line":241,"column":24}},"loc":{"start":{"line":241,"column":43},"end":{"line":287,"column":1}},"line":241},"5":{"name":"(anonymous_5)","decl":{"start":{"line":294,"column":32},"end":{"line":294,"column":33}},"loc":{"start":{"line":294,"column":52},"end":{"line":354,"column":1}},"line":294},"6":{"name":"(anonymous_6)","decl":{"start":{"line":361,"column":33},"end":{"line":361,"column":34}},"loc":{"start":{"line":361,"column":53},"end":{"line":394,"column":1}},"line":361}},"branchMap":{"0":{"loc":{"start":{"line":24,"column":4},"end":{"line":26,"column":5}},"type":"if","locations":[{"start":{"line":24,"column":4},"end":{"line":26,"column":5}},{"start":{},"end":{}}],"line":24},"1":{"loc":{"start":{"line":24,"column":8},"end":{"line":24,"column":27}},"type":"binary-expr","locations":[{"start":{"line":24,"column":8},"end":{"line":24,"column":16}},{"start":{"line":24,"column":20},"end":{"line":24,"column":27}}],"line":24},"2":{"loc":{"start":{"line":42,"column":4},"end":{"line":42,"column":22}},"type":"if","locations":[{"start":{"line":42,"column":4},"end":{"line":42,"column":22}},{"start":{},"end":{}}],"line":42},"3":{"loc":{"start":{"line":73,"column":4},"end":{"line":75,"column":5}},"type":"if","locations":[{"start":{"line":73,"column":4},"end":{"line":75,"column":5}},{"start":{},"end":{}}],"line":73},"4":{"loc":{"start":{"line":78,"column":4},"end":{"line":80,"column":5}},"type":"if","locations":[{"start":{"line":78,"column":4},"end":{"line":80,"column":5}},{"start":{},"end":{}}],"line":78},"5":{"loc":{"start":{"line":78,"column":8},"end":{"line":78,"column":62}},"type":"binary-expr","locations":[{"start":{"line":78,"column":8},"end":{"line":78,"column":27}},{"start":{"line":78,"column":32},"end":{"line":78,"column":38}},{"start":{"line":78,"column":42},"end":{"line":78,"column":61}}],"line":78},"6":{"loc":{"start":{"line":82,"column":4},"end":{"line":84,"column":5}},"type":"if","locations":[{"start":{"line":82,"column":4},"end":{"line":84,"column":5}},{"start":{},"end":{}}],"line":82},"7":{"loc":{"start":{"line":82,"column":8},"end":{"line":82,"column":80}},"type":"binary-expr","locations":[{"start":{"line":82,"column":8},"end":{"line":82,"column":33}},{"start":{"line":82,"column":38},"end":{"line":82,"column":50}},{"start":{"line":82,"column":54},"end":{"line":82,"column":79}}],"line":82},"8":{"loc":{"start":{"line":87,"column":4},"end":{"line":89,"column":5}},"type":"if","locations":[{"start":{"line":87,"column":4},"end":{"line":89,"column":5}},{"start":{},"end":{}}],"line":87},"9":{"loc":{"start":{"line":87,"column":8},"end":{"line":87,"column":38}},"type":"binary-expr","locations":[{"start":{"line":87,"column":8},"end":{"line":87,"column":13}},{"start":{"line":87,"column":17},"end":{"line":87,"column":38}}],"line":87},"10":{"loc":{"start":{"line":91,"column":4},"end":{"line":93,"column":5}},"type":"if","locations":[{"start":{"line":91,"column":4},"end":{"line":93,"column":5}},{"start":{},"end":{}}],"line":91},"11":{"loc":{"start":{"line":91,"column":8},"end":{"line":91,"column":53}},"type":"binary-expr","locations":[{"start":{"line":91,"column":8},"end":{"line":91,"column":19}},{"start":{"line":91,"column":23},"end":{"line":91,"column":53}}],"line":91},"12":{"loc":{"start":{"line":95,"column":4},"end":{"line":97,"column":5}},"type":"if","locations":[{"start":{"line":95,"column":4},"end":{"line":97,"column":5}},{"start":{},"end":{}}],"line":95},"13":{"loc":{"start":{"line":95,"column":8},"end":{"line":95,"column":32}},"type":"binary-expr","locations":[{"start":{"line":95,"column":8},"end":{"line":95,"column":11}},{"start":{"line":95,"column":15},"end":{"line":95,"column":32}}],"line":95},"14":{"loc":{"start":{"line":99,"column":4},"end":{"line":101,"column":5}},"type":"if","locations":[{"start":{"line":99,"column":4},"end":{"line":101,"column":5}},{"start":{},"end":{}}],"line":99},"15":{"loc":{"start":{"line":99,"column":8},"end":{"line":99,"column":76}},"type":"binary-expr","locations":[{"start":{"line":99,"column":8},"end":{"line":99,"column":25}},{"start":{"line":99,"column":29},"end":{"line":99,"column":41}},{"start":{"line":99,"column":45},"end":{"line":99,"column":55}},{"start":{"line":99,"column":59},"end":{"line":99,"column":76}}],"line":99},"16":{"loc":{"start":{"line":103,"column":4},"end":{"line":105,"column":5}},"type":"if","locations":[{"start":{"line":103,"column":4},"end":{"line":105,"column":5}},{"start":{},"end":{}}],"line":103},"17":{"loc":{"start":{"line":103,"column":8},"end":{"line":103,"column":91}},"type":"binary-expr","locations":[{"start":{"line":103,"column":8},"end":{"line":103,"column":28}},{"start":{"line":103,"column":32},"end":{"line":103,"column":47}},{"start":{"line":103,"column":51},"end":{"line":103,"column":64}},{"start":{"line":103,"column":68},"end":{"line":103,"column":91}}],"line":103},"18":{"loc":{"start":{"line":107,"column":4},"end":{"line":109,"column":5}},"type":"if","locations":[{"start":{"line":107,"column":4},"end":{"line":109,"column":5}},{"start":{},"end":{}}],"line":107},"19":{"loc":{"start":{"line":107,"column":8},"end":{"line":107,"column":91}},"type":"binary-expr","locations":[{"start":{"line":107,"column":8},"end":{"line":107,"column":28}},{"start":{"line":107,"column":32},"end":{"line":107,"column":47}},{"start":{"line":107,"column":51},"end":{"line":107,"column":64}},{"start":{"line":107,"column":68},"end":{"line":107,"column":91}}],"line":107},"20":{"loc":{"start":{"line":112,"column":4},"end":{"line":118,"column":5}},"type":"if","locations":[{"start":{"line":112,"column":4},"end":{"line":118,"column":5}},{"start":{},"end":{}}],"line":112},"21":{"loc":{"start":{"line":112,"column":8},"end":{"line":112,"column":37}},"type":"binary-expr","locations":[{"start":{"line":112,"column":8},"end":{"line":112,"column":13}},{"start":{"line":112,"column":17},"end":{"line":112,"column":37}}],"line":112},"22":{"loc":{"start":{"line":114,"column":6},"end":{"line":116,"column":7}},"type":"if","locations":[{"start":{"line":114,"column":6},"end":{"line":116,"column":7}},{"start":{},"end":{}}],"line":114},"23":{"loc":{"start":{"line":120,"column":4},"end":{"line":126,"column":5}},"type":"if","locations":[{"start":{"line":120,"column":4},"end":{"line":126,"column":5}},{"start":{},"end":{}}],"line":120},"24":{"loc":{"start":{"line":120,"column":8},"end":{"line":120,"column":52}},"type":"binary-expr","locations":[{"start":{"line":120,"column":8},"end":{"line":120,"column":19}},{"start":{"line":120,"column":23},"end":{"line":120,"column":52}}],"line":120},"25":{"loc":{"start":{"line":122,"column":6},"end":{"line":124,"column":7}},"type":"if","locations":[{"start":{"line":122,"column":6},"end":{"line":124,"column":7}},{"start":{},"end":{}}],"line":122},"26":{"loc":{"start":{"line":129,"column":4},"end":{"line":144,"column":5}},"type":"if","locations":[{"start":{"line":129,"column":4},"end":{"line":144,"column":5}},{"start":{},"end":{}}],"line":129},"27":{"loc":{"start":{"line":130,"column":6},"end":{"line":132,"column":7}},"type":"if","locations":[{"start":{"line":130,"column":6},"end":{"line":132,"column":7}},{"start":{},"end":{}}],"line":130},"28":{"loc":{"start":{"line":135,"column":6},"end":{"line":137,"column":7}},"type":"if","locations":[{"start":{"line":135,"column":6},"end":{"line":137,"column":7}},{"start":{},"end":{}}],"line":135},"29":{"loc":{"start":{"line":139,"column":6},"end":{"line":141,"column":7}},"type":"if","locations":[{"start":{"line":139,"column":6},"end":{"line":141,"column":7}},{"start":{},"end":{}}],"line":139},"30":{"loc":{"start":{"line":147,"column":4},"end":{"line":147,"column":51}},"type":"if","locations":[{"start":{"line":147,"column":4},"end":{"line":147,"column":51}},{"start":{},"end":{}}],"line":147},"31":{"loc":{"start":{"line":147,"column":38},"end":{"line":147,"column":50}},"type":"binary-expr","locations":[{"start":{"line":147,"column":38},"end":{"line":147,"column":41}},{"start":{"line":147,"column":45},"end":{"line":147,"column":50}}],"line":147},"32":{"loc":{"start":{"line":151,"column":4},"end":{"line":157,"column":5}},"type":"if","locations":[{"start":{"line":151,"column":4},"end":{"line":157,"column":5}},{"start":{},"end":{}}],"line":151},"33":{"loc":{"start":{"line":152,"column":6},"end":{"line":156,"column":7}},"type":"if","locations":[{"start":{"line":152,"column":6},"end":{"line":156,"column":7}},{"start":{"line":154,"column":13},"end":{"line":156,"column":7}}],"line":152},"34":{"loc":{"start":{"line":152,"column":10},"end":{"line":152,"column":50}},"type":"binary-expr","locations":[{"start":{"line":152,"column":10},"end":{"line":152,"column":22}},{"start":{"line":152,"column":26},"end":{"line":152,"column":36}},{"start":{"line":152,"column":4
[...]
n":2},"end":{"line":56,"column":56}},"12":{"start":{"line":64,"column":23},"end":{"line":66,"column":1}},"13":{"start":{"line":65,"column":2},"end":{"line":65,"column":56}},"14":{"start":{"line":68,"column":0},"end":{"line":76,"column":2}}},"fnMap":{"0":{"name":"(anonymous_0)","decl":{"start":{"line":10,"column":22},"end":{"line":10,"column":23}},"loc":{"start":{"line":10,"column":33},"end":{"line":12,"column":1}},"line":10},"1":{"name":"(anonymous_1)","decl":{"start":{"line":19,"column":25},"end":{"line":19,"column":26}},"loc":{"start":{"line":19,"column":39},"end":{"line":21,"column":1}},"line":19},"2":{"name":"(anonymous_2)","decl":{"start":{"line":28,"column":25},"end":{"line":28,"column":26}},"loc":{"start":{"line":28,"column":39},"end":{"line":30,"column":1}},"line":28},"3":{"name":"(anonymous_3)","decl":{"start":{"line":37,"column":20},"end":{"line":37,"column":21}},"loc":{"start":{"line":37,"column":29},"end":{"line":39,"column":1}},"line":37},"4":{"name":"(anonymous_4)","decl":{"start":{"line":46,"column":20},"end":{"line":46,"column":21}},"loc":{"start":{"line":46,"column":29},"end":{"line":48,"column":1}},"line":46},"5":{"name":"(anonymous_5)","decl":{"start":{"line":55,"column":23},"end":{"line":55,"column":24}},"loc":{"start":{"line":55,"column":35},"end":{"line":57,"column":1}},"line":55},"6":{"name":"(anonymous_6)","decl":{"start":{"line":64,"column":23},"end":{"line":64,"column":24}},"loc":{"start":{"line":64,"column":35},"end":{"line":66,"column":1}},"line":64}},"branchMap":{"0":{"loc":{"start":{"line":47,"column":9},"end":{"line":47,"column":46}},"type":"binary-expr","locations":[{"start":{"line":47,"column":9},"end":{"line":47,"column":20}},{"start":{"line":47,"column":24},"end":{"line":47,"column":32}},{"start":{"line":47,"column":36},"end":{"line":47,"column":46}}],"line":47},"1":{"loc":{"start":{"line":56,"column":9},"end":{"line":56,"column":55}},"type":"binary-expr","locations":[{"start":{"line":56,"column":9},"end":{"line":56,"column":23}},{"start":{"line":56,"column":27},"end":{"line":56,"column":38}},{"start":{"line":56,"column":42},"end":{"line":56,"column":55}}],"line":56},"2":{"loc":{"start":{"line":65,"column":9},"end":{"line":65,"column":55}},"type":"binary-expr","locations":[{"start":{"line":65,"column":9},"end":{"line":65,"column":23}},{"start":{"line":65,"column":27},"end":{"line":65,"column":38}},{"start":{"line":65,"column":42},"end":{"line":65,"column":55}}],"line":65}},"s":{"0":6,"1":27,"2":6,"3":21,"4":6,"5":18,"6":6,"7":6,"8":6,"9":7,"10":6,"11":7,"12":6,"13":7,"14":6},"f":{"0":27,"1":21,"2":18,"3":6,"4":7,"5":7,"6":7},"b":{"0":[7,6,4],"1":[7,5,4],"2":[7,5,4]},"_coverageSchema":"1a1c01bbd47fc00a2c39e90264f33305004495a9","hash":"1f3d23c1dcf6ff83559191ff548098276e7358a3"}
,"/Users/enolrh/Desktop/Universidad/5/TFG/WodBuster AI/backend/validators/entrenamientoValidator.js": {"path":"/Users/enolrh/Desktop/Universidad/5/TFG/WodBuster AI/backend/validators/entrenamientoValidator.js","statementMap":{"0":{"start":{"line":10,"column":27},"end":{"line":23,"column":1}},"1":{"start":{"line":11,"column":2},"end":{"line":13,"column":3}},"2":{"start":{"line":12,"column":4},"end":{"line":12,"column":76}},"3":{"start":{"line":15,"column":2},"end":{"line":20,"column":3}},"4":{"start":{"line":15,"column":15},"end":{"line":15,"column":16}},"5":{"start":{"line":16,"column":18},"end":{"line":16,"column":57}},"6":{"start":{"line":17,"column":4},"end":{"line":19,"column":5}},"7":{"start":{"line":18,"column":6},"end":{"line":18,"column":37}},"8":{"start":{"line":22,"column":2},"end":{"line":22,"column":38}},"9":{"start":{"line":31,"column":26},"end":{"line":53,"column":1}},"10":{"start":{"line":32,"column":2},"end":{"line":34,"column":3}},"11":{"start":{"line":33,"column":4},"end":{"line":33,"column":58}},"12":{"start":{"line":36,"column":2},"end":{"line":38,"column":3}},"13":{"start":{"line":37,"column":4},"end":{"line":37,"column":65}},"14":{"start":{"line":40,"column":2},"end":{"line":42,"column":3}},"15":{"start":{"line":41,"column":4},"end":{"line":41,"column":71}},"16":{"start":{"line":44,"column":2},"end":{"line":46,"column":3}},"17":{"start":{"line":45,"column":4},"end":{"line":45,"column":60}},"18":{"start":{"line":48,"column":2},"end":{"line":50,"column":3}},"19":{"start":{"line":49,"column":4},"end":{"line":49,"column":71}},"20":{"start":{"line":52,"column":2},"end":{"line":52,"column":14}},"21":{"start":{"line":60,"column":29},"end":{"line":64,"column":1}},"22":{"start":{"line":61,"column":2},"end":{"line":63,"column":8}},"23":{"start":{"line":62,"column":4},"end":{"line":62,"column":59}},"24":{"start":{"line":71,"column":25},"end":{"line":73,"column":1}},"25":{"start":{"line":72,"column":2},"end":{"line":72,"column":76}},"26":{"start":{"line":75,"column":0},"end":{"line":80,"column":2}}},"fnMap":{"0":{"name":"(anonymous_0)","decl":{"start":{"line":10,"column":27},"end":{"line":10,"column":28}},"loc":{"start":{"line":10,"column":43},"end":{"line":23,"column":1}},"line":10},"1":{"name":"(anonymous_1)","decl":{"start":{"line":31,"column":26},"end":{"line":31,"column":27}},"loc":{"start":{"line":31,"column":48},"end":{"line":53,"column":1}},"line":31},"2":{"name":"(anonymous_2)","decl":{"start":{"line":60,"column":29},"end":{"line":60,"column":30}},"loc":{"start":{"line":60,"column":45},"end":{"line":64,"column":1}},"line":60},"3":{"name":"(anonymous_3)","decl":{"start":{"line":61,"column":27},"end":{"line":61,"column":28}},"loc":{"start":{"line":61,"column":42},"end":{"line":63,"column":3}},"line":61},"4":{"name":"(anonymous_4)","decl":{"start":{"line":71,"column":25},"end":{"line":71,"column":26}},"loc":{"start":{"line":71,"column":39},"end":{"line":73,"column":1}},"line":71}},"branchMap":{"0":{"loc":{"start":{"line":11,"column":2},"end":{"line":13,"column":3}},"type":"if","locations":[{"start":{"line":11,"column":2},"end":{"line":13,"column":3}},{"start":{},"end":{}}],"line":11},"1":{"loc":{"start":{"line":11,"column":6},"end":{"line":11,"column":74}},"type":"binary-expr","locations":[{"start":{"line":11,"column":6},"end":{"line":11,"column":17}},{"start":{"line":11,"column":21},"end":{"line":11,"column":47}},{"start":{"line":11,"column":51},"end":{"line":11,"column":74}}],"line":11},"2":{"loc":{"start":{"line":17,"column":4},"end":{"line":19,"column":5}},"type":"if","locations":[{"start":{"line":17,"column":4},"end":{"line":19,"column":5}},{"start":{},"end":{}}],"line":17},"3":{"loc":{"start":{"line":32,"column":2},"end":{"line":34,"column":3}},"type":"if","locations":[{"start":{"line":32,"column":2},"end":{"line":34,"column":3}},{"start":{},"end":{}}],"line":32},"4":{"loc":{"start":{"line":32,"column":6},"end":{"line":32,"column":91}},"type":"binary-expr","locations":[{"start":{"line":32,"column":6},"end":{"line":32,"column":23}},{"start":{"line":32,"column":27},"end":{"line":32,"column":63}},{"start":{"line":32,"column":67},"end":{"line":32,"column":91}}],"line":32},"5":{"loc":{"start":{"line":36,"column":2},"end":{"line":38,"column":3}},"type":"if","locations":[{"start":{"line":36,"column":2},"end":{"line":38,"column":3}},{"start":{},"end":{}}],"line":36},"6":{"loc":{"start":{"line":36,"column":6},"end":{"line":36,"column":66}},"type":"binary-expr","locations":[{"start":{"line":36,"column":6},"end":{"line":36,"column":42}},{"start":{"line":36,"column":46},"end":{"line":36,"column":66}}],"line":36},"7":{"loc":{"start":{"line":40,"column":2},"end":{"line":42,"column":3}},"type":"if","locations":[{"start":{"line":40,"column":2},"end":{"line":42,"column":3}},{"start":{},"end":{}}],"line":40},"8":{"loc":{"start":{"line":40,"column":6},"end":{"line":40,"column":78}},"type":"binary-expr","locations":[{"start":{"line":40,"column":6},"end":{"line":40,"column":48}},{"start":{"line":40,"column":52},"end":{"line":40,"column":78}}],"line":40},"9":{"loc":{"start":{"line":44,"column":2},"end":{"line":46,"column":3}},"type":"if","locations":[{"start":{"line":44,"column":2},"end":{"line":46,"column":3}},{"start":{},"end":{}}],"line":44},"10":{"loc":{"start":{"line":44,"column":6},"end":{"line":44,"column":62}},"type":"binary-expr","locations":[{"start":{"line":44,"column":6},"end":{"line":44,"column":40}},{"start":{"line":44,"column":44},"end":{"line":44,"column":62}}],"line":44},"11":{"loc":{"start":{"line":48,"column":2},"end":{"line":50,"column":3}},"type":"if","locations":[{"start":{"line":48,"column":2},"end":{"line":50,"column":3}},{"start":{},"end":{}}],"line":48},"12":{"loc":{"start":{"line":48,"column":6},"end":{"line":48,"column":103}},"type":"binary-expr","locations":[{"start":{"line":48,"column":6},"end":{"line":48,"column":46}},{"start":{"line":48,"column":50},"end":{"line":48,"column":74}},{"start":{"line":48,"column":78},"end":{"line":48,"column":103}}],"line":48},"13":{"loc":{"start":{"line":72,"column":9},"end":{"line":72,"column":75}},"type":"binary-expr","locations":[{"start":{"line":72,"column":9},"end":{"line":72,"column":17}},{"start":{"line":72,"column":21},"end":{"line":72,"column":49}},{"start":{"line":72,"column":53},"end":{"line":72,"column":75}}],"line":72}},"s":{"0":3,"1":8,"2":2,"3":6,"4":6,"5":7,"6":7,"7":2,"8":4,"9":3,"10":7,"11":1,"12":6,"13":1,"14":5,"15":0,"16":5,"17":0,"18":5,"19":0,"20":5,"21":3,"22":2,"23":2,"24":3,"25":4,"26":3},"f":{"0":8,"1":7,"2":2,"3":2,"4":4},"b":{"0":[2,6],"1":[8,8,8],"2":[2,5],"3":[1,6],"4":[7,6,6],"5":[1,5],"6":[6,6],"7":[0,5],"8":[5,5],"9":[0,5],"10":[5,5],"11":[0,5],"12":[5,5,5],"13":[4,4,4]},"_coverageSchema":"1a1c01bbd47fc00a2c39e90264f33305004495a9","hash":"65f3fc4c205105cbac85370d032cf7408f6fd2c0"}
,"/Users/enolrh/Desktop/Universidad/5/TFG/WodBuster AI/backend/validators/oneRMValidator.js": {"path":"/Users/enolrh/Desktop/Universidad/5/TFG/WodBuster AI/backend/validators/oneRMValidator.js","statementMap":{"0":{"start":{"line":10,"column":26},"end":{"line":33,"column":1}},"1":{"start":{"line":11,"column":46},"end":{"line":11,"column":50}},"2":{"start":{"line":13,"column":2},"end":{"line":18,"column":3}},"3":{"start":{"line":14,"column":4},"end":{"line":17,"column":6}},"4":{"start":{"line":20,"column":2},"end":{"line":22,"column":3}},"5":{"start":{"line":21,"column":4},"end":{"line":21,"column":56}},"6":{"start":{"line":24,"column":2},"end":{"line":26,"column":3}},"7":{"start":{"line":25,"column":4},"end":{"line":25,"column":67}},"8":{"start":{"line":28,"column":2},"end":{"line":30,"column":3}},"9":{"start":{"line":29,"column":4},"end":{"line":29,"column":77}},"10":{"start":{"line":32,"column":2},"end":{"line":32,"column":38}},"11":{"start":{"line":40,"column":25},"end":{"line":46,"column":1}},"12":{"start":{"line":42,"column":2},"end":{"line":45,"column":4}},"13":{"start":{"line":53,"column":32},"end":{"line":59,"column":1}},"14":{"start":{"line":55,"column":2},"end":{"line":58,"column":4}},"15":{"start":{"line":66,"column":21},"end":{"line":68,"column":1}},"16":{"start":{"line":67,"column":2},"end":{"line":67,"column":46}},"17":{"start":{"line":70,"column":0},"end":{"line":75,"column":2}}},"fnMap":{"0":{"name":"(anonymous_0)","decl":{"start":{"line":10,"column":26},"end":{"line":10,"column":27}},"loc":{"start":{"line":10,"column":36},"end":{"line":33,"column":1}},"line":10},"1":{"name":"(anonymous_1)","decl":{"start":{"line":40,"column":25},"end":{"line":40,"column":26}},"loc":{"start":{"line":40,"column":39},"end":{"line":46,"column":1}},"line":40},"2":{"name":"(anonymous_2)","decl":{"start":{"line":53,"column":32},"end":{"line":53,"column":33}},"loc":{"start":{"line":53,"column":53},"end":{"line":59,"column":1}},"line":53},"3":{"name":"(anonymous_3)","decl":{"start":{"line":66,"column":21},"end":{"line":66,"column":22}},"loc":{"start":{"line":66,"column":31},"end":{"line":68,"column":1}},"line":66}},"branchMap":{"0":{"loc":{"start":{"line":13,"column":2},"end":{"line":18,"column":3}},"type":"if","locations":[{"start":{"line":13,"column":2},"end":{"line":18,"column":3}},{"start":{},"end":{}}],"line":13},"1":{"loc":{"start":{"line":13,"column":6},"end":{"line":13,"column":115}},"type":"binary-expr","locations":[{"start":{"line":13,"column":6},"end":{"line":13,"column":15}},{"start":{"line":13,"column":19},"end":{"line":13,"column":48}},{"start":{"line":13,"column":52},"end":{"line":13,"column":76}},{"start":{"line":13,"column":80},"end":{"line":13,"column":98}},{"start":{"line":13,"column":102},"end":{"line":13,"column":115}}],"line":13},"2":{"loc":{"start":{"line":20,"column":2},"end":{"line":22,"column":3}},"type":"if","locations":[{"start":{"line":20,"column":2},"end":{"line":22,"column":3}},{"start":{},"end":{}}],"line":20},"3":{"loc":{"start":{"line":24,"column":2},"end":{"line":26,"column":3}},"type":"if","locations":[{"start":{"line":24,"column":2},"end":{"line":26,"column":3}},{"start":{},"end":{}}],"line":24},"4":{"loc":{"start":{"line":28,"column":2},"end":{"line":30,"column":3}},"type":"if","locations":[{"start":{"line":28,"column":2},"end":{"line":30,"column":3}},{"start":{},"end":{}}],"line":28},"5":{"loc":{"start":{"line":43,"column":4},"end":{"line":44,"column":41}},"type":"binary-expr","locations":[{"start":{"line":43,"column":4},"end":{"line":43,"column":32}},{"start":{"line":44,"column":4},"end":{"line":44,"column":41}}],"line":43},"6":{"loc":{"start":{"line":56,"column":4},"end":{"line":57,"column":64}},"type":"binary-expr","locations":[{"start":{"line":56,"column":4},"end":{"line":56,"column":39}},{"start":{"line":57,"column":4},"end":{"line":57,"column":64}}],"line":56},"7":{"loc":{"start":{"line":67,"column":9},"end":{"line":67,"column":45}},"type":"binary-expr","locations":[{"start":{"line":67,"column":9},"end":{"line":67,"column":33}},{"start":{"line":67,"column":37},"end":{"line":67,"column":45}}],"line":67}},"s":{"0":3,"1":11,"2":11,"3":2,"4":9,"5":1,"6":8,"7":2,"8":6,"9":1,"10":5,"11":3,"12":9,"13":3,"14":8,"15":3,"16":6,"17":3},"f":{"0":11,"1":9,"2":8,"3":6},"b":{"0":[2,9],"1":[11,9,9,9,9],"2":[1,8],"3":[2,6],"4":[1,5],"5":[9,9],"6":[8,8],"7":[6,6]},"_coverageSchema":"1a1c01bbd47fc00a2c39e90264f33305004495a9","hash":"a60c4b487cb4aaca607fb0e7aade0908bc544c0b"}
,"/Users/enolrh/Desktop/Universidad/5/TFG/WodBuster AI/backend/validators/wodCrossFitValidator.js": {"path":"/Users/enolrh/Desktop/Universidad/5/TFG/WodBuster AI/backend/validators/wodCrossFitValidator.js","statementMap":{"0":{"start":{"line":6,"column":19},"end":{"line":9,"column":1}},"1":{"start":{"line":12,"column":22},"end":{"line":12,"column":54}},"2":{"start":{"line":19,"column":24},"end":{"line":46,"column":1}},"3":{"start":{"line":20,"column":49},"end":{"line":20,"column":53}},"4":{"start":{"line":22,"column":2},"end":{"line":27,"column":3}},"5":{"start":{"line":23,"column":4},"end":{"line":26,"column":6}},"6":{"start":{"line":29,"column":2},"end":{"line":31,"column":3}},"7":{"start":{"line":30,"column":4},"end":{"line":30,"column":56}},"8":{"start":{"line":33,"column":2},"end":{"line":35,"column":3}},"9":{"start":{"line":34,"column":4},"end":{"line":34,"column":94}},"10":{"start":{"line":37,"column":2},"end":{"line":39,"column":3}},"11":{"start":{"line":38,"column":4},"end":{"line":38,"column":90}},"12":{"start":{"line":41,"column":2},"end":{"line":43,"column":3}},"13":{"start":{"line":42,"column":4},"end":{"line":42,"column":90}},"14":{"start":{"line":45,"column":2},"end":{"line":45,"column":38}},"15":{"start":{"line":53,"column":25},"end":{"line":59,"column":1}},"16":{"start":{"line":55,"column":2},"end":{"line":58,"column":4}},"17":{"start":{"line":66,"column":26},"end":{"line":68,"column":1}},"18":{"start":{"line":67,"column":2},"end":{"line":67,"column":40}},"19":{"start":{"line":75,"column":22},"end":{"line":77,"column":1}},"20":{"start":{"line":76,"column":2},"end":{"line":76,"column":39}},"21":{"start":{"line":84,"column":23},"end":{"line":86,"column":1}},"22":{"start":{"line":85,"column":2},"end":{"line":85,"column":50}},"23":{"start":{"line":93,"column":22},"end":{"line":96,"column":1}},"24":{"start":{"line":94,"column":2},"end":{"line":94,"column":26}},"25":{"start":{"line":94,"column":14},"end":{"line":94,"column":26}},"26":{"start":{"line":95,"column":2},"end":{"line":95,"column":58}},"27":{"start":{"line":98,"column":0},"end":{"line":107,"column":2}}},"fnMap":{"0":{"name":"(anonymous_0)","decl":{"start":{"line":19,"column":24},"end":{"line":19,"column":25}},"loc":{"start":{"line":19,"column":34},"end":{"line":46,"column":1}},"line":19},"1":{"name":"(anonymous_1)","decl":{"start":{"line":53,"column":25},"end":{"line":53,"column":26}},"loc":{"start":{"line":53,"column":39},"end":{"line":59,"column":1}},"line":53},"2":{"name":"(anonymous_2)","decl":{"start":{"line":66,"column":26},"end":{"line":66,"column":27}},"loc":{"start":{"line":66,"column":41},"end":{"line":68,"column":1}},"line":66},"3":{"name":"(anonymous_3)","decl":{"start":{"line":75,"column":22},"end":{"line":75,"column":23}},"loc":{"start":{"line":75,"column":33},"end":{"line":77,"column":1}},"line":75},"4":{"name":"(anonymous_4)","decl":{"start":{"line":84,"column":23},"end":{"line":84,"column":24}},"loc":{"start":{"line":84,"column":35},"end":{"line":86,"column":1}},"line":84},"5":{"name":"(anonymous_5)","decl":{"start":{"line":93,"column":22},"end":{"line":93,"column":23}},"loc":{"start":{"line":93,"column":33},"end":{"line":96,"column":1}},"line":93}},"branchMap":{"0":{"loc":{"start":{"line":22,"column":2},"end":{"line":27,"column":3}},"type":"if","locations":[{"start":{"line":22,"column":2},"end":{"line":27,"column":3}},{"start":{},"end":{}}],"line":22},"1":{"loc":{"start":{"line":22,"column":6},"end":{"line":22,"column":63}},"type":"binary-expr","locations":[{"start":{"line":22,"column":6},"end":{"line":22,"column":15}},{"start":{"line":22,"column":19},"end":{"line":22,"column":29}},{"start":{"line":22,"column":33},"end":{"line":22,"column":39}},{"start":{"line":22,"column":43},"end":{"line":22,"column":63}}],"line":22},"2":{"loc":{"start":{"line":29,"column":2},"end":{"line":31,"column":3}},"type":"if","locations":[{"start":{"line":29,"column":2},"end":{"line":31,"column":3}},{"start":{},"end":{}}],"line":29},"3":{"loc":{"start":{"line":33,"column":2},"end":{"line":35,"column":3}},"type":"if","locations":[{"start":{"line":33,"column":2},"end":{"line":35,"column":3}},{"start":{},"end":{}}],"line":33},"4":{"loc":{"start":{"line":37,"column":2},"end":{"line":39,"column":3}},"type":"if","locations":[{"start":{"line":37,"column":2},"end":{"line":39,"column":3}},{"start":{},"end":{}}],"line":37},"5":{"loc":{"start":{"line":41,"column":2},"end":{"line":43,"column":3}},"type":"if","locations":[{"start":{"line":41,"column":2},"end":{"line":43,"column":3}},{"start":{},"end":{}}],"line":41},"6":{"loc":{"start":{"line":56,"column":4},"end":{"line":57,"column":41}},"type":"binary-expr","locations":[{"start":{"line":56,"column":4},"end":{"line":56,"column":32}},{"start":{"line":57,"column":4},"end":{"line":57,"column":41}}],"line":56},"7":{"loc":{"start":{"line":85,"column":9},"end":{"line":85,"column":49}},"type":"binary-expr","locations":[{"start":{"line":85,"column":9},"end":{"line":85,"column":35}},{"start":{"line":85,"column":39},"end":{"line":85,"column":49}}],"line":85},"8":{"loc":{"start":{"line":94,"column":2},"end":{"line":94,"column":26}},"type":"if","locations":[{"start":{"line":94,"column":2},"end":{"line":94,"column":26}},{"start":{},"end":{}}],"line":94},"9":{"loc":{"start":{"line":95,"column":9},"end":{"line":95,"column":57}},"type":"binary-expr","locations":[{"start":{"line":95,"column":9},"end":{"line":95,"column":34}},{"start":{"line":95,"column":38},"end":{"line":95,"column":57}}],"line":95}},"s":{"0":3,"1":3,"2":3,"3":14,"4":14,"5":3,"6":11,"7":2,"8":9,"9":2,"10":7,"11":2,"12":5,"13":0,"14":5,"15":3,"16":11,"17":3,"18":9,"19":3,"20":7,"21":3,"22":5,"23":3,"24":0,"25":0,"26":0,"27":3},"f":{"0":14,"1":11,"2":9,"3":7,"4":5,"5":0},"b":{"0":[3,11],"1":[14,13,11,11],"2":[2,9],"3":[2,7],"4":[2,5],"5":[0,5],"6":[11,11],"7":[5,5],"8":[0,0],"9":[0,0]},"_coverageSchema":"1a1c01bbd47fc00a2c39e90264f33305004495a9","hash":"ac92dfe2c4a22a323ab3aca6411323da599d2040"}
}
