TN:
SF:controllers/analisisVideoController.js
FN:8,(anonymous_0)
FNF:1
FNH:1
FNDA:8,(anonymous_0)
DA:1,2
DA:2,2
DA:3,2
DA:8,2
DA:9,8
DA:10,8
DA:11,8
DA:12,8
DA:15,8
DA:16,1
DA:20,7
DA:21,7
DA:22,1
DA:28,6
DA:29,6
DA:30,5
DA:31,5
DA:32,5
DA:34,1
DA:37,5
DA:38,1
DA:42,4
DA:43,3
DA:46,3
DA:47,3
DA:48,3
DA:49,3
DA:50,3
DA:51,3
DA:55,3
DA:57,3
DA:58,2
DA:59,2
DA:67,2
DA:68,2
DA:69,2
DA:70,2
DA:71,2
DA:72,2
DA:73,2
DA:75,2
DA:77,0
DA:81,0
DA:89,1
DA:90,1
DA:91,1
DA:92,1
DA:94,1
DA:102,3
DA:108,3
DA:119,3
DA:122,2
DA:136,2
LF:53
LH:51
BRDA:15,0,0,1
BRDA:15,0,1,7
BRDA:21,1,0,1
BRDA:21,1,1,6
BRDA:21,2,0,7
BRDA:21,2,1,7
BRDA:29,3,0,5
BRDA:29,3,1,1
BRDA:30,4,0,2
BRDA:30,4,1,3
BRDA:31,5,0,5
BRDA:31,5,1,0
BRDA:32,6,0,2
BRDA:32,6,1,3
BRDA:37,7,0,1
BRDA:37,7,1,4
BRDA:43,8,0,3
BRDA:43,8,1,0
BRDA:55,9,0,0
BRDA:55,9,1,3
BRDA:55,10,0,0
BRDA:55,10,1,0
BRDA:57,11,0,2
BRDA:57,11,1,1
BRDA:57,12,0,3
BRDA:57,12,1,3
BRDA:57,12,2,1
BRDA:67,13,0,2
BRDA:67,13,1,0
BRDA:72,14,0,2
BRDA:72,14,1,2
BRDA:75,15,0,0
BRDA:75,15,1,2
BRDA:81,16,0,0
BRDA:81,16,1,0
BRDA:90,17,0,0
BRDA:90,17,1,1
BRDA:91,18,0,0
BRDA:91,18,1,1
BRDA:91,19,0,1
BRDA:91,19,1,0
BRDA:92,20,0,1
BRDA:92,20,1,0
BRDA:92,21,0,1
BRDA:92,21,1,1
BRDA:94,22,0,1
BRDA:94,22,1,0
BRDA:102,23,0,3
BRDA:102,23,1,0
BRDA:113,24,0,3
BRDA:113,24,1,0
BRDA:114,25,0,0
BRDA:114,25,1,3
BRDA:116,26,0,3
BRDA:116,26,1,3
BRDA:128,27,0,0
BRDA:128,27,1,2
BRF:57
BRH:39
end_of_record
TN:
SF:controllers/authController.js
FN:11,(anonymous_0)
FN:67,(anonymous_1)
FNF:2
FNH:2
FNDA:18,(anonymous_0)
FNDA:11,(anonymous_1)
DA:1,3
DA:2,3
DA:3,3
DA:4,3
DA:11,3
DA:12,18
DA:13,18
DA:16,18
DA:17,2
DA:20,16
DA:21,3
DA:24,13
DA:25,2
DA:29,11
DA:30,10
DA:31,3
DA:34,7
DA:35,7
DA:36,2
DA:40,5
DA:43,5
DA:53,5
DA:55,5
DA:58,1
DA:67,3
DA:68,11
DA:69,11
DA:72,11
DA:74,3
DA:78,8
DA:79,7
DA:81,1
DA:85,6
DA:86,6
DA:88,2
DA:94,4
DA:101,4
DA:116,1
DA:120,3
LF:39
LH:39
BRDA:16,0,0,2
BRDA:16,0,1,16
BRDA:20,1,0,3
BRDA:20,1,1,13
BRDA:24,2,0,2
BRDA:24,2,1,11
BRDA:30,3,0,3
BRDA:30,3,1,7
BRDA:35,4,0,2
BRDA:35,4,1,5
BRDA:47,5,0,5
BRDA:47,5,1,4
BRDA:72,6,0,3
BRDA:72,6,1,8
BRDA:72,7,0,11
BRDA:72,7,1,9
BRDA:79,8,0,1
BRDA:79,8,1,6
BRDA:86,9,0,2
BRDA:86,9,1,4
BRDA:96,10,0,4
BRDA:96,10,1,4
BRF:22
BRH:22
end_of_record
TN:
SF:controllers/entrenamientoController.js
FN:11,(anonymous_0)
FN:44,(anonymous_1)
FN:61,(anonymous_2)
FN:82,(anonymous_3)
FN:94,(anonymous_4)
FN:101,(anonymous_5)
FN:128,(anonymous_6)
FN:146,(anonymous_7)
FN:167,(anonymous_8)
FN:193,(anonymous_9)
FN:204,(anonymous_10)
FN:206,(anonymous_11)
FNF:12
FNH:12
FNDA:4,(anonymous_0)
FNDA:2,(anonymous_1)
FNDA:2,(anonymous_2)
FNDA:3,(anonymous_3)
FNDA:2,(anonymous_4)
FNDA:2,(anonymous_5)
FNDA:2,(anonymous_6)
FNDA:1,(anonymous_7)
FNDA:2,(anonymous_8)
FNDA:2,(anonymous_9)
FNDA:2,(anonymous_10)
FNDA:2,(anonymous_11)
DA:1,2
DA:2,2
DA:3,2
DA:4,2
DA:11,2
DA:12,4
DA:13,4
DA:16,4
DA:17,0
DA:23,4
DA:24,4
DA:27,3
DA:28,3
DA:31,2
DA:34,2
DA:40,2
DA:43,2
DA:44,2
DA:55,2
DA:61,2
DA:73,0
DA:82,2
DA:83,3
DA:84,3
DA:86,3
DA:87,3
DA:89,2
DA:93,2
DA:95,2
DA:97,2
DA:101,2
DA:114,2
DA:119,0
DA:128,2
DA:129,2
DA:130,2
DA:132,2
DA:134,2
DA:135,1
DA:139,1
DA:141,1
DA:146,1
DA:158,0
DA:167,2
DA:168,2
DA:169,2
DA:172,2
DA:174,2
DA:175,1
DA:179,1
DA:181,1
DA:184,0
DA:193,2
DA:194,2
DA:195,2
DA:197,2
DA:198,2
DA:200,1
DA:202,1
DA:204,2
DA:206,2
DA:210,1
DA:213,0
DA:217,2
LF:64
LH:58
BRDA:16,0,0,0
BRDA:16,0,1,4
BRDA:24,1,0,1
BRDA:24,1,1,3
BRDA:28,2,0,1
BRDA:28,2,1,2
BRDA:36,3,0,2
BRDA:36,3,1,0
BRDA:87,4,0,1
BRDA:87,4,1,2
BRDA:134,5,0,1
BRDA:134,5,1,1
BRDA:174,6,0,1
BRDA:174,6,1,1
BRDA:198,7,0,1
BRDA:198,7,1,1
BRDA:205,8,0,1
BRDA:205,8,1,0
BRF:18
BRH:15
end_of_record
TN:
SF:controllers/oneRMController.js
FN:10,(anonymous_0)
FN:52,(anonymous_1)
FN:68,(anonymous_2)
FN:85,(anonymous_3)
FN:110,(anonymous_4)
FN:122,(anonymous_5)
FN:140,(anonymous_6)
FNF:7
FNH:7
FNDA:6,(anonymous_0)
FNDA:3,(anonymous_1)
FNDA:3,(anonymous_2)
FNDA:2,(anonymous_3)
FNDA:2,(anonymous_4)
FNDA:1,(anonymous_5)
FNDA:2,(anonymous_6)
DA:1,2
DA:2,2
DA:3,2
DA:10,2
DA:11,6
DA:12,6
DA:15,6
DA:16,6
DA:19,4
DA:20,4
DA:23,2
DA:30,2
DA:32,2
DA:43,0
DA:52,2
DA:53,3
DA:54,3
DA:57,3
DA:58,3
DA:61,2
DA:66,2
DA:68,3
DA:76,0
DA:85,2
DA:86,2
DA:87,2
DA:90,2
DA:91,2
DA:94,1
DA:96,1
DA:101,0
DA:110,2
DA:111,2
DA:112,2
DA:115,2
DA:116,2
DA:119,1
DA:121,1
DA:122,1
DA:131,0
DA:140,2
DA:141,2
DA:142,2
DA:144,2
DA:146,2
DA:147,1
DA:150,1
DA:153,0
DA:157,2
LF:49
LH:44
BRDA:16,0,0,2
BRDA:16,0,1,4
BRDA:20,1,0,2
BRDA:20,1,1,2
BRDA:27,2,0,0
BRDA:27,2,1,2
BRDA:58,3,0,1
BRDA:58,3,1,2
BRDA:91,4,0,1
BRDA:91,4,1,1
BRDA:116,5,0,1
BRDA:116,5,1,1
BRDA:146,6,0,1
BRDA:146,6,1,1
BRF:14
BRH:13
end_of_record
TN:
SF:controllers/planEntrenamientoController.js
FN:14,(anonymous_0)
FN:58,(anonymous_1)
FN:80,(anonymous_2)
FN:86,(anonymous_3)
FN:103,(anonymous_4)
FN:120,(anonymous_5)
FN:128,(anonymous_6)
FN:137,(anonymous_7)
FN:148,(anonymous_8)
FN:156,(anonymous_9)
FN:166,(anonymous_10)
FN:168,(anonymous_11)
FN:195,(anonymous_12)
FN:246,(anonymous_13)
FN:322,(anonymous_14)
FN:355,(anonymous_15)
FN:394,(anonymous_16)
FNF:17
FNH:13
FNDA:7,(anonymous_0)
FNDA:2,(anonymous_1)
FNDA:2,(anonymous_2)
FNDA:0,(anonymous_3)
FNDA:2,(anonymous_4)
FNDA:2,(anonymous_5)
FNDA:2,(anonymous_6)
FNDA:2,(anonymous_7)
FNDA:2,(anonymous_8)
FNDA:0,(anonymous_9)
FNDA:0,(anonymous_10)
FNDA:0,(anonymous_11)
FNDA:8,(anonymous_12)
FNDA:10,(anonymous_13)
FNDA:2,(anonymous_14)
FNDA:3,(anonymous_15)
FNDA:3,(anonymous_16)
DA:1,3
DA:2,3
DA:3,3
DA:4,3
DA:5,3
DA:6,3
DA:7,3
DA:8,3
DA:9,3
DA:14,3
DA:15,7
DA:17,7
DA:18,5
DA:20,7
DA:21,5
DA:23,7
DA:24,5
DA:26,7
DA:27,5
DA:31,7
DA:34,7
DA:35,5
DA:43,2
DA:44,0
DA:52,2
DA:58,3
DA:59,2
DA:61,2
DA:62,2
DA:64,2
DA:65,2
DA:67,2
DA:68,2
DA:70,2
DA:71,2
DA:74,2
DA:80,3
DA:81,2
DA:82,0
DA:86,2
DA:89,2
DA:90,2
DA:92,2
DA:93,2
DA:94,2
DA:95,2
DA:98,2
DA:101,2
DA:102,2
DA:103,2
DA:104,2
DA:105,2
DA:106,2
DA:109,0
DA:111,2
DA:114,2
DA:120,3
DA:121,2
DA:122,0
DA:126,2
DA:128,2
DA:129,2
DA:130,2
DA:131,2
DA:135,2
DA:137,2
DA:138,2
DA:139,2
DA:142,2
DA:148,3
DA:149,2
DA:150,2
DA:154,0
DA:156,0
DA:157,0
DA:158,0
DA:159,0
DA:161,0
DA:164,0
DA:166,0
DA:168,0
DA:169,0
DA:171,0
DA:172,0
DA:173,0
DA:174,0
DA:176,0
DA:178,0
DA:180,0
DA:181,0
DA:182,0
DA:183,0
DA:186,0
DA:189,0
DA:195,3
DA:197,8
DA:198,8
DA:199,0
DA:203,8
DA:206,7
DA:209,7
DA:212,7
DA:213,7
DA:214,5
DA:222,2
DA:223,2
DA:226,2
DA:227,2
DA:228,2
DA:229,2
DA:232,2
DA:233,2
DA:234,2
DA:235,2
DA:237,2
DA:246,3
DA:247,10
DA:248,10
DA:249,10
DA:252,10
DA:253,10
DA:254,2
DA:261,8
DA:263,8
DA:265,7
DA:266,5
DA:274,2
DA:276,2
DA:277,0
DA:285,2
DA:294,2
DA:297,2
DA:311,1
DA:322,3
DA:323,2
DA:324,2
DA:327,2
DA:328,2
DA:329,1
DA:335,1
DA:338,1
DA:344,0
DA:355,3
DA:356,3
DA:357,3
DA:360,3
DA:361,3
DA:362,1
DA:368,2
DA:370,2
DA:371,1
DA:377,1
DA:383,0
DA:394,3
DA:395,3
DA:396,3
DA:399,3
DA:400,3
DA:401,1
DA:408,2
DA:410,2
DA:411,1
DA:417,1
DA:423,0
DA:431,3
LF:165
LH:134
BRDA:17,0,0,5
BRDA:17,0,1,2
BRDA:17,1,0,7
BRDA:17,1,1,7
BRDA:20,2,0,5
BRDA:20,2,1,2
BRDA:23,3,0,5
BRDA:23,3,1,2
BRDA:26,4,0,5
BRDA:26,4,1,2
BRDA:31,5,0,7
BRDA:31,5,1,5
BRDA:34,6,0,5
BRDA:34,6,1,2
BRDA:34,7,0,7
BRDA:34,7,1,5
BRDA:43,8,0,0
BRDA:43,8,1,2
BRDA:61,9,0,2
BRDA:61,9,1,0
BRDA:61,10,0,2
BRDA:61,10,1,2
BRDA:64,11,0,2
BRDA:64,11,1,0
BRDA:67,12,0,2
BRDA:67,12,1,0
BRDA:70,13,0,2
BRDA:70,13,1,0
BRDA:74,14,0,2
BRDA:74,14,1,0
BRDA:81,15,0,0
BRDA:81,15,1,2
BRDA:95,16,0,2
BRDA:95,16,1,0
BRDA:101,17,0,2
BRDA:101,17,1,0
BRDA:121,18,0,0
BRDA:121,18,1,2
BRDA:130,19,0,2
BRDA:130,19,1,0
BRDA:130,20,0,2
BRDA:130,20,1,0
BRDA:149,21,0,2
BRDA:149,21,1,0
BRDA:158,22,0,0
BRDA:158,22,1,0
BRDA:178,23,0,0
BRDA:178,23,1,0
BRDA:198,24,0,0
BRDA:198,24,1,8
BRDA:213,25,0,5
BRDA:213,25,1,2
BRDA:239,26,0,0
BRDA:239,26,1,2
BRDA:253,27,0,2
BRDA:253,27,1,8
BRDA:261,28,0,8
BRDA:261,28,1,4
BRDA:265,29,0,5
BRDA:265,29,1,2
BRDA:276,30,0,0
BRDA:276,30,1,2
BRDA:287,31,0,2
BRDA:287,31,1,0
BRDA:287,32,0,2
BRDA:287,32,1,2
BRDA:306,33,0,2
BRDA:306,33,1,2
BRDA:328,34,0,1
BRDA:328,34,1,1
BRDA:361,35,0,1
BRDA:361,35,1,2
BRDA:370,36,0,1
BRDA:370,36,1,1
BRDA:400,37,0,1
BRDA:400,37,1,2
BRDA:410,38,0,1
BRDA:410,38,1,1
BRF:78
BRH:57
end_of_record
TN:
SF:controllers/userController.js
FN:20,(anonymous_0)
FN:37,(anonymous_1)
FN:66,(anonymous_2)
FN:202,(anonymous_3)
FN:241,(anonymous_4)
FN:294,(anonymous_5)
FN:361,(anonymous_6)
FNF:7
FNH:6
FNDA:0,(anonymous_0)
FNDA:4,(anonymous_1)
FNDA:10,(anonymous_2)
FNDA:3,(anonymous_3)
FNDA:7,(anonymous_4)
FNDA:4,(anonymous_5)
FNDA:6,(anonymous_6)
DA:1,2
DA:2,2
DA:3,2
DA:4,2
DA:5,2
DA:13,2
DA:14,2
DA:17,2
DA:21,0
DA:22,0
DA:23,0
DA:24,0
DA:25,0
DA:27,0
DA:37,2
DA:38,4
DA:39,4
DA:41,4
DA:42,4
DA:44,2
DA:57,0
DA:66,2
DA:67,10
DA:68,10
DA:69,10
DA:71,10
DA:73,10
DA:74,1
DA:78,9
DA:79,2
DA:82,7
DA:83,0
DA:87,7
DA:88,0
DA:91,7
DA:92,0
DA:95,7
DA:96,1
DA:99,6
DA:100,1
DA:103,5
DA:104,1
DA:107,4
DA:108,1
DA:112,3
DA:113,3
DA:114,3
DA:115,1
DA:117,2
DA:120,2
DA:121,0
DA:122,0
DA:123,0
DA:125,0
DA:129,2
DA:130,0
DA:131,0
DA:134,0
DA:135,0
DA:136,0
DA:139,0
DA:140,0
DA:143,0
DA:147,2
DA:151,2
DA:152,0
DA:153,0
DA:155,0
DA:159,2
DA:160,0
DA:161,0
DA:163,0
DA:167,2
DA:168,0
DA:169,0
DA:171,0
DA:175,2
DA:177,2
DA:191,0
DA:200,2
DA:202,2
DA:203,3
DA:204,3
DA:206,3
DA:207,1
DA:210,2
DA:211,2
DA:212,1
DA:219,1
DA:220,1
DA:221,1
DA:223,1
DA:224,1
DA:226,1
DA:231,0
DA:232,0
DA:241,2
DA:242,7
DA:243,7
DA:244,7
DA:247,7
DA:248,2
DA:252,5
DA:254,5
DA:255,2
DA:259,3
DA:260,3
DA:261,2
DA:265,1
DA:266,0
DA:267,0
DA:268,0
DA:269,0
DA:277,1
DA:279,1
DA:285,0
DA:294,2
DA:295,4
DA:296,4
DA:298,4
DA:300,4
DA:301,2
DA:305,2
DA:344,2
DA:352,0
DA:361,2
DA:362,6
DA:363,6
DA:364,6
DA:367,6
DA:368,2
DA:373,4
DA:375,4
DA:376,2
DA:380,2
DA:381,2
DA:383,2
DA:385,2
DA:392,0
DA:396,2
LF:140
LH:99
BRDA:24,0,0,0
BRDA:24,0,1,0
BRDA:24,1,0,0
BRDA:24,1,1,0
BRDA:42,2,0,2
BRDA:42,2,1,2
BRDA:73,3,0,1
BRDA:73,3,1,9
BRDA:78,4,0,2
BRDA:78,4,1,7
BRDA:78,5,0,9
BRDA:78,5,1,5
BRDA:78,5,2,3
BRDA:82,6,0,0
BRDA:82,6,1,7
BRDA:82,7,0,7
BRDA:82,7,1,0
BRDA:82,7,2,0
BRDA:87,8,0,0
BRDA:87,8,1,7
BRDA:87,9,0,7
BRDA:87,9,1,3
BRDA:91,10,0,0
BRDA:91,10,1,7
BRDA:91,11,0,7
BRDA:91,11,1,0
BRDA:95,12,0,1
BRDA:95,12,1,6
BRDA:95,13,0,7
BRDA:95,13,1,1
BRDA:99,14,0,1
BRDA:99,14,1,5
BRDA:99,15,0,6
BRDA:99,15,1,1
BRDA:99,15,2,1
BRDA:99,15,3,1
BRDA:103,16,0,1
BRDA:103,16,1,4
BRDA:103,17,0,5
BRDA:103,17,1,1
BRDA:103,17,2,1
BRDA:103,17,3,1
BRDA:107,18,0,1
BRDA:107,18,1,3
BRDA:107,19,0,4
BRDA:107,19,1,1
BRDA:107,19,2,1
BRDA:107,19,3,1
BRDA:112,20,0,3
BRDA:112,20,1,0
BRDA:112,21,0,3
BRDA:112,21,1,3
BRDA:114,22,0,1
BRDA:114,22,1,2
BRDA:120,23,0,0
BRDA:120,23,1,2
BRDA:120,24,0,2
BRDA:120,24,1,0
BRDA:122,25,0,0
BRDA:122,25,1,0
BRDA:129,26,0,0
BRDA:129,26,1,2
BRDA:130,27,0,0
BRDA:130,27,1,0
BRDA:135,28,0,0
BRDA:135,28,1,0
BRDA:139,29,0,0
BRDA:139,29,1,0
BRDA:147,30,0,0
BRDA:147,30,1,2
BRDA:147,31,0,0
BRDA:147,31,1,0
BRDA:151,32,0,0
BRDA:151,32,1,2
BRDA:152,33,0,0
BRDA:152,33,1,0
BRDA:152,34,0,0
BRDA:152,34,1,0
BRDA:152,34,2,0
BRDA:159,35,0,0
BRDA:159,35,1,2
BRDA:160,36,0,0
BRDA:160,36,1,0
BRDA:160,37,0,0
BRDA:160,37,1,0
BRDA:160,37,2,0
BRDA:167,38,0,0
BRDA:167,38,1,2
BRDA:168,39,0,0
BRDA:168,39,1,0
BRDA:168,40,0,0
BRDA:168,40,1,0
BRDA:168,40,2,0
BRDA:206,41,0,1
BRDA:206,41,1,2
BRDA:211,42,0,1
BRDA:211,42,1,1
BRDA:247,43,0,2
BRDA:247,43,1,5
BRDA:247,44,0,7
BRDA:247,44,1,5
BRDA:254,45,0,2
BRDA:254,45,1,3
BRDA:260,46,0,2
BRDA:260,46,1,1
BRDA:265,47,0,0
BRDA:265,47,1,1
BRDA:267,48,0,0
BRDA:267,48,1,0
BRDA:300,49,0,2
BRDA:300,49,1,2
BRDA:346,50,0,2
BRDA:346,50,1,0
BRDA:347,51,0,2
BRDA:347,51,1,0
BRDA:367,52,0,2
BRDA:367,52,1,4
BRDA:375,53,0,2
BRDA:375,53,1,2
BRDA:383,54,0,1
BRDA:383,54,1,1
BRF:121
BRH:73
end_of_record
TN:
SF:controllers/wodCrossFitController.js
FN:10,(anonymous_0)
FN:56,(anonymous_1)
FN:68,(anonymous_2)
FN:93,(anonymous_3)
FNF:4
FNH:3
FNDA:9,(anonymous_0)
FNDA:4,(anonymous_1)
FNDA:2,(anonymous_2)
FNDA:0,(anonymous_3)
DA:1,2
DA:2,2
DA:3,2
DA:10,2
DA:11,9
DA:12,9
DA:15,9
DA:16,9
DA:19,4
DA:20,4
DA:23,2
DA:32,2
DA:34,2
DA:47,0
DA:56,2
DA:57,4
DA:58,4
DA:61,4
DA:62,4
DA:65,3
DA:68,3
DA:78,3
DA:84,0
DA:93,2
DA:94,0
DA:95,0
DA:97,0
DA:99,0
DA:100,0
DA:103,0
DA:109,0
DA:113,2
LF:32
LH:23
BRDA:16,0,0,5
BRDA:16,0,1,4
BRDA:20,1,0,2
BRDA:20,1,1,2
BRDA:28,2,0,1
BRDA:28,2,1,1
BRDA:29,3,0,2
BRDA:29,3,1,2
BRDA:62,4,0,1
BRDA:62,4,1,3
BRDA:99,5,0,0
BRDA:99,5,1,0
BRF:12
BRH:10
end_of_record
TN:
SF:validators/authValidator.js
FN:10,(anonymous_0)
FN:19,(anonymous_1)
FN:28,(anonymous_2)
FN:37,(anonymous_3)
FN:46,(anonymous_4)
FN:55,(anonymous_5)
FN:64,(anonymous_6)
FNF:7
FNH:7
FNDA:27,(anonymous_0)
FNDA:21,(anonymous_1)
FNDA:18,(anonymous_2)
FNDA:6,(anonymous_3)
FNDA:7,(anonymous_4)
FNDA:7,(anonymous_5)
FNDA:7,(anonymous_6)
DA:10,6
DA:11,27
DA:19,6
DA:20,21
DA:28,6
DA:29,18
DA:37,6
DA:38,6
DA:46,6
DA:47,7
DA:55,6
DA:56,7
DA:64,6
DA:65,7
DA:68,6
LF:15
LH:15
BRDA:47,0,0,7
BRDA:47,0,1,6
BRDA:47,0,2,4
BRDA:56,1,0,7
BRDA:56,1,1,5
BRDA:56,1,2,4
BRDA:65,2,0,7
BRDA:65,2,1,5
BRDA:65,2,2,4
BRF:9
BRH:9
end_of_record
TN:
SF:validators/entrenamientoValidator.js
FN:10,(anonymous_0)
FN:31,(anonymous_1)
FN:60,(anonymous_2)
FN:61,(anonymous_3)
FN:71,(anonymous_4)
FNF:5
FNH:5
FNDA:8,(anonymous_0)
FNDA:7,(anonymous_1)
FNDA:2,(anonymous_2)
FNDA:2,(anonymous_3)
FNDA:4,(anonymous_4)
DA:10,3
DA:11,8
DA:12,2
DA:15,6
DA:16,7
DA:17,7
DA:18,2
DA:22,4
DA:31,3
DA:32,7
DA:33,1
DA:36,6
DA:37,1
DA:40,5
DA:41,0
DA:44,5
DA:45,0
DA:48,5
DA:49,0
DA:52,5
DA:60,3
DA:61,2
DA:62,2
DA:71,3
DA:72,4
DA:75,3
LF:26
LH:23
BRDA:11,0,0,2
BRDA:11,0,1,6
BRDA:11,1,0,8
BRDA:11,1,1,8
BRDA:11,1,2,8
BRDA:17,2,0,2
BRDA:17,2,1,5
BRDA:32,3,0,1
BRDA:32,3,1,6
BRDA:32,4,0,7
BRDA:32,4,1,6
BRDA:32,4,2,6
BRDA:36,5,0,1
BRDA:36,5,1,5
BRDA:36,6,0,6
BRDA:36,6,1,6
BRDA:40,7,0,0
BRDA:40,7,1,5
BRDA:40,8,0,5
BRDA:40,8,1,5
BRDA:44,9,0,0
BRDA:44,9,1,5
BRDA:44,10,0,5
BRDA:44,10,1,5
BRDA:48,11,0,0
BRDA:48,11,1,5
BRDA:48,12,0,5
BRDA:48,12,1,5
BRDA:48,12,2,5
BRDA:72,13,0,4
BRDA:72,13,1,4
BRDA:72,13,2,4
BRF:32
BRH:29
end_of_record
TN:
SF:validators/oneRMValidator.js
FN:10,(anonymous_0)
FN:40,(anonymous_1)
FN:53,(anonymous_2)
FN:66,(anonymous_3)
FNF:4
FNH:4
FNDA:11,(anonymous_0)
FNDA:9,(anonymous_1)
FNDA:8,(anonymous_2)
FNDA:6,(anonymous_3)
DA:10,3
DA:11,11
DA:13,11
DA:14,2
DA:20,9
DA:21,1
DA:24,8
DA:25,2
DA:28,6
DA:29,1
DA:32,5
DA:40,3
DA:42,9
DA:53,3
DA:55,8
DA:66,3
DA:67,6
DA:70,3
LF:18
LH:18
BRDA:13,0,0,2
BRDA:13,0,1,9
BRDA:13,1,0,11
BRDA:13,1,1,9
BRDA:13,1,2,9
BRDA:13,1,3,9
BRDA:13,1,4,9
BRDA:20,2,0,1
BRDA:20,2,1,8
BRDA:24,3,0,2
BRDA:24,3,1,6
BRDA:28,4,0,1
BRDA:28,4,1,5
BRDA:43,5,0,9
BRDA:43,5,1,9
BRDA:56,6,0,8
BRDA:56,6,1,8
BRDA:67,7,0,6
BRDA:67,7,1,6
BRF:19
BRH:19
end_of_record
TN:
SF:validators/wodCrossFitValidator.js
FN:19,(anonymous_0)
FN:53,(anonymous_1)
FN:66,(anonymous_2)
FN:75,(anonymous_3)
FN:84,(anonymous_4)
FN:93,(anonymous_5)
FNF:6
FNH:5
FNDA:14,(anonymous_0)
FNDA:11,(anonymous_1)
FNDA:9,(anonymous_2)
FNDA:7,(anonymous_3)
FNDA:5,(anonymous_4)
FNDA:0,(anonymous_5)
DA:6,3
DA:12,3
DA:19,3
DA:20,14
DA:22,14
DA:23,3
DA:29,11
DA:30,2
DA:33,9
DA:34,2
DA:37,7
DA:38,2
DA:41,5
DA:42,0
DA:45,5
DA:53,3
DA:55,11
DA:66,3
DA:67,9
DA:75,3
DA:76,7
DA:84,3
DA:85,5
DA:93,3
DA:94,0
DA:95,0
DA:98,3
LF:27
LH:24
BRDA:22,0,0,3
BRDA:22,0,1,11
BRDA:22,1,0,14
BRDA:22,1,1,13
BRDA:22,1,2,11
BRDA:22,1,3,11
BRDA:29,2,0,2
BRDA:29,2,1,9
BRDA:33,3,0,2
BRDA:33,3,1,7
BRDA:37,4,0,2
BRDA:37,4,1,5
BRDA:41,5,0,0
BRDA:41,5,1,5
BRDA:56,6,0,11
BRDA:56,6,1,11
BRDA:85,7,0,5
BRDA:85,7,1,5
BRDA:94,8,0,0
BRDA:94,8,1,0
BRDA:95,9,0,0
BRDA:95,9,1,0
BRF:22
BRH:17
end_of_record
