TN:
SF:controllers/analisisVideoController.js
FN:9,(anonymous_0)
FNF:1
FNH:1
FNDA:8,(anonymous_0)
DA:1,2
DA:2,2
DA:3,2
DA:4,2
DA:9,2
DA:10,8
DA:11,8
DA:12,8
DA:13,8
DA:16,8
DA:17,1
DA:21,7
DA:22,7
DA:23,1
DA:26,6
DA:31,6
DA:32,6
DA:33,5
DA:34,5
DA:35,5
DA:37,1
DA:40,5
DA:41,1
DA:45,4
DA:46,3
DA:47,3
DA:50,3
DA:51,3
DA:52,3
DA:53,3
DA:54,3
DA:55,3
DA:59,3
DA:61,3
DA:62,2
DA:64,2
DA:65,2
DA:73,2
DA:74,2
DA:75,2
DA:76,2
DA:77,2
DA:78,2
DA:79,2
DA:81,2
DA:82,2
DA:84,0
DA:85,0
DA:88,0
DA:90,0
DA:98,1
DA:99,1
DA:100,1
DA:101,1
DA:103,1
DA:104,1
DA:106,1
DA:114,3
DA:120,3
DA:131,3
DA:134,2
DA:147,2
DA:149,2
LF:63
LH:59
BRDA:16,0,0,1
BRDA:16,0,1,7
BRDA:22,1,0,1
BRDA:22,1,1,6
BRDA:22,2,0,7
BRDA:22,2,1,7
BRDA:32,3,0,5
BRDA:32,3,1,1
BRDA:33,4,0,2
BRDA:33,4,1,3
BRDA:34,5,0,5
BRDA:34,5,1,0
BRDA:35,6,0,2
BRDA:35,6,1,3
BRDA:40,7,0,1
BRDA:40,7,1,4
BRDA:46,8,0,3
BRDA:46,8,1,0
BRDA:59,9,0,0
BRDA:59,9,1,3
BRDA:59,10,0,0
BRDA:59,10,1,0
BRDA:61,11,0,2
BRDA:61,11,1,1
BRDA:61,12,0,3
BRDA:61,12,1,3
BRDA:61,12,2,1
BRDA:73,13,0,2
BRDA:73,13,1,0
BRDA:78,14,0,2
BRDA:78,14,1,2
BRDA:81,15,0,0
BRDA:81,15,1,2
BRDA:90,16,0,0
BRDA:90,16,1,0
BRDA:99,17,0,0
BRDA:99,17,1,1
BRDA:100,18,0,0
BRDA:100,18,1,1
BRDA:100,19,0,1
BRDA:100,19,1,0
BRDA:101,20,0,1
BRDA:101,20,1,0
BRDA:101,21,0,1
BRDA:101,21,1,1
BRDA:103,22,0,1
BRDA:103,22,1,0
BRDA:106,23,0,1
BRDA:106,23,1,0
BRDA:114,24,0,3
BRDA:114,24,1,0
BRDA:125,25,0,3
BRDA:125,25,1,0
BRDA:126,26,0,0
BRDA:126,26,1,3
BRDA:128,27,0,3
BRDA:128,27,1,3
BRDA:140,28,0,0
BRDA:140,28,1,2
BRF:59
BRH:40
end_of_record
TN:
SF:controllers/authController.js
FN:11,(anonymous_0)
FN:68,(anonymous_1)
FNF:2
FNH:2
FNDA:12,(anonymous_0)
FNDA:9,(anonymous_1)
DA:1,1
DA:2,1
DA:3,1
DA:4,1
DA:11,1
DA:12,12
DA:13,12
DA:16,12
DA:17,1
DA:20,11
DA:21,3
DA:24,8
DA:25,2
DA:29,6
DA:30,5
DA:31,1
DA:34,4
DA:35,4
DA:36,1
DA:40,3
DA:43,3
DA:53,3
DA:55,3
DA:58,1
DA:59,1
DA:68,1
DA:69,9
DA:70,9
DA:73,9
DA:74,3
DA:75,3
DA:79,6
DA:80,5
DA:81,1
DA:82,1
DA:86,4
DA:87,4
DA:88,1
DA:89,1
DA:92,3
DA:95,3
DA:102,3
DA:117,1
DA:118,1
DA:122,1
LF:45
LH:45
BRDA:16,0,0,1
BRDA:16,0,1,11
BRDA:20,1,0,3
BRDA:20,1,1,8
BRDA:24,2,0,2
BRDA:24,2,1,6
BRDA:30,3,0,1
BRDA:30,3,1,4
BRDA:35,4,0,1
BRDA:35,4,1,3
BRDA:47,5,0,3
BRDA:47,5,1,2
BRDA:73,6,0,3
BRDA:73,6,1,6
BRDA:73,7,0,9
BRDA:73,7,1,7
BRDA:80,8,0,1
BRDA:80,8,1,4
BRDA:87,9,0,1
BRDA:87,9,1,3
BRDA:97,10,0,3
BRDA:97,10,1,3
BRF:22
BRH:22
end_of_record
TN:
SF:controllers/entrenamientoController.js
FN:11,(anonymous_0)
FN:44,(anonymous_1)
FN:61,(anonymous_2)
FN:82,(anonymous_3)
FN:94,(anonymous_4)
FN:101,(anonymous_5)
FN:128,(anonymous_6)
FN:146,(anonymous_7)
FN:167,(anonymous_8)
FN:193,(anonymous_9)
FN:204,(anonymous_10)
FN:206,(anonymous_11)
FNF:12
FNH:12
FNDA:1,(anonymous_0)
FNDA:1,(anonymous_1)
FNDA:1,(anonymous_2)
FNDA:2,(anonymous_3)
FNDA:1,(anonymous_4)
FNDA:1,(anonymous_5)
FNDA:2,(anonymous_6)
FNDA:1,(anonymous_7)
FNDA:2,(anonymous_8)
FNDA:2,(anonymous_9)
FNDA:2,(anonymous_10)
FNDA:2,(anonymous_11)
DA:1,1
DA:2,1
DA:3,1
DA:4,1
DA:11,1
DA:12,1
DA:13,1
DA:16,1
DA:17,0
DA:23,1
DA:24,1
DA:27,1
DA:28,1
DA:31,1
DA:34,1
DA:40,1
DA:43,1
DA:44,1
DA:55,1
DA:61,1
DA:73,0
DA:82,1
DA:83,2
DA:84,2
DA:86,2
DA:87,2
DA:89,1
DA:93,1
DA:95,1
DA:97,1
DA:101,1
DA:114,1
DA:119,0
DA:128,1
DA:129,2
DA:130,2
DA:132,2
DA:134,2
DA:135,1
DA:139,1
DA:141,1
DA:146,1
DA:158,0
DA:167,1
DA:168,2
DA:169,2
DA:172,2
DA:174,2
DA:175,1
DA:179,1
DA:181,1
DA:184,0
DA:193,1
DA:194,2
DA:195,2
DA:197,2
DA:198,2
DA:200,1
DA:202,1
DA:204,2
DA:206,2
DA:210,1
DA:213,0
DA:217,1
LF:64
LH:58
BRDA:16,0,0,0
BRDA:16,0,1,1
BRDA:24,1,0,0
BRDA:24,1,1,1
BRDA:28,2,0,0
BRDA:28,2,1,1
BRDA:36,3,0,1
BRDA:36,3,1,0
BRDA:87,4,0,1
BRDA:87,4,1,1
BRDA:134,5,0,1
BRDA:134,5,1,1
BRDA:174,6,0,1
BRDA:174,6,1,1
BRDA:198,7,0,1
BRDA:198,7,1,1
BRDA:205,8,0,1
BRDA:205,8,1,0
BRF:18
BRH:13
end_of_record
TN:
SF:controllers/oneRMController.js
FN:10,(anonymous_0)
FN:52,(anonymous_1)
FN:68,(anonymous_2)
FN:85,(anonymous_3)
FN:110,(anonymous_4)
FN:122,(anonymous_5)
FN:140,(anonymous_6)
FNF:7
FNH:7
FNDA:3,(anonymous_0)
FNDA:2,(anonymous_1)
FNDA:2,(anonymous_2)
FNDA:2,(anonymous_3)
FNDA:2,(anonymous_4)
FNDA:1,(anonymous_5)
FNDA:2,(anonymous_6)
DA:1,1
DA:2,1
DA:3,1
DA:10,1
DA:11,3
DA:12,3
DA:15,3
DA:16,3
DA:19,2
DA:20,2
DA:23,1
DA:30,1
DA:32,1
DA:43,0
DA:52,1
DA:53,2
DA:54,2
DA:57,2
DA:58,2
DA:61,1
DA:66,1
DA:68,2
DA:76,0
DA:85,1
DA:86,2
DA:87,2
DA:90,2
DA:91,2
DA:94,1
DA:96,1
DA:101,0
DA:110,1
DA:111,2
DA:112,2
DA:115,2
DA:116,2
DA:119,1
DA:121,1
DA:122,1
DA:131,0
DA:140,1
DA:141,2
DA:142,2
DA:144,2
DA:146,2
DA:147,1
DA:150,1
DA:153,0
DA:157,1
LF:49
LH:44
BRDA:16,0,0,1
BRDA:16,0,1,2
BRDA:20,1,0,1
BRDA:20,1,1,1
BRDA:27,2,0,0
BRDA:27,2,1,1
BRDA:58,3,0,1
BRDA:58,3,1,1
BRDA:91,4,0,1
BRDA:91,4,1,1
BRDA:116,5,0,1
BRDA:116,5,1,1
BRDA:146,6,0,1
BRDA:146,6,1,1
BRF:14
BRH:13
end_of_record
TN:
SF:controllers/planEntrenamientoController.js
FN:14,(anonymous_0)
FN:58,(anonymous_1)
FN:80,(anonymous_2)
FN:86,(anonymous_3)
FN:103,(anonymous_4)
FN:120,(anonymous_5)
FN:128,(anonymous_6)
FN:137,(anonymous_7)
FN:148,(anonymous_8)
FN:156,(anonymous_9)
FN:166,(anonymous_10)
FN:168,(anonymous_11)
FN:195,(anonymous_12)
FN:246,(anonymous_13)
FN:328,(anonymous_14)
FN:362,(anonymous_15)
FN:402,(anonymous_16)
FNF:17
FNH:13
FNDA:4,(anonymous_0)
FNDA:2,(anonymous_1)
FNDA:2,(anonymous_2)
FNDA:0,(anonymous_3)
FNDA:2,(anonymous_4)
FNDA:2,(anonymous_5)
FNDA:2,(anonymous_6)
FNDA:2,(anonymous_7)
FNDA:2,(anonymous_8)
FNDA:0,(anonymous_9)
FNDA:0,(anonymous_10)
FNDA:0,(anonymous_11)
FNDA:5,(anonymous_12)
FNDA:6,(anonymous_13)
FNDA:2,(anonymous_14)
FNDA:3,(anonymous_15)
FNDA:3,(anonymous_16)
DA:1,2
DA:2,2
DA:3,2
DA:4,2
DA:5,2
DA:6,2
DA:7,2
DA:8,2
DA:9,2
DA:14,2
DA:15,4
DA:17,4
DA:18,2
DA:20,4
DA:21,2
DA:23,4
DA:24,2
DA:26,4
DA:27,2
DA:31,4
DA:34,4
DA:35,2
DA:43,2
DA:44,0
DA:52,2
DA:58,2
DA:59,2
DA:61,2
DA:62,2
DA:64,2
DA:65,2
DA:67,2
DA:68,2
DA:70,2
DA:71,2
DA:74,2
DA:80,2
DA:81,2
DA:82,0
DA:86,2
DA:89,2
DA:90,2
DA:92,2
DA:93,2
DA:94,2
DA:95,2
DA:98,2
DA:101,2
DA:102,2
DA:103,2
DA:104,2
DA:105,2
DA:106,2
DA:109,0
DA:111,2
DA:114,2
DA:120,2
DA:121,2
DA:122,0
DA:126,2
DA:128,2
DA:129,2
DA:130,2
DA:131,2
DA:135,2
DA:137,2
DA:138,2
DA:139,2
DA:142,2
DA:148,2
DA:149,2
DA:150,2
DA:154,0
DA:156,0
DA:157,0
DA:158,0
DA:159,0
DA:161,0
DA:164,0
DA:166,0
DA:168,0
DA:169,0
DA:171,0
DA:172,0
DA:173,0
DA:174,0
DA:176,0
DA:178,0
DA:180,0
DA:181,0
DA:182,0
DA:183,0
DA:186,0
DA:189,0
DA:195,2
DA:197,5
DA:198,5
DA:199,0
DA:203,5
DA:206,4
DA:209,4
DA:212,4
DA:213,4
DA:214,2
DA:222,2
DA:223,2
DA:226,2
DA:227,2
DA:228,2
DA:229,2
DA:232,2
DA:233,2
DA:234,2
DA:235,2
DA:237,2
DA:246,2
DA:247,6
DA:248,6
DA:249,6
DA:252,6
DA:253,6
DA:254,1
DA:260,5
DA:262,4
DA:263,2
DA:271,2
DA:272,2
DA:274,2
DA:275,0
DA:276,0
DA:284,2
DA:293,2
DA:295,2
DA:296,2
DA:297,2
DA:298,0
DA:302,2
DA:316,1
DA:317,1
DA:328,2
DA:329,2
DA:330,2
DA:333,2
DA:334,2
DA:335,1
DA:341,1
DA:344,1
DA:350,0
DA:351,0
DA:362,2
DA:363,3
DA:364,3
DA:367,3
DA:368,3
DA:369,1
DA:375,2
DA:377,2
DA:378,1
DA:384,1
DA:390,0
DA:391,0
DA:402,2
DA:403,3
DA:404,3
DA:407,3
DA:408,3
DA:409,1
DA:416,2
DA:418,2
DA:419,1
DA:425,1
DA:431,0
DA:432,0
DA:440,2
LF:174
LH:138
BRDA:17,0,0,2
BRDA:17,0,1,2
BRDA:17,1,0,4
BRDA:17,1,1,4
BRDA:20,2,0,2
BRDA:20,2,1,2
BRDA:23,3,0,2
BRDA:23,3,1,2
BRDA:26,4,0,2
BRDA:26,4,1,2
BRDA:31,5,0,4
BRDA:31,5,1,2
BRDA:34,6,0,2
BRDA:34,6,1,2
BRDA:34,7,0,4
BRDA:34,7,1,2
BRDA:43,8,0,0
BRDA:43,8,1,2
BRDA:61,9,0,2
BRDA:61,9,1,0
BRDA:61,10,0,2
BRDA:61,10,1,2
BRDA:64,11,0,2
BRDA:64,11,1,0
BRDA:67,12,0,2
BRDA:67,12,1,0
BRDA:70,13,0,2
BRDA:70,13,1,0
BRDA:74,14,0,2
BRDA:74,14,1,0
BRDA:81,15,0,0
BRDA:81,15,1,2
BRDA:95,16,0,2
BRDA:95,16,1,0
BRDA:101,17,0,2
BRDA:101,17,1,0
BRDA:121,18,0,0
BRDA:121,18,1,2
BRDA:130,19,0,2
BRDA:130,19,1,0
BRDA:130,20,0,2
BRDA:130,20,1,0
BRDA:149,21,0,2
BRDA:149,21,1,0
BRDA:158,22,0,0
BRDA:158,22,1,0
BRDA:178,23,0,0
BRDA:178,23,1,0
BRDA:198,24,0,0
BRDA:198,24,1,5
BRDA:213,25,0,2
BRDA:213,25,1,2
BRDA:239,26,0,0
BRDA:239,26,1,2
BRDA:253,27,0,1
BRDA:253,27,1,5
BRDA:262,28,0,2
BRDA:262,28,1,2
BRDA:274,29,0,0
BRDA:274,29,1,2
BRDA:286,30,0,2
BRDA:286,30,1,0
BRDA:286,31,0,2
BRDA:286,31,1,2
BRDA:297,32,0,0
BRDA:297,32,1,2
BRDA:311,33,0,2
BRDA:311,33,1,2
BRDA:334,34,0,1
BRDA:334,34,1,1
BRDA:368,35,0,1
BRDA:368,35,1,2
BRDA:377,36,0,1
BRDA:377,36,1,1
BRDA:408,37,0,1
BRDA:408,37,1,2
BRDA:418,38,0,1
BRDA:418,38,1,1
BRF:78
BRH:56
end_of_record
TN:
SF:controllers/userController.js
FN:18,(anonymous_0)
FN:26,(anonymous_1)
FN:35,(anonymous_2)
FN:53,(anonymous_3)
FN:82,(anonymous_4)
FN:216,(anonymous_5)
FN:264,(anonymous_6)
FN:318,(anonymous_7)
FN:385,(anonymous_8)
FNF:9
FNH:6
FNDA:0,(anonymous_0)
FNDA:0,(anonymous_1)
FNDA:0,(anonymous_2)
FNDA:2,(anonymous_3)
FNDA:8,(anonymous_4)
FNDA:3,(anonymous_5)
FNDA:7,(anonymous_6)
FNDA:4,(anonymous_7)
FNDA:6,(anonymous_8)
DA:1,1
DA:2,1
DA:3,1
DA:4,1
DA:5,1
DA:13,1
DA:14,1
DA:17,1
DA:19,0
DA:21,0
DA:22,0
DA:24,0
DA:27,0
DA:28,0
DA:32,1
DA:36,0
DA:37,0
DA:38,0
DA:40,0
DA:41,0
DA:43,0
DA:53,1
DA:54,2
DA:55,2
DA:57,2
DA:58,2
DA:60,1
DA:73,0
DA:82,1
DA:83,8
DA:84,8
DA:85,8
DA:87,8
DA:89,8
DA:90,1
DA:94,7
DA:95,1
DA:98,6
DA:99,0
DA:103,6
DA:104,0
DA:107,6
DA:108,0
DA:111,6
DA:112,1
DA:115,5
DA:116,1
DA:119,4
DA:120,1
DA:123,3
DA:124,1
DA:128,2
DA:129,2
DA:130,2
DA:131,1
DA:133,1
DA:136,1
DA:137,0
DA:138,0
DA:139,0
DA:141,0
DA:145,1
DA:146,0
DA:147,0
DA:150,0
DA:151,0
DA:152,0
DA:155,0
DA:156,0
DA:159,0
DA:163,1
DA:167,1
DA:168,0
DA:169,0
DA:171,0
DA:175,1
DA:176,0
DA:177,0
DA:179,0
DA:183,1
DA:184,0
DA:185,0
DA:187,0
DA:191,1
DA:193,1
DA:207,0
DA:216,1
DA:217,3
DA:218,3
DA:220,3
DA:221,1
DA:224,2
DA:226,2
DA:228,1
DA:229,1
DA:232,1
DA:234,1
DA:235,0
DA:236,0
DA:237,0
DA:242,1
DA:243,1
DA:245,1
DA:252,0
DA:253,0
DA:255,0
DA:264,1
DA:265,7
DA:266,7
DA:267,7
DA:270,7
DA:271,2
DA:275,5
DA:277,5
DA:278,2
DA:282,3
DA:283,3
DA:284,2
DA:288,1
DA:289,0
DA:290,0
DA:291,0
DA:292,0
DA:294,0
DA:301,1
DA:303,1
DA:309,0
DA:318,1
DA:319,4
DA:320,4
DA:322,4
DA:324,4
DA:325,2
DA:329,2
DA:368,2
DA:376,0
DA:385,1
DA:386,6
DA:387,6
DA:388,6
DA:391,6
DA:392,2
DA:397,4
DA:399,4
DA:400,2
DA:404,2
DA:405,2
DA:407,2
DA:409,2
DA:416,0
DA:420,1
LF:151
LH:99
BRDA:21,0,0,0
BRDA:21,0,1,0
BRDA:40,1,0,0
BRDA:40,1,1,0
BRDA:40,2,0,0
BRDA:40,2,1,0
BRDA:58,3,0,1
BRDA:58,3,1,1
BRDA:89,4,0,1
BRDA:89,4,1,7
BRDA:94,5,0,1
BRDA:94,5,1,6
BRDA:94,6,0,7
BRDA:94,6,1,3
BRDA:94,6,2,2
BRDA:98,7,0,0
BRDA:98,7,1,6
BRDA:98,8,0,6
BRDA:98,8,1,0
BRDA:98,8,2,0
BRDA:103,9,0,0
BRDA:103,9,1,6
BRDA:103,10,0,6
BRDA:103,10,1,2
BRDA:107,11,0,0
BRDA:107,11,1,6
BRDA:107,12,0,6
BRDA:107,12,1,0
BRDA:111,13,0,1
BRDA:111,13,1,5
BRDA:111,14,0,6
BRDA:111,14,1,1
BRDA:115,15,0,1
BRDA:115,15,1,4
BRDA:115,16,0,5
BRDA:115,16,1,1
BRDA:115,16,2,1
BRDA:115,16,3,1
BRDA:119,17,0,1
BRDA:119,17,1,3
BRDA:119,18,0,4
BRDA:119,18,1,1
BRDA:119,18,2,1
BRDA:119,18,3,1
BRDA:123,19,0,1
BRDA:123,19,1,2
BRDA:123,20,0,3
BRDA:123,20,1,1
BRDA:123,20,2,1
BRDA:123,20,3,1
BRDA:128,21,0,2
BRDA:128,21,1,0
BRDA:128,22,0,2
BRDA:128,22,1,2
BRDA:130,23,0,1
BRDA:130,23,1,1
BRDA:136,24,0,0
BRDA:136,24,1,1
BRDA:136,25,0,1
BRDA:136,25,1,0
BRDA:138,26,0,0
BRDA:138,26,1,0
BRDA:145,27,0,0
BRDA:145,27,1,1
BRDA:146,28,0,0
BRDA:146,28,1,0
BRDA:151,29,0,0
BRDA:151,29,1,0
BRDA:155,30,0,0
BRDA:155,30,1,0
BRDA:163,31,0,0
BRDA:163,31,1,1
BRDA:163,32,0,0
BRDA:163,32,1,0
BRDA:167,33,0,0
BRDA:167,33,1,1
BRDA:168,34,0,0
BRDA:168,34,1,0
BRDA:168,35,0,0
BRDA:168,35,1,0
BRDA:168,35,2,0
BRDA:175,36,0,0
BRDA:175,36,1,1
BRDA:176,37,0,0
BRDA:176,37,1,0
BRDA:176,38,0,0
BRDA:176,38,1,0
BRDA:176,38,2,0
BRDA:183,39,0,0
BRDA:183,39,1,1
BRDA:184,40,0,0
BRDA:184,40,1,0
BRDA:184,41,0,0
BRDA:184,41,1,0
BRDA:184,41,2,0
BRDA:220,42,0,1
BRDA:220,42,1,2
BRDA:226,43,0,1
BRDA:226,43,1,1
BRDA:234,44,0,0
BRDA:234,44,1,1
BRDA:236,45,0,0
BRDA:236,45,1,0
BRDA:245,46,0,1
BRDA:245,46,1,0
BRDA:252,47,0,0
BRDA:252,47,1,0
BRDA:252,48,0,0
BRDA:252,48,1,0
BRDA:270,49,0,2
BRDA:270,49,1,5
BRDA:270,50,0,7
BRDA:270,50,1,5
BRDA:277,51,0,2
BRDA:277,51,1,3
BRDA:283,52,0,2
BRDA:283,52,1,1
BRDA:288,53,0,0
BRDA:288,53,1,1
BRDA:290,54,0,0
BRDA:290,54,1,0
BRDA:324,55,0,2
BRDA:324,55,1,2
BRDA:370,56,0,2
BRDA:370,56,1,0
BRDA:371,57,0,2
BRDA:371,57,1,0
BRDA:391,58,0,2
BRDA:391,58,1,4
BRDA:399,59,0,2
BRDA:399,59,1,2
BRDA:407,60,0,1
BRDA:407,60,1,1
BRF:133
BRH:75
end_of_record
TN:
SF:controllers/wodCrossFitController.js
FN:10,(anonymous_0)
FN:56,(anonymous_1)
FN:68,(anonymous_2)
FN:93,(anonymous_3)
FNF:4
FNH:3
FNDA:6,(anonymous_0)
FNDA:3,(anonymous_1)
FNDA:1,(anonymous_2)
FNDA:0,(anonymous_3)
DA:1,1
DA:2,1
DA:3,1
DA:10,1
DA:11,6
DA:12,6
DA:15,6
DA:16,6
DA:19,2
DA:20,2
DA:23,1
DA:32,1
DA:34,1
DA:47,0
DA:56,1
DA:57,3
DA:58,3
DA:61,3
DA:62,3
DA:65,2
DA:68,2
DA:78,2
DA:84,0
DA:93,1
DA:94,0
DA:95,0
DA:97,0
DA:99,0
DA:100,0
DA:103,0
DA:109,0
DA:113,1
LF:32
LH:23
BRDA:16,0,0,4
BRDA:16,0,1,2
BRDA:20,1,0,1
BRDA:20,1,1,1
BRDA:28,2,0,1
BRDA:28,2,1,0
BRDA:29,3,0,1
BRDA:29,3,1,1
BRDA:62,4,0,1
BRDA:62,4,1,2
BRDA:99,5,0,0
BRDA:99,5,1,0
BRF:12
BRH:9
end_of_record
TN:
SF:validators/authValidator.js
FN:10,(anonymous_0)
FN:19,(anonymous_1)
FN:28,(anonymous_2)
FN:37,(anonymous_3)
FN:46,(anonymous_4)
FN:55,(anonymous_5)
FN:64,(anonymous_6)
FNF:7
FNH:7
FNDA:20,(anonymous_0)
FNDA:16,(anonymous_1)
FNDA:13,(anonymous_2)
FNDA:6,(anonymous_3)
FNDA:7,(anonymous_4)
FNDA:7,(anonymous_5)
FNDA:7,(anonymous_6)
DA:10,3
DA:11,20
DA:19,3
DA:20,16
DA:28,3
DA:29,13
DA:37,3
DA:38,6
DA:46,3
DA:47,7
DA:55,3
DA:56,7
DA:64,3
DA:65,7
DA:68,3
LF:15
LH:15
BRDA:47,0,0,7
BRDA:47,0,1,6
BRDA:47,0,2,4
BRDA:56,1,0,7
BRDA:56,1,1,5
BRDA:56,1,2,4
BRDA:65,2,0,7
BRDA:65,2,1,5
BRDA:65,2,2,4
BRF:9
BRH:9
end_of_record
TN:
SF:validators/entrenamientoValidator.js
FN:10,(anonymous_0)
FN:31,(anonymous_1)
FN:60,(anonymous_2)
FN:61,(anonymous_3)
FN:71,(anonymous_4)
FNF:5
FNH:5
FNDA:5,(anonymous_0)
FNDA:5,(anonymous_1)
FNDA:1,(anonymous_2)
FNDA:1,(anonymous_3)
FNDA:1,(anonymous_4)
DA:10,2
DA:11,5
DA:12,1
DA:15,4
DA:16,5
DA:17,5
DA:18,2
DA:22,2
DA:31,2
DA:32,5
DA:33,1
DA:36,4
DA:37,1
DA:40,3
DA:41,0
DA:44,3
DA:45,0
DA:48,3
DA:49,0
DA:52,3
DA:60,2
DA:61,1
DA:62,1
DA:71,2
DA:72,1
DA:75,2
LF:26
LH:23
BRDA:11,0,0,1
BRDA:11,0,1,4
BRDA:11,1,0,5
BRDA:11,1,1,5
BRDA:11,1,2,5
BRDA:17,2,0,2
BRDA:17,2,1,3
BRDA:32,3,0,1
BRDA:32,3,1,4
BRDA:32,4,0,5
BRDA:32,4,1,4
BRDA:32,4,2,4
BRDA:36,5,0,1
BRDA:36,5,1,3
BRDA:36,6,0,4
BRDA:36,6,1,4
BRDA:40,7,0,0
BRDA:40,7,1,3
BRDA:40,8,0,3
BRDA:40,8,1,3
BRDA:44,9,0,0
BRDA:44,9,1,3
BRDA:44,10,0,3
BRDA:44,10,1,3
BRDA:48,11,0,0
BRDA:48,11,1,3
BRDA:48,12,0,3
BRDA:48,12,1,3
BRDA:48,12,2,3
BRDA:72,13,0,1
BRDA:72,13,1,1
BRDA:72,13,2,1
BRF:32
BRH:29
end_of_record
TN:
SF:validators/oneRMValidator.js
FN:10,(anonymous_0)
FN:40,(anonymous_1)
FN:53,(anonymous_2)
FN:66,(anonymous_3)
FNF:4
FNH:4
FNDA:8,(anonymous_0)
FNDA:6,(anonymous_1)
FNDA:5,(anonymous_2)
FNDA:4,(anonymous_3)
DA:10,2
DA:11,8
DA:13,8
DA:14,2
DA:20,6
DA:21,1
DA:24,5
DA:25,1
DA:28,4
DA:29,1
DA:32,3
DA:40,2
DA:42,6
DA:53,2
DA:55,5
DA:66,2
DA:67,4
DA:70,2
LF:18
LH:18
BRDA:13,0,0,2
BRDA:13,0,1,6
BRDA:13,1,0,8
BRDA:13,1,1,6
BRDA:13,1,2,6
BRDA:13,1,3,6
BRDA:13,1,4,6
BRDA:20,2,0,1
BRDA:20,2,1,5
BRDA:24,3,0,1
BRDA:24,3,1,4
BRDA:28,4,0,1
BRDA:28,4,1,3
BRDA:43,5,0,6
BRDA:43,5,1,6
BRDA:56,6,0,5
BRDA:56,6,1,5
BRDA:67,7,0,4
BRDA:67,7,1,4
BRF:19
BRH:19
end_of_record
TN:
SF:validators/wodCrossFitValidator.js
FN:19,(anonymous_0)
FN:53,(anonymous_1)
FN:66,(anonymous_2)
FN:75,(anonymous_3)
FN:84,(anonymous_4)
FN:93,(anonymous_5)
FNF:6
FNH:5
FNDA:11,(anonymous_0)
FNDA:9,(anonymous_1)
FNDA:7,(anonymous_2)
FNDA:5,(anonymous_3)
FNDA:3,(anonymous_4)
FNDA:0,(anonymous_5)
DA:6,2
DA:12,2
DA:19,2
DA:20,11
DA:22,11
DA:23,2
DA:29,9
DA:30,2
DA:33,7
DA:34,2
DA:37,5
DA:38,2
DA:41,3
DA:42,0
DA:45,3
DA:53,2
DA:55,9
DA:66,2
DA:67,7
DA:75,2
DA:76,5
DA:84,2
DA:85,3
DA:93,2
DA:94,0
DA:95,0
DA:98,2
LF:27
LH:24
BRDA:22,0,0,2
BRDA:22,0,1,9
BRDA:22,1,0,11
BRDA:22,1,1,10
BRDA:22,1,2,9
BRDA:22,1,3,9
BRDA:29,2,0,2
BRDA:29,2,1,7
BRDA:33,3,0,2
BRDA:33,3,1,5
BRDA:37,4,0,2
BRDA:37,4,1,3
BRDA:41,5,0,0
BRDA:41,5,1,3
BRDA:56,6,0,9
BRDA:56,6,1,9
BRDA:85,7,0,3
BRDA:85,7,1,3
BRDA:94,8,0,0
BRDA:94,8,1,0
BRDA:95,9,0,0
BRDA:95,9,1,0
BRF:22
BRH:17
end_of_record
